[ 2018-04-20T09:56:36+08:00 ] 58.56.25.158 /index.php/Home/Index/isexam
INFO: [ app_begin ] --START--
INFO: Run Behavior\ReadHtmlCacheBehavior [ RunTime:0.000403s ]
INFO: [ app_begin ] --END-- [ RunTime:0.000750s ]
NOTIC: [8] Use of undefined constant POST - assumed 'POST' /home/wwwroot/tp3.2.3/Application/Home/Controller/IndexController.class.php 第 148 行.
SQL: SHOW COLUMNS FROM `user` [ RunTime:0.0006s ]
SQL: UPDATE `user` SET `isexam`='1' WHERE ( uid = 138 ) [ RunTime:0.0081s ]

[ 2018-04-20T10:32:57+08:00 ] 58.56.25.158 /index.php/Home/Index/isexam
INFO: [ app_begin ] --START--
INFO: Run Behavior\ReadHtmlCacheBehavior [ RunTime:0.000493s ]
INFO: [ app_begin ] --END-- [ RunTime:0.000872s ]
NOTIC: [8] Use of undefined constant POST - assumed 'POST' /home/wwwroot/tp3.2.3/Application/Home/Controller/IndexController.class.php 第 148 行.
SQL: SHOW COLUMNS FROM `user` [ RunTime:0.0006s ]
SQL: UPDATE `user` SET `isexam`='0' WHERE ( uid = 138 ) [ RunTime:0.0083s ]

[ 2018-04-20T14:52:32+08:00 ] 58.56.25.158 /index.php/Home/Index/isexam
INFO: [ app_begin ] --START--
INFO: Run Behavior\ReadHtmlCacheBehavior [ RunTime:0.000502s ]
INFO: [ app_begin ] --END-- [ RunTime:0.000757s ]
NOTIC: [8] Use of undefined constant POST - assumed 'POST' /home/wwwroot/tp3.2.3/Application/Home/Controller/IndexController.class.php 第 148 行.
SQL: SHOW COLUMNS FROM `user` [ RunTime:0.0008s ]
SQL: UPDATE `user` SET `isexam`='1' WHERE ( uid = 78 ) [ RunTime:0.0066s ]

