[ 2018-04-26T14:06:14+08:00 ] 58.59.0.246 /index.php/Home/Index/isexam
INFO: [ app_begin ] --START--
INFO: Run Behavior\ReadHtmlCacheBehavior [ RunTime:0.000420s ]
INFO: [ app_begin ] --END-- [ RunTime:0.000826s ]
NOTIC: [8] Use of undefined constant POST - assumed 'POST' /home/wwwroot/tp3.2.3/Application/Home/Controller/IndexController.class.php 第 148 行.
SQL: SHOW COLUMNS FROM `user` [ RunTime:0.0009s ]
SQL: UPDATE `user` SET `isexam`='1' WHERE ( uid = 141 ) [ RunTime:0.0075s ]

[ 2018-04-26T14:30:01+08:00 ] 58.59.0.246 /index.php/Home/Index/isexam
INFO: [ app_begin ] --START--
INFO: Run Behavior\ReadHtmlCacheBehavior [ RunTime:0.000379s ]
INFO: [ app_begin ] --END-- [ RunTime:0.000668s ]
NOTIC: [8] Use of undefined constant POST - assumed 'POST' /home/wwwroot/tp3.2.3/Application/Home/Controller/IndexController.class.php 第 148 行.
SQL: SHOW COLUMNS FROM `user` [ RunTime:0.0007s ]
SQL: UPDATE `user` SET `isexam`='0' WHERE ( uid = 141 ) [ RunTime:0.0107s ]

[ 2018-04-26T14:30:29+08:00 ] 58.59.0.246 /index.php/Home/Index/isexam
INFO: [ app_begin ] --START--
INFO: Run Behavior\ReadHtmlCacheBehavior [ RunTime:0.000344s ]
INFO: [ app_begin ] --END-- [ RunTime:0.000662s ]
NOTIC: [8] Use of undefined constant POST - assumed 'POST' /home/wwwroot/tp3.2.3/Application/Home/Controller/IndexController.class.php 第 148 行.
SQL: SHOW COLUMNS FROM `user` [ RunTime:0.0007s ]
SQL: UPDATE `user` SET `isexam`='0' WHERE ( uid = 141 ) [ RunTime:0.0062s ]

[ 2018-04-26T14:30:44+08:00 ] 58.59.0.246 /index.php/Home/Index/isexam
INFO: [ app_begin ] --START--
INFO: Run Behavior\ReadHtmlCacheBehavior [ RunTime:0.000384s ]
INFO: [ app_begin ] --END-- [ RunTime:0.000656s ]
NOTIC: [8] Use of undefined constant POST - assumed 'POST' /home/wwwroot/tp3.2.3/Application/Home/Controller/IndexController.class.php 第 148 行.
SQL: SHOW COLUMNS FROM `user` [ RunTime:0.0006s ]
SQL: UPDATE `user` SET `isexam`='1' WHERE ( uid = 141 ) [ RunTime:0.0084s ]

[ 2018-04-26T14:31:10+08:00 ] 58.59.0.246 /index.php/Home/Index/isexam
INFO: [ app_begin ] --START--
INFO: Run Behavior\ReadHtmlCacheBehavior [ RunTime:0.000405s ]
INFO: [ app_begin ] --END-- [ RunTime:0.000677s ]
NOTIC: [8] Use of undefined constant POST - assumed 'POST' /home/wwwroot/tp3.2.3/Application/Home/Controller/IndexController.class.php 第 148 行.
SQL: SHOW COLUMNS FROM `user` [ RunTime:0.0006s ]
SQL: UPDATE `user` SET `isexam`='0' WHERE ( uid = 141 ) [ RunTime:0.0084s ]

[ 2018-04-26T14:31:16+08:00 ] 58.59.0.246 /index.php/Home/Index/isexam
INFO: [ app_begin ] --START--
INFO: Run Behavior\ReadHtmlCacheBehavior [ RunTime:0.000388s ]
INFO: [ app_begin ] --END-- [ RunTime:0.000659s ]
NOTIC: [8] Use of undefined constant POST - assumed 'POST' /home/wwwroot/tp3.2.3/Application/Home/Controller/IndexController.class.php 第 148 行.
SQL: SHOW COLUMNS FROM `user` [ RunTime:0.0006s ]
SQL: UPDATE `user` SET `isexam`='0' WHERE ( uid = 141 ) [ RunTime:0.0079s ]

[ 2018-04-26T14:41:59+08:00 ] 58.59.0.246 /index.php/Home/Index/isexam
INFO: [ app_begin ] --START--
INFO: Run Behavior\ReadHtmlCacheBehavior [ RunTime:0.000512s ]
INFO: [ app_begin ] --END-- [ RunTime:0.000816s ]
NOTIC: [8] Use of undefined constant POST - assumed 'POST' /home/wwwroot/tp3.2.3/Application/Home/Controller/IndexController.class.php 第 148 行.
SQL: SHOW COLUMNS FROM `user` [ RunTime:0.0007s ]
SQL: UPDATE `user` SET `isexam`='1' WHERE ( uid = 140 ) [ RunTime:0.0064s ]

[ 2018-04-26T15:17:47+08:00 ] 58.59.0.246 /index.php/Home/Index/isexam
INFO: [ app_begin ] --START--
INFO: Run Behavior\ReadHtmlCacheBehavior [ RunTime:0.000452s ]
INFO: [ app_begin ] --END-- [ RunTime:0.000718s ]
NOTIC: [8] Use of undefined constant POST - assumed 'POST' /home/wwwroot/tp3.2.3/Application/Home/Controller/IndexController.class.php 第 148 行.
SQL: SHOW COLUMNS FROM `user` [ RunTime:0.0007s ]
SQL: UPDATE `user` SET `isexam`='0' WHERE ( uid = 140 ) [ RunTime:0.0065s ]

[ 2018-04-26T16:01:59+08:00 ] 58.59.0.246 /index.php/Home/Index/isexam
INFO: [ app_begin ] --START--
INFO: Run Behavior\ReadHtmlCacheBehavior [ RunTime:0.000588s ]
INFO: [ app_begin ] --END-- [ RunTime:0.000888s ]
NOTIC: [8] Use of undefined constant POST - assumed 'POST' /home/wwwroot/tp3.2.3/Application/Home/Controller/IndexController.class.php 第 148 行.
SQL: SHOW COLUMNS FROM `user` [ RunTime:0.0007s ]
ERR: 1064:You have an error in your SQL syntax; check the manual that corresponds to your MySQL server version for the right syntax to use near ')' at line 1
 [ SQL语句 ] : UPDATE `user` SET `isexam`='1' WHERE ( uid =  )
ERR: 1064:You have an error in your SQL syntax; check the manual that corresponds to your MySQL server version for the right syntax to use near ')' at line 1
 [ SQL语句 ] : UPDATE `user` SET `isexam`='1' WHERE ( uid =  )

