[ 2018-04-16T13:54:08+08:00 ] 58.56.25.158 /index.php/Home/Index/isexam
INFO: [ app_begin ] --START--
INFO: Run Behavior\ReadHtmlCacheBehavior [ RunTime:0.000416s ]
INFO: [ app_begin ] --END-- [ RunTime:0.000671s ]
NOTIC: [8] Use of undefined constant POST - assumed 'POST' /home/wwwroot/tp3.2.3/Application/Home/Controller/IndexController.class.php 第 148 行.
SQL: SHOW COLUMNS FROM `user` [ RunTime:0.0007s ]
SQL: UPDATE `user` SET `isexam`='1' WHERE ( uid = 127 ) [ RunTime:0.0070s ]

[ 2018-04-16T14:00:19+08:00 ] 58.59.0.246 /index.php/Home/Index/isexam
INFO: [ app_begin ] --START--
INFO: Run Behavior\ReadHtmlCacheBehavior [ RunTime:0.000376s ]
INFO: [ app_begin ] --END-- [ RunTime:0.000721s ]
NOTIC: [8] Use of undefined constant POST - assumed 'POST' /home/wwwroot/tp3.2.3/Application/Home/Controller/IndexController.class.php 第 148 行.
SQL: SHOW COLUMNS FROM `user` [ RunTime:0.0007s ]
SQL: UPDATE `user` SET `isexam`='1' WHERE ( uid = 134 ) [ RunTime:0.0083s ]

[ 2018-04-16T14:00:22+08:00 ] 58.59.0.246 /index.php/Home/Index/isexam
INFO: [ app_begin ] --START--
INFO: Run Behavior\ReadHtmlCacheBehavior [ RunTime:0.000461s ]
INFO: [ app_begin ] --END-- [ RunTime:0.000748s ]
NOTIC: [8] Use of undefined constant POST - assumed 'POST' /home/wwwroot/tp3.2.3/Application/Home/Controller/IndexController.class.php 第 148 行.
SQL: SHOW COLUMNS FROM `user` [ RunTime:0.0006s ]
SQL: UPDATE `user` SET `isexam`='1' WHERE ( uid = 136 ) [ RunTime:0.0075s ]

[ 2018-04-16T14:00:24+08:00 ] 58.59.0.246 /index.php/Home/Index/isexam
INFO: [ app_begin ] --START--
INFO: Run Behavior\ReadHtmlCacheBehavior [ RunTime:0.000426s ]
INFO: [ app_begin ] --END-- [ RunTime:0.000737s ]
NOTIC: [8] Use of undefined constant POST - assumed 'POST' /home/wwwroot/tp3.2.3/Application/Home/Controller/IndexController.class.php 第 148 行.
SQL: SHOW COLUMNS FROM `user` [ RunTime:0.0007s ]
SQL: UPDATE `user` SET `isexam`='1' WHERE ( uid = 133 ) [ RunTime:0.0081s ]

[ 2018-04-16T14:00:33+08:00 ] 58.59.0.246 /index.php/Home/Index/isexam
INFO: [ app_begin ] --START--
INFO: Run Behavior\ReadHtmlCacheBehavior [ RunTime:0.000482s ]
INFO: [ app_begin ] --END-- [ RunTime:0.000767s ]
NOTIC: [8] Use of undefined constant POST - assumed 'POST' /home/wwwroot/tp3.2.3/Application/Home/Controller/IndexController.class.php 第 148 行.
SQL: SHOW COLUMNS FROM `user` [ RunTime:0.0006s ]
SQL: UPDATE `user` SET `isexam`='1' WHERE ( uid = 137 ) [ RunTime:0.0535s ]

[ 2018-04-16T14:00:39+08:00 ] 58.59.0.246 /index.php/Home/Index/isexam
INFO: [ app_begin ] --START--
INFO: Run Behavior\ReadHtmlCacheBehavior [ RunTime:0.000374s ]
INFO: [ app_begin ] --END-- [ RunTime:0.000624s ]
NOTIC: [8] Use of undefined constant POST - assumed 'POST' /home/wwwroot/tp3.2.3/Application/Home/Controller/IndexController.class.php 第 148 行.
SQL: SHOW COLUMNS FROM `user` [ RunTime:0.0006s ]
SQL: UPDATE `user` SET `isexam`='1' WHERE ( uid = 135 ) [ RunTime:0.0066s ]

[ 2018-04-16T14:13:45+08:00 ] 58.59.0.246 /index.php/Home/Index/isexam
INFO: [ app_begin ] --START--
INFO: Run Behavior\ReadHtmlCacheBehavior [ RunTime:0.000363s ]
INFO: [ app_begin ] --END-- [ RunTime:0.000638s ]
NOTIC: [8] Use of undefined constant POST - assumed 'POST' /home/wwwroot/tp3.2.3/Application/Home/Controller/IndexController.class.php 第 148 行.
SQL: SHOW COLUMNS FROM `user` [ RunTime:0.0006s ]
SQL: UPDATE `user` SET `isexam`='1' WHERE ( uid = 130 ) [ RunTime:0.0100s ]

[ 2018-04-16T14:30:55+08:00 ] 58.56.25.158 /index.php/Home/Index/isexam
INFO: [ app_begin ] --START--
INFO: Run Behavior\ReadHtmlCacheBehavior [ RunTime:0.000374s ]
INFO: [ app_begin ] --END-- [ RunTime:0.000650s ]
NOTIC: [8] Use of undefined constant POST - assumed 'POST' /home/wwwroot/tp3.2.3/Application/Home/Controller/IndexController.class.php 第 148 行.
SQL: SHOW COLUMNS FROM `user` [ RunTime:0.0007s ]
SQL: UPDATE `user` SET `isexam`='0' WHERE ( uid = 127 ) [ RunTime:0.0066s ]

[ 2018-04-16T14:41:51+08:00 ] 58.59.0.246 /index.php/Home/Index/isexam
INFO: [ app_begin ] --START--
INFO: Run Behavior\ReadHtmlCacheBehavior [ RunTime:0.000344s ]
INFO: [ app_begin ] --END-- [ RunTime:0.000601s ]
NOTIC: [8] Use of undefined constant POST - assumed 'POST' /home/wwwroot/tp3.2.3/Application/Home/Controller/IndexController.class.php 第 148 行.
SQL: SHOW COLUMNS FROM `user` [ RunTime:0.0007s ]
SQL: UPDATE `user` SET `isexam`='0' WHERE ( uid = 137 ) [ RunTime:0.0078s ]

[ 2018-04-16T14:45:39+08:00 ] 58.59.0.246 /index.php/Home/Index/isexam
INFO: [ app_begin ] --START--
INFO: Run Behavior\ReadHtmlCacheBehavior [ RunTime:0.000487s ]
INFO: [ app_begin ] --END-- [ RunTime:0.000760s ]
NOTIC: [8] Use of undefined constant POST - assumed 'POST' /home/wwwroot/tp3.2.3/Application/Home/Controller/IndexController.class.php 第 148 行.
SQL: SHOW COLUMNS FROM `user` [ RunTime:0.0007s ]
SQL: UPDATE `user` SET `isexam`='1' WHERE ( uid = 129 ) [ RunTime:0.0075s ]

[ 2018-04-16T14:45:59+08:00 ] 58.59.0.246 /index.php/Home/Index/isexam
INFO: [ app_begin ] --START--
INFO: Run Behavior\ReadHtmlCacheBehavior [ RunTime:0.000427s ]
INFO: [ app_begin ] --END-- [ RunTime:0.000721s ]
NOTIC: [8] Use of undefined constant POST - assumed 'POST' /home/wwwroot/tp3.2.3/Application/Home/Controller/IndexController.class.php 第 148 行.
SQL: SHOW COLUMNS FROM `user` [ RunTime:0.0006s ]
SQL: UPDATE `user` SET `isexam`='0' WHERE ( uid = 134 ) [ RunTime:0.0087s ]

[ 2018-04-16T14:46:18+08:00 ] 58.59.0.246 /index.php/Home/Index/isexam
INFO: [ app_begin ] --START--
INFO: Run Behavior\ReadHtmlCacheBehavior [ RunTime:0.000339s ]
INFO: [ app_begin ] --END-- [ RunTime:0.000697s ]
NOTIC: [8] Use of undefined constant POST - assumed 'POST' /home/wwwroot/tp3.2.3/Application/Home/Controller/IndexController.class.php 第 148 行.
SQL: SHOW COLUMNS FROM `user` [ RunTime:0.0006s ]
SQL: UPDATE `user` SET `isexam`='1' WHERE ( uid = 134 ) [ RunTime:0.0177s ]

[ 2018-04-16T14:47:01+08:00 ] 58.59.0.246 /index.php/Home/Index/isexam
INFO: [ app_begin ] --START--
INFO: Run Behavior\ReadHtmlCacheBehavior [ RunTime:0.000339s ]
INFO: [ app_begin ] --END-- [ RunTime:0.000588s ]
NOTIC: [8] Use of undefined constant POST - assumed 'POST' /home/wwwroot/tp3.2.3/Application/Home/Controller/IndexController.class.php 第 148 行.
SQL: SHOW COLUMNS FROM `user` [ RunTime:0.0006s ]
SQL: UPDATE `user` SET `isexam`='0' WHERE ( uid = 135 ) [ RunTime:0.0069s ]

[ 2018-04-16T14:47:31+08:00 ] 58.59.0.246 /index.php/Home/Index/isexam
INFO: [ app_begin ] --START--
INFO: Run Behavior\ReadHtmlCacheBehavior [ RunTime:0.000412s ]
INFO: [ app_begin ] --END-- [ RunTime:0.000704s ]
NOTIC: [8] Use of undefined constant POST - assumed 'POST' /home/wwwroot/tp3.2.3/Application/Home/Controller/IndexController.class.php 第 148 行.
SQL: SHOW COLUMNS FROM `user` [ RunTime:0.0006s ]
SQL: UPDATE `user` SET `isexam`='0' WHERE ( uid = 136 ) [ RunTime:0.0081s ]

[ 2018-04-16T14:47:53+08:00 ] 58.59.0.246 /index.php/Home/Index/isexam
INFO: [ app_begin ] --START--
INFO: Run Behavior\ReadHtmlCacheBehavior [ RunTime:0.000511s ]
INFO: [ app_begin ] --END-- [ RunTime:0.000844s ]
NOTIC: [8] Use of undefined constant POST - assumed 'POST' /home/wwwroot/tp3.2.3/Application/Home/Controller/IndexController.class.php 第 148 行.
SQL: SHOW COLUMNS FROM `user` [ RunTime:0.0006s ]
SQL: UPDATE `user` SET `isexam`='0' WHERE ( uid = 133 ) [ RunTime:0.0079s ]

[ 2018-04-16T14:50:09+08:00 ] 58.59.0.246 /index.php/Home/Index/isexam
INFO: [ app_begin ] --START--
INFO: Run Behavior\ReadHtmlCacheBehavior [ RunTime:0.000343s ]
INFO: [ app_begin ] --END-- [ RunTime:0.000680s ]
NOTIC: [8] Use of undefined constant POST - assumed 'POST' /home/wwwroot/tp3.2.3/Application/Home/Controller/IndexController.class.php 第 148 行.
SQL: SHOW COLUMNS FROM `user` [ RunTime:0.0007s ]
ERR: 1064:You have an error in your SQL syntax; check the manual that corresponds to your MySQL server version for the right syntax to use near ')' at line 1
 [ SQL语句 ] : UPDATE `user` SET `isexam`='0' WHERE ( uid =  )
ERR: 1064:You have an error in your SQL syntax; check the manual that corresponds to your MySQL server version for the right syntax to use near ')' at line 1
 [ SQL语句 ] : UPDATE `user` SET `isexam`='0' WHERE ( uid =  )

[ 2018-04-16T14:50:30+08:00 ] 58.59.0.246 /index.php/Home/Index/isexam
INFO: [ app_begin ] --START--
INFO: Run Behavior\ReadHtmlCacheBehavior [ RunTime:0.000378s ]
INFO: [ app_begin ] --END-- [ RunTime:0.000668s ]
NOTIC: [8] Use of undefined constant POST - assumed 'POST' /home/wwwroot/tp3.2.3/Application/Home/Controller/IndexController.class.php 第 148 行.
SQL: SHOW COLUMNS FROM `user` [ RunTime:0.0006s ]
ERR: 1064:You have an error in your SQL syntax; check the manual that corresponds to your MySQL server version for the right syntax to use near ')' at line 1
 [ SQL语句 ] : UPDATE `user` SET `isexam`='1' WHERE ( uid =  )
ERR: 1064:You have an error in your SQL syntax; check the manual that corresponds to your MySQL server version for the right syntax to use near ')' at line 1
 [ SQL语句 ] : UPDATE `user` SET `isexam`='1' WHERE ( uid =  )

[ 2018-04-16T14:50:32+08:00 ] 58.59.0.246 /index.php/Home/Index/isexam
INFO: [ app_begin ] --START--
INFO: Run Behavior\ReadHtmlCacheBehavior [ RunTime:0.000373s ]
INFO: [ app_begin ] --END-- [ RunTime:0.000714s ]
NOTIC: [8] Use of undefined constant POST - assumed 'POST' /home/wwwroot/tp3.2.3/Application/Home/Controller/IndexController.class.php 第 148 行.
SQL: SHOW COLUMNS FROM `user` [ RunTime:0.0007s ]
ERR: 1064:You have an error in your SQL syntax; check the manual that corresponds to your MySQL server version for the right syntax to use near ')' at line 1
 [ SQL语句 ] : UPDATE `user` SET `isexam`='0' WHERE ( uid =  )
ERR: 1064:You have an error in your SQL syntax; check the manual that corresponds to your MySQL server version for the right syntax to use near ')' at line 1
 [ SQL语句 ] : UPDATE `user` SET `isexam`='0' WHERE ( uid =  )

[ 2018-04-16T14:56:03+08:00 ] 58.59.0.246 /index.php/Home/Index/isexam
INFO: [ app_begin ] --START--
INFO: Run Behavior\ReadHtmlCacheBehavior [ RunTime:0.000344s ]
INFO: [ app_begin ] --END-- [ RunTime:0.000641s ]
NOTIC: [8] Use of undefined constant POST - assumed 'POST' /home/wwwroot/tp3.2.3/Application/Home/Controller/IndexController.class.php 第 148 行.
SQL: SHOW COLUMNS FROM `user` [ RunTime:0.0007s ]
ERR: 1064:You have an error in your SQL syntax; check the manual that corresponds to your MySQL server version for the right syntax to use near ')' at line 1
 [ SQL语句 ] : UPDATE `user` SET `isexam`='1' WHERE ( uid =  )
ERR: 1064:You have an error in your SQL syntax; check the manual that corresponds to your MySQL server version for the right syntax to use near ')' at line 1
 [ SQL语句 ] : UPDATE `user` SET `isexam`='1' WHERE ( uid =  )

[ 2018-04-16T14:56:43+08:00 ] 58.59.0.246 /index.php/Home/Index/isexam
INFO: [ app_begin ] --START--
INFO: Run Behavior\ReadHtmlCacheBehavior [ RunTime:0.000344s ]
INFO: [ app_begin ] --END-- [ RunTime:0.000614s ]
NOTIC: [8] Use of undefined constant POST - assumed 'POST' /home/wwwroot/tp3.2.3/Application/Home/Controller/IndexController.class.php 第 148 行.
SQL: SHOW COLUMNS FROM `user` [ RunTime:0.0006s ]
ERR: 1064:You have an error in your SQL syntax; check the manual that corresponds to your MySQL server version for the right syntax to use near ')' at line 1
 [ SQL语句 ] : UPDATE `user` SET `isexam`='0' WHERE ( uid =  )
ERR: 1064:You have an error in your SQL syntax; check the manual that corresponds to your MySQL server version for the right syntax to use near ')' at line 1
 [ SQL语句 ] : UPDATE `user` SET `isexam`='0' WHERE ( uid =  )

[ 2018-04-16T14:57:01+08:00 ] 58.59.0.246 /index.php/Home/Index/isexam
INFO: [ app_begin ] --START--
INFO: Run Behavior\ReadHtmlCacheBehavior [ RunTime:0.000388s ]
INFO: [ app_begin ] --END-- [ RunTime:0.000677s ]
NOTIC: [8] Use of undefined constant POST - assumed 'POST' /home/wwwroot/tp3.2.3/Application/Home/Controller/IndexController.class.php 第 148 行.
SQL: SHOW COLUMNS FROM `user` [ RunTime:0.0007s ]
ERR: 1064:You have an error in your SQL syntax; check the manual that corresponds to your MySQL server version for the right syntax to use near ')' at line 1
 [ SQL语句 ] : UPDATE `user` SET `isexam`='1' WHERE ( uid =  )
ERR: 1064:You have an error in your SQL syntax; check the manual that corresponds to your MySQL server version for the right syntax to use near ')' at line 1
 [ SQL语句 ] : UPDATE `user` SET `isexam`='1' WHERE ( uid =  )

[ 2018-04-16T14:58:05+08:00 ] 58.59.0.246 /index.php/Home/Index/isexam
INFO: [ app_begin ] --START--
INFO: Run Behavior\ReadHtmlCacheBehavior [ RunTime:0.000362s ]
INFO: [ app_begin ] --END-- [ RunTime:0.000655s ]
NOTIC: [8] Use of undefined constant POST - assumed 'POST' /home/wwwroot/tp3.2.3/Application/Home/Controller/IndexController.class.php 第 148 行.
SQL: SHOW COLUMNS FROM `user` [ RunTime:0.0006s ]
SQL: UPDATE `user` SET `isexam`='0' WHERE ( uid = 129 ) [ RunTime:0.0066s ]

[ 2018-04-16T14:58:32+08:00 ] 58.59.0.246 /index.php/Home/Index/isexam
INFO: [ app_begin ] --START--
INFO: Run Behavior\ReadHtmlCacheBehavior [ RunTime:0.000418s ]
INFO: [ app_begin ] --END-- [ RunTime:0.000778s ]
NOTIC: [8] Use of undefined constant POST - assumed 'POST' /home/wwwroot/tp3.2.3/Application/Home/Controller/IndexController.class.php 第 148 行.
SQL: SHOW COLUMNS FROM `user` [ RunTime:0.0006s ]
SQL: UPDATE `user` SET `isexam`='1' WHERE ( uid = 128 ) [ RunTime:0.0107s ]

[ 2018-04-16T15:03:02+08:00 ] 58.59.0.246 /index.php/Home/Index/isexam
INFO: [ app_begin ] --START--
INFO: Run Behavior\ReadHtmlCacheBehavior [ RunTime:0.000395s ]
INFO: [ app_begin ] --END-- [ RunTime:0.000648s ]
NOTIC: [8] Use of undefined constant POST - assumed 'POST' /home/wwwroot/tp3.2.3/Application/Home/Controller/IndexController.class.php 第 148 行.
SQL: SHOW COLUMNS FROM `user` [ RunTime:0.0006s ]
SQL: UPDATE `user` SET `isexam`='0' WHERE ( uid = 128 ) [ RunTime:0.0140s ]

[ 2018-04-16T15:59:08+08:00 ] 58.59.0.246 /index.php/Home/Index/isexam
INFO: [ app_begin ] --START--
INFO: Run Behavior\ReadHtmlCacheBehavior [ RunTime:0.000423s ]
INFO: [ app_begin ] --END-- [ RunTime:0.000733s ]
NOTIC: [8] Use of undefined constant POST - assumed 'POST' /home/wwwroot/tp3.2.3/Application/Home/Controller/IndexController.class.php 第 148 行.
SQL: SHOW COLUMNS FROM `user` [ RunTime:0.0008s ]
SQL: UPDATE `user` SET `isexam`='1' WHERE ( uid = 130 ) [ RunTime:0.0071s ]

[ 2018-04-16T16:01:30+08:00 ] 58.59.0.246 /index.php/Home/Index/isexam
INFO: [ app_begin ] --START--
INFO: Run Behavior\ReadHtmlCacheBehavior [ RunTime:0.000392s ]
INFO: [ app_begin ] --END-- [ RunTime:0.000694s ]
NOTIC: [8] Use of undefined constant POST - assumed 'POST' /home/wwwroot/tp3.2.3/Application/Home/Controller/IndexController.class.php 第 148 行.
SQL: SHOW COLUMNS FROM `user` [ RunTime:0.0007s ]
SQL: UPDATE `user` SET `isexam`='0' WHERE ( uid = 130 ) [ RunTime:0.0072s ]

