[ 2017-09-19T11:22:21+08:00 ] 101.226.99.197 /index.php/Kefu/Comsys/paperlist
ERR: 1064:You have an error in your SQL syntax; check the manual that corresponds to your MySQL server version for the right syntax to use near ') ) LIMIT 1' at line 1
 [ SQL语句 ] : SELECT COUNT(*) AS tp_count FROM `paper` WHERE ( pid in () ) LIMIT 1  

[ 2017-09-19T11:48:57+08:00 ] 58.56.25.158 /index.php/Kefu/Comsys/addgrade
INFO: [ app_begin ] --START--
INFO: Run Behavior\ReadHtmlCacheBehavior [ RunTime:0.000378s ]
INFO: [ app_begin ] --END-- [ RunTime:0.000613s ]
NOTIC: [8] Use of undefined constant POST - assumed 'POST' /home/wwwroot/tp3.2.3/Application/Kefu/Controller/ComsysController.class.php 第 123 行.
SQL: SHOW COLUMNS FROM `jianda` [ RunTime:0.0005s ]
SQL: INSERT INTO `jianda` (`qid`,`qanswer`) VALUES ('61','第一年：积极学习产品知识，学习掌握相应话术，以至于熟练运用。三个月试用期内，不断总结学习，尽最大可能去达到公司的销售目标，争取拿到更高的底薪。转正后继续保持良好的工作状态，在第一年剩下的时间里平均月工资达到5000以上。
二、三、四年：完全熟悉公司以及公司各个部门工作流程后，也会积极争取晋升名额，积极为公司贡献自己。
第五年：作为公司的老员工，能够及时帮助新员工快速进步，协助领导快速高效的完成公司的任务。') [ RunTime:0.0002s ]
SQL: INSERT INTO `jianda` (`qid`,`qanswer`) VALUES ('62','公司需要的是富有理想、激情的有志青年。需要我们在工作中不断向社会推广我们产品以及服务，让更多有需要的人得到我们的帮助，让更多的人健康与快乐。同时提高公司的知名度，我们与公司一同发展，在当今竞争日渐激烈的社会能够站稳脚跟。') [ RunTime:0.0002s ]
SQL: INSERT INTO `jianda` (`qid`,`qanswer`) VALUES ('63','企业愿景：做全球最好的产品，为健康护航。
核心价值观：团结、高效、诚信、激情。
发展宗旨：让更多的人健康与快乐。以人为本，与员工共发展。') [ RunTime:0.0001s ]
SQL: INSERT INTO `jianda` (`qid`,`qanswer`) VALUES ('64','用印申请单') [ RunTime:0.0001s ]
SQL: INSERT INTO `jianda` (`qid`,`qanswer`) VALUES ('65','加班通知单
轮休或调休') [ RunTime:0.0001s ]
SQL: INSERT INTO `jianda` (`qid`,`qanswer`) VALUES ('73','2%') [ RunTime:0.0001s ]
SQL: INSERT INTO `jianda` (`qid`,`qanswer`) VALUES ('75','济南乐艾生物科技有限公司。
 张丽洁') [ RunTime:0.0001s ]
SQL: INSERT INTO `jianda` (`qid`,`qanswer`) VALUES ('112','') [ RunTime:0.0001s ]
SQL: INSERT INTO `jianda` (`qid`,`qanswer`) VALUES ('113','2
3') [ RunTime:0.0001s ]
SQL: INSERT INTO `jianda` (`qid`,`qanswer`) VALUES ('114','200') [ RunTime:0.0001s ]
SQL: INSERT INTO `jianda` (`qid`,`qanswer`) VALUES ('115','7
200；300；600；800:；2000') [ RunTime:0.0001s ]
SQL: INSERT INTO `jianda` (`qid`,`qanswer`) VALUES ('116','30') [ RunTime:0.0001s ]
SQL: INSERT INTO `jianda` (`qid`,`qanswer`) VALUES ('117','10%') [ RunTime:0.0001s ]
SQL: SHOW COLUMNS FROM `grade` [ RunTime:0.0004s ]
SQL: INSERT INTO `grade` (`group`,`uname`,`filetype`,`pname`,`grade1`,`grade2`,`isgrade2`,`grade`) VALUES ('13','魏铮','1','试题一','36','386,387,388,389,390,391,392,393,394,395,396,397,398','0','36') [ RunTime:0.0002s ]

[ 2017-09-19T11:51:55+08:00 ] 58.56.25.158 /index.php/Kefu/Comsys/addgrade
INFO: [ app_begin ] --START--
INFO: Run Behavior\ReadHtmlCacheBehavior [ RunTime:0.000376s ]
INFO: [ app_begin ] --END-- [ RunTime:0.000615s ]
NOTIC: [8] Use of undefined constant POST - assumed 'POST' /home/wwwroot/tp3.2.3/Application/Kefu/Controller/ComsysController.class.php 第 123 行.
SQL: SHOW COLUMNS FROM `jianda` [ RunTime:0.0005s ]
SQL: INSERT INTO `jianda` (`qid`,`qanswer`) VALUES ('61','我想成为这个领取的专业人士，但我明白这是一个长期的过程，我初步定为三个阶段，第一阶段，从新开始，用一年的时间在我目前的职位上沉淀，熟练掌握操作流程和具体的工作方法， 积累工作经验。第二阶段，我希望用2-3年时间，积累更多的经验，成为一个在专业方面独当一面的人，能独自承担责任，发现问题，解决问题，并形成自己的知识结构体系。第三阶段，能更加深入，成为领域内的一名专业化人士，在工作中能以后创新和发展，能为公司带来更大价值。



') [ RunTime:0.0002s ]
SQL: INSERT INTO `jianda` (`qid`,`qanswer`) VALUES ('62','要尽快的融入团队，学习产品知识，专业知识，提升自己的专业能力，熟练掌握专业技能，提升自己，为公司创造更大价值。') [ RunTime:0.0001s ]
SQL: INSERT INTO `jianda` (`qid`,`qanswer`) VALUES ('63','企业愿景：做全球最好的产品，为健康护航。
企业的核心价值观：团结，高效，诚信，激情。
企业的发展宗旨：让更多的人健康，让更多的人快乐。以人为本，与员工共发展。') [ RunTime:0.0001s ]
SQL: INSERT INTO `jianda` (`qid`,`qanswer`) VALUES ('64','用印申请单') [ RunTime:0.0001s ]
SQL: INSERT INTO `jianda` (`qid`,`qanswer`) VALUES ('65','加班通知单 加班 加点 ') [ RunTime:0.0001s ]
SQL: INSERT INTO `jianda` (`qid`,`qanswer`) VALUES ('73','2%') [ RunTime:0.0001s ]
SQL: INSERT INTO `jianda` (`qid`,`qanswer`) VALUES ('75','济南乐艾生物技术有限公司  张丽洁 ') [ RunTime:0.0001s ]
SQL: INSERT INTO `jianda` (`qid`,`qanswer`) VALUES ('112','公出单') [ RunTime:0.0001s ]
SQL: INSERT INTO `jianda` (`qid`,`qanswer`) VALUES ('113','2  3') [ RunTime:0.0002s ]
SQL: INSERT INTO `jianda` (`qid`,`qanswer`) VALUES ('114','200 ') [ RunTime:0.0001s ]
SQL: INSERT INTO `jianda` (`qid`,`qanswer`) VALUES ('115','7  200  300  600  800  2000') [ RunTime:0.0002s ]
SQL: INSERT INTO `jianda` (`qid`,`qanswer`) VALUES ('116','30 ') [ RunTime:0.0001s ]
SQL: INSERT INTO `jianda` (`qid`,`qanswer`) VALUES ('117','10%') [ RunTime:0.0001s ]
SQL: SHOW COLUMNS FROM `grade` [ RunTime:0.0004s ]
SQL: INSERT INTO `grade` (`group`,`uname`,`filetype`,`pname`,`grade1`,`grade2`,`isgrade2`,`grade`) VALUES ('13','林令强','1','试题一','34','399,400,401,402,403,404,405,406,407,408,409,410,411','0','34') [ RunTime:0.0003s ]

[ 2017-09-19T12:00:16+08:00 ] 106.120.160.109 /index.php/Kefu/Proknowledge/paperlist
ERR: 1064:You have an error in your SQL syntax; check the manual that corresponds to your MySQL server version for the right syntax to use near ') ) LIMIT 1' at line 1
 [ SQL语句 ] : SELECT COUNT(*) AS tp_count FROM `paper` WHERE ( pid in () ) LIMIT 1  

[ 2017-09-19T12:00:17+08:00 ] 182.118.20.150 /index.php/Kefu/Proknowledge/paperlist
ERR: 1064:You have an error in your SQL syntax; check the manual that corresponds to your MySQL server version for the right syntax to use near ') ) LIMIT 1' at line 1
 [ SQL语句 ] : SELECT COUNT(*) AS tp_count FROM `paper` WHERE ( pid in () ) LIMIT 1  

[ 2017-09-19T12:00:17+08:00 ] 182.118.20.157 /index.php/Kefu/Proknowledge/paperlist
ERR: 1064:You have an error in your SQL syntax; check the manual that corresponds to your MySQL server version for the right syntax to use near ') ) LIMIT 1' at line 1
 [ SQL语句 ] : SELECT COUNT(*) AS tp_count FROM `paper` WHERE ( pid in () ) LIMIT 1  

[ 2017-09-19T12:00:31+08:00 ] 106.120.161.68 /index.php/Kefu/Proknowledge/index
ERR: 1064:You have an error in your SQL syntax; check the manual that corresponds to your MySQL server version for the right syntax to use near ') LIMIT 1' at line 1
 [ SQL语句 ] : SELECT COUNT(*) AS tp_count FROM `file` WHERE ( filetype = 2 and `group` =  ) LIMIT 1  

[ 2017-09-19T12:00:31+08:00 ] 182.118.20.157 /index.php/Kefu/Proknowledge/index
ERR: 1064:You have an error in your SQL syntax; check the manual that corresponds to your MySQL server version for the right syntax to use near ') LIMIT 1' at line 1
 [ SQL语句 ] : SELECT COUNT(*) AS tp_count FROM `file` WHERE ( filetype = 2 and `group` =  ) LIMIT 1  

[ 2017-09-19T12:00:32+08:00 ] 171.13.14.152 /index.php/Kefu/Proknowledge/index
ERR: 1064:You have an error in your SQL syntax; check the manual that corresponds to your MySQL server version for the right syntax to use near ') LIMIT 1' at line 1
 [ SQL语句 ] : SELECT COUNT(*) AS tp_count FROM `file` WHERE ( filetype = 2 and `group` =  ) LIMIT 1  

