[ 2017-09-08T13:01:07+08:00 ] 106.120.160.109 /index.php/Kefu/Speechcase/index
ERR: 1064:You have an error in your SQL syntax; check the manual that corresponds to your MySQL server version for the right syntax to use near ') LIMIT 1' at line 1
 [ SQL语句 ] : SELECT COUNT(*) AS tp_count FROM `file` WHERE ( filetype = 4 and `group` =  ) LIMIT 1  

[ 2017-09-08T13:01:07+08:00 ] 171.13.14.146 /index.php/Kefu/Speechcase/index
ERR: 1064:You have an error in your SQL syntax; check the manual that corresponds to your MySQL server version for the right syntax to use near ') LIMIT 1' at line 1
 [ SQL语句 ] : SELECT COUNT(*) AS tp_count FROM `file` WHERE ( filetype = 4 and `group` =  ) LIMIT 1  

[ 2017-09-08T13:01:07+08:00 ] 182.118.20.149 /index.php/Kefu/Speechcase/index
ERR: 1064:You have an error in your SQL syntax; check the manual that corresponds to your MySQL server version for the right syntax to use near ') LIMIT 1' at line 1
 [ SQL语句 ] : SELECT COUNT(*) AS tp_count FROM `file` WHERE ( filetype = 4 and `group` =  ) LIMIT 1  

[ 2017-09-08T13:01:20+08:00 ] 101.199.112.52 /index.php/Kefu/Speechcase/index
ERR: 1064:You have an error in your SQL syntax; check the manual that corresponds to your MySQL server version for the right syntax to use near ') LIMIT 1' at line 1
 [ SQL语句 ] : SELECT COUNT(*) AS tp_count FROM `file` WHERE ( filetype = 4 and `group` =  ) LIMIT 1  

[ 2017-09-08T13:01:20+08:00 ] 101.199.112.52 /index.php/Kefu/Speechcase/index
ERR: 1064:You have an error in your SQL syntax; check the manual that corresponds to your MySQL server version for the right syntax to use near ') LIMIT 1' at line 1
 [ SQL语句 ] : SELECT COUNT(*) AS tp_count FROM `file` WHERE ( filetype = 4 and `group` =  ) LIMIT 1  

[ 2017-09-08T13:01:23+08:00 ] 171.13.14.133 /index.php/Kefu/Speechcase/index
ERR: 1064:You have an error in your SQL syntax; check the manual that corresponds to your MySQL server version for the right syntax to use near ') LIMIT 1' at line 1
 [ SQL语句 ] : SELECT COUNT(*) AS tp_count FROM `file` WHERE ( filetype = 4 and `group` =  ) LIMIT 1  

[ 2017-09-08T13:01:23+08:00 ] 171.13.14.133 /index.php/Kefu/Speechcase/index
ERR: 1064:You have an error in your SQL syntax; check the manual that corresponds to your MySQL server version for the right syntax to use near ') LIMIT 1' at line 1
 [ SQL语句 ] : SELECT COUNT(*) AS tp_count FROM `file` WHERE ( filetype = 4 and `group` =  ) LIMIT 1  

[ 2017-09-08T13:01:26+08:00 ] 171.13.14.133 /index.php/Kefu/Speechcase/index
ERR: 1064:You have an error in your SQL syntax; check the manual that corresponds to your MySQL server version for the right syntax to use near ') LIMIT 1' at line 1
 [ SQL语句 ] : SELECT COUNT(*) AS tp_count FROM `file` WHERE ( filetype = 4 and `group` =  ) LIMIT 1  

[ 2017-09-08T13:01:26+08:00 ] 171.13.14.133 /index.php/Kefu/Speechcase/index
ERR: 1064:You have an error in your SQL syntax; check the manual that corresponds to your MySQL server version for the right syntax to use near ') LIMIT 1' at line 1
 [ SQL语句 ] : SELECT COUNT(*) AS tp_count FROM `file` WHERE ( filetype = 4 and `group` =  ) LIMIT 1  

[ 2017-09-08T14:04:17+08:00 ] 106.120.160.109 /index.php/Kefu/Proknowledge/paperlist
ERR: 1064:You have an error in your SQL syntax; check the manual that corresponds to your MySQL server version for the right syntax to use near ') ) LIMIT 1' at line 1
 [ SQL语句 ] : SELECT COUNT(*) AS tp_count FROM `paper` WHERE ( pid in () ) LIMIT 1  

[ 2017-09-08T14:04:17+08:00 ] 171.13.14.148 /index.php/Kefu/Proknowledge/paperlist
ERR: 1064:You have an error in your SQL syntax; check the manual that corresponds to your MySQL server version for the right syntax to use near ') ) LIMIT 1' at line 1
 [ SQL语句 ] : SELECT COUNT(*) AS tp_count FROM `paper` WHERE ( pid in () ) LIMIT 1  

[ 2017-09-08T14:04:17+08:00 ] 182.118.20.151 /index.php/Kefu/Proknowledge/paperlist
ERR: 1064:You have an error in your SQL syntax; check the manual that corresponds to your MySQL server version for the right syntax to use near ') ) LIMIT 1' at line 1
 [ SQL语句 ] : SELECT COUNT(*) AS tp_count FROM `paper` WHERE ( pid in () ) LIMIT 1  

[ 2017-09-08T14:04:30+08:00 ] 171.13.14.148 /index.php/Kefu/Proknowledge/paperlist
ERR: 1064:You have an error in your SQL syntax; check the manual that corresponds to your MySQL server version for the right syntax to use near ') ) LIMIT 1' at line 1
 [ SQL语句 ] : SELECT COUNT(*) AS tp_count FROM `paper` WHERE ( pid in () ) LIMIT 1  

[ 2017-09-08T14:04:30+08:00 ] 182.118.20.151 /index.php/Kefu/Proknowledge/paperlist
ERR: 1064:You have an error in your SQL syntax; check the manual that corresponds to your MySQL server version for the right syntax to use near ') ) LIMIT 1' at line 1
 [ SQL语句 ] : SELECT COUNT(*) AS tp_count FROM `paper` WHERE ( pid in () ) LIMIT 1  

[ 2017-09-08T14:04:33+08:00 ] 171.13.14.131 /index.php/Kefu/Proknowledge/paperlist
ERR: 1064:You have an error in your SQL syntax; check the manual that corresponds to your MySQL server version for the right syntax to use near ') ) LIMIT 1' at line 1
 [ SQL语句 ] : SELECT COUNT(*) AS tp_count FROM `paper` WHERE ( pid in () ) LIMIT 1  

[ 2017-09-08T14:04:33+08:00 ] 171.13.14.131 /index.php/Kefu/Proknowledge/paperlist
ERR: 1064:You have an error in your SQL syntax; check the manual that corresponds to your MySQL server version for the right syntax to use near ') ) LIMIT 1' at line 1
 [ SQL语句 ] : SELECT COUNT(*) AS tp_count FROM `paper` WHERE ( pid in () ) LIMIT 1  

[ 2017-09-08T16:05:38+08:00 ] 58.59.25.134 /index.php/Kefu/Proknowledge/addgrade
INFO: [ app_begin ] --START--
INFO: Run Behavior\ReadHtmlCacheBehavior [ RunTime:0.000461s ]
INFO: [ app_begin ] --END-- [ RunTime:0.000811s ]
NOTIC: [8] Use of undefined constant POST - assumed 'POST' /home/wwwroot/tp3.2.3/Application/Kefu/Controller/ProknowledgeController.class.php 第 123 行.
SQL: SHOW COLUMNS FROM `jianda` [ RunTime:0.0014s ]
SQL: INSERT INTO `jianda` (`qid`,`qanswer`) VALUES ('100','小儿疝气形成原因：人体菌群失衡，腹壁薄弱，腹内压增高
小儿疝气的症状: 啼哭，咳嗽，便秘，剧烈运动
小儿疝气的症状是因为体内菌群失衡，造成，消化系统减退，出现腹胀，腹壁薄弱，腹内压增高') [ RunTime:0.0005s ]
SQL: INSERT INTO `jianda` (`qid`,`qanswer`) VALUES ('101','1. 影响正常生长发育
2.影响消化系统
3.免疫体力会降低
4.影响生殖泌尿') [ RunTime:0.0002s ]
SQL: INSERT INTO `jianda` (`qid`,`qanswer`) VALUES ('102','1.MRS培养菌群高活性益生菌
2.助利于宝宝自愈力
3.多种益生菌黄金配比配方
4.天然有机成分安全性高') [ RunTime:0.0001s ]
SQL: INSERT INTO `jianda` (`qid`,`qanswer`) VALUES ('103','是美国顶尖的小儿益生菌，是迪斯贝尔旗下的复合益生菌，是针对小儿疝气研发，采用多种益生菌黄金配方，可以帮助调理婴幼儿肠道菌群，改善消化系统，减轻腹胀，增强排空，腹内压增高，其中鼠李糖乳杆菌具有较强的腹壁黏着率，可以增加腹壁厚度与弹性，对小儿疝气修复有显著的效果') [ RunTime:0.0001s ]
SQL: INSERT INTO `jianda` (`qid`,`qanswer`) VALUES ('104','1.罗伊氏乳杆菌
2.鼠李糖乳杆菌
3.天然有机成分') [ RunTime:0.0002s ]
SQL: INSERT INTO `jianda` (`qid`,`qanswer`) VALUES ('105','舒善菌适用于0-5岁 婴幼儿，鞘膜积液跟嵌顿的不可以使用，使用抗生素的儿童，需要先服用抗生素间隔2小时后，在使用舒善菌，使用时注意：1. 吸取0.4ml的舒善菌，每日一剂，饭后半小时服用
                          2.舒善菌可搭配母乳，牛奶，果汁，温水（水温不能高于37°），宝宝食物一起使用
                          3.滴管使用后，需及时清洗，注意卫生
                          4.舒善菌适合存放在37℃ 以下的环境，建议90之内服用。') [ RunTime:0.0002s ]
SQL: INSERT INTO `jianda` (`qid`,`qanswer`) VALUES ('106','亲爱的，这点是可以完全放心的，舒善菌是美国原装进口产品，是母婴研发机构研发，在美国已成功上市15年，通过80多项实验，7000多个随机实验者实验，也是通过美国农业部认证，天然有机成分，不含激素，不含转基因，不含谷蛋白，不含奶制品，等任何过敏原。官方证明是有的哦，亲爱的我给你看下') [ RunTime:0.0001s ]
SQL: INSERT INTO `jianda` (`qid`,`qanswer`) VALUES ('107','亲爱的，你的心情我可以理解哦，都是为了让孩子少受罪哦，我家产品效果是不错的，也是针对小儿疝气研发的，有10万多成功案例，美国宝妈的反馈是最好的证明') [ RunTime:0.0001s ]
SQL: INSERT INTO `jianda` (`qid`,`qanswer`) VALUES ('108','亲爱的，一分钱一分货的哦，价格都是厂家规定，产品是美国原装进口，经过检测跟实验的，价格跟产品是成正比的，给孩子用，当然选择安全有效的产品喽') [ RunTime:0.0002s ]
SQL: INSERT INTO `jianda` (`qid`,`qanswer`) VALUES ('109','亲爱的，我们这边是不可以货到付款的哦，因为我家产品是原装进口产品，需要海关入境，要是货到付款的话，对你对我都是不合适的呢，也会造成很多麻烦，亲你放心就好了，我要是拿钱不发货的话，也不可能做到现在的，都是小本诚意，诚信最重要的，我等你宝宝修复好了，多多给我介绍顾客哦') [ RunTime:0.0001s ]
SQL: INSERT INTO `jianda` (`qid`,`qanswer`) VALUES ('110','亲爱的，是考虑哪方面呐？你的考虑犹豫有可能会让孩子的情况变严重哦，而且你也不想看着孩子难受吧，保守的自愈修复对孩子来说是最好的方法，也是宝妈的首选哦。') [ RunTime:0.0001s ]
SQL: INSERT INTO `jianda` (`qid`,`qanswer`) VALUES ('111','客服：你好，我是小儿疝气研发的孟老师，是有疝气方面的困扰吗？
顾客：是的
客服：孩子多大了？什么时候发现孩子有疝气的呢？
顾客：孩子一岁多了，我是在一个多月前，在孩子洗澡时发现的
客服：大约有多大呢？
顾客：有核桃那么大
客服；恩，那也是蛮大的
客服：孩子最近饮食怎么样？有便秘的现象吗？
顾客：孩子最近不怎么喜欢吃饭，有便秘

顾客：那该怎么办呢？现在孩子还小，不想让他做手术
客服：对的呢，那么小的孩子，手术治疗的话，孩子会很痛苦的，而且手术也是有复发率的哦
顾客：恩恩，我知道，我不想让孩子受罪，那我该怎么办呢？
客服：亲爱的，别担心，孩子的情况呢我了解了，是因为体内菌群失衡导致的哦，会引起腹壁薄弱，腹内压增高，消化系统减退，出现胀气，便秘，建议给孩子尽早修复呢
根据孩子的情况建议使用美国进口的舒善菌，可以帮助孩子自愈修复，使腹壁压降低，腹壁增厚
顾客：我可以看下产品图片吗？
客服；可以的，上图（产品图及功效）
顾客：这样就可以修复疝气？
客服: 是的，产品是针对小儿疝气研发，880元一盒，一个周期是1500元四盒，一盒可以使用25天，15-20天左右有明显改善
顾客：好贵啊
客服：是的，很多顾客在没有给孩子选择这款产品前，都觉得价格有些贵哦，但是给孩子使用产品一段时间后看到一个显著的改善后，都觉得很值得哦。这种保守治疗的方式也是很多宝妈选择的
顾客：可是手术都有可能会复发，你这产品不会吗？
客服：亲爱的，不会的，很多人只知道疝气是因为腹壁薄弱，腹内压增高导致，但是不知道形成疝气的根本原因，是因为体内菌群的失衡哦，咱们把主管因素解决了，疝气问题自然也就不会复发了哦（手术是强行将腹壁拉拢.....）
顾客：毕竟是给孩子用，所以我还是谨慎些比较好，你是哪里的？可以让我看下产品的相关检测报告，或者认证什么的吗?
客服：可以的，我是济南（上产品认证图）
顾客：好的，我看下，一会回复你
客服：15分钟过后    亲，还在关注吗？要及时给孩子修复呢
顾客：在的，我想先关注你一段时间，毕竟我还是有很多顾虑的
客服：亲爱的，我是有什么方面解释的不清楚吗？宝宝的问题要重视起来呢
顾客：我知道，但是我......，就是想先观望下
客服：好的，亲爱的先观望下吧，但是宝宝的情况你要随时注意哦，有问题可以及时咨询我
顾客；好的谢谢
客服：没关系的（表情）') [ RunTime:0.0002s ]
SQL: SHOW COLUMNS FROM `grade` [ RunTime:0.0005s ]
SQL: INSERT INTO `grade` (`group`,`uname`,`filetype`,`pname`,`grade1`,`grade2`,`isgrade2`,`grade`) VALUES ('14','张悦','2','舒善菌基本知识测试','0','132,133,134,135,136,137,138,139,140,141,142,143','0','0') [ RunTime:0.0003s ]

[ 2017-09-08T16:06:04+08:00 ] 58.59.25.134 /index.php/Kefu/Growth/
ERR: 非法操作:index

[ 2017-09-08T16:06:08+08:00 ] 58.59.25.134 /index.php/Kefu/Growth/
ERR: 非法操作:index

[ 2017-09-08T16:17:07+08:00 ] 58.59.25.134 /index.php/Kefu/Proknowledge/index
ERR: 1064:You have an error in your SQL syntax; check the manual that corresponds to your MySQL server version for the right syntax to use near ') LIMIT 1' at line 1
 [ SQL语句 ] : SELECT COUNT(*) AS tp_count FROM `file` WHERE ( filetype = 2 and `group` =  ) LIMIT 1  

[ 2017-09-08T16:17:53+08:00 ] 106.120.161.68 /index.php/Kefu/Proknowledge/index
ERR: 1064:You have an error in your SQL syntax; check the manual that corresponds to your MySQL server version for the right syntax to use near ') LIMIT 1' at line 1
 [ SQL语句 ] : SELECT COUNT(*) AS tp_count FROM `file` WHERE ( filetype = 2 and `group` =  ) LIMIT 1  

[ 2017-09-08T16:17:53+08:00 ] 182.118.20.144 /index.php/Kefu/Proknowledge/index
ERR: 1064:You have an error in your SQL syntax; check the manual that corresponds to your MySQL server version for the right syntax to use near ') LIMIT 1' at line 1
 [ SQL语句 ] : SELECT COUNT(*) AS tp_count FROM `file` WHERE ( filetype = 2 and `group` =  ) LIMIT 1  

[ 2017-09-08T16:17:54+08:00 ] 171.13.14.147 /index.php/Kefu/Proknowledge/index
ERR: 1064:You have an error in your SQL syntax; check the manual that corresponds to your MySQL server version for the right syntax to use near ') LIMIT 1' at line 1
 [ SQL语句 ] : SELECT COUNT(*) AS tp_count FROM `file` WHERE ( filetype = 2 and `group` =  ) LIMIT 1  

[ 2017-09-08T16:18:35+08:00 ] 171.13.14.150 /index.php/Kefu/Proknowledge/index
ERR: 1064:You have an error in your SQL syntax; check the manual that corresponds to your MySQL server version for the right syntax to use near ') LIMIT 1' at line 1
 [ SQL语句 ] : SELECT COUNT(*) AS tp_count FROM `file` WHERE ( filetype = 2 and `group` =  ) LIMIT 1  

[ 2017-09-08T16:19:10+08:00 ] 182.118.20.150 /index.php/Kefu/Proknowledge/index
ERR: 1064:You have an error in your SQL syntax; check the manual that corresponds to your MySQL server version for the right syntax to use near ') LIMIT 1' at line 1
 [ SQL语句 ] : SELECT COUNT(*) AS tp_count FROM `file` WHERE ( filetype = 2 and `group` =  ) LIMIT 1  

[ 2017-09-08T16:43:48+08:00 ] 140.206.161.160 /index.php/Kefu/Proknowledge/index
ERR: 1064:You have an error in your SQL syntax; check the manual that corresponds to your MySQL server version for the right syntax to use near ') LIMIT 1' at line 1
 [ SQL语句 ] : SELECT COUNT(*) AS tp_count FROM `file` WHERE ( filetype = 2 and `group` =  ) LIMIT 1  

[ 2017-09-08T16:44:56+08:00 ] 140.207.185.111 /index.php/Kefu/Speechcase/index
ERR: 1064:You have an error in your SQL syntax; check the manual that corresponds to your MySQL server version for the right syntax to use near ') LIMIT 1' at line 1
 [ SQL语句 ] : SELECT COUNT(*) AS tp_count FROM `file` WHERE ( filetype = 4 and `group` =  ) LIMIT 1  

[ 2017-09-08T16:51:25+08:00 ] 180.163.2.117 /index.php/Kefu/Speechcase/index
ERR: 1064:You have an error in your SQL syntax; check the manual that corresponds to your MySQL server version for the right syntax to use near ') LIMIT 1' at line 1
 [ SQL语句 ] : SELECT COUNT(*) AS tp_count FROM `file` WHERE ( filetype = 4 and `group` =  ) LIMIT 1  

