[ 2017-11-30T12:20:40+08:00 ] 58.59.0.246 /index.php/Kefu/Proknowledge/addgrade
INFO: [ app_begin ] --START--
INFO: Run Behavior\ReadHtmlCacheBehavior [ RunTime:0.000357s ]
INFO: [ app_begin ] --END-- [ RunTime:0.000630s ]
NOTIC: [8] Use of undefined constant POST - assumed 'POST' /home/wwwroot/tp3.2.3/Application/Kefu/Controller/ProknowledgeController.class.php 第 124 行.
SQL: SHOW COLUMNS FROM `jianda` [ RunTime:0.0006s ]
SQL: INSERT INTO `jianda` (`qid`,`qanswer`) VALUES ('76','荨麻疹是机体免疫力降低、抗敏能力不足引起的，遇到外界过敏刺激容易释放大量的炎性物质组胺，就会出现瘙痒、风团等过敏反应形成荨麻疹症状，部分患者可能会出现恶心，呕吐，头痛，头胀，腹痛，腹泻等症状，有的患者还可以出现胸闷，心慌、头晕，患者常常先有皮肤瘙痒的感觉，随后出现许多风团，呈鲜红或苍白色，皮肤色，少数病例也可仅仅出现水肿型红斑。风团大小和形态有很大不同，发作时间也不确定。') [ RunTime:0.0002s ]
SQL: INSERT INTO `jianda` (`qid`,`qanswer`) VALUES ('77','荨麻疹有 血清性荨麻疹，接触性荨麻疹，人工性荨麻疹，蛋白胨性荨麻疹，寒冷性荨麻疹，胆碱能性荨麻疹，热性荨麻疹，日光性荨麻疹，遗传性荨麻疹，肾上腺素能性荨麻疹，压迫型荨麻疹，运动型荨麻疹，水源性荨麻疹。') [ RunTime:0.0001s ]
SQL: INSERT INTO `jianda` (`qid`,`qanswer`) VALUES ('78',' 抗组胺类药物
肝肾还有损害。激素类药物如：外用的皮炎平、皮康王、皮康霜、去炎松、派瑞松、氟轻松（肤轻松）、特别是对这些皮肤病所引起的瘙痒，有一定的止痒作用。有些人把激素当成治疗皮肤病的万能药，稍有一些不适（尤其是面部），就自选含有激素的药物外涂。结果却诱发了另人烦恼的并发症。有些感染性皮肤病，外用了这类药物不但无效，还会使局部抵抗力降低，令病情加重，根本不治本
') [ RunTime:0.0002s ]
SQL: INSERT INTO `jianda` (`qid`,`qanswer`) VALUES ('79','5-75周岁儿童及成人使用，5-10岁 刺破胶囊外壁  混入食物中服用
10岁以上  直接服用 
每天3次  每次2粒  饭前饭后30分钟内服用
如患者有在服用它药物  间隔1小时左右服用，
如果患者有在服用抗组胺药物，不要马上让患者停掉，可以和维安喜胶囊同时服用，后期逐步减量直到康复停止，问患者有无其他病史心脏病 如有严重器官性疾病者，禁止服用
维安喜一瓶180粒，每天6粒，可使用30天。维安喜应保存在阴凉，干燥，通风处，开瓶后90天内服用完毕，
产品的优势：（1）原料致胜 品质最高 （2）100%纯天然提取 安全无副 （3） 、GMP生产  FDA认证（4）
三倍强度 高效持久




') [ RunTime:0.0001s ]
SQL: INSERT INTO `jianda` (`qid`,`qanswer`) VALUES ('80','维安喜超黑醋栗过敏胶囊由美国维安喜公司研发，专为荨麻疹人群研制，其中黑醋栗过敏胶囊是该公司专项研发7年的成熟产品，已经上市11年，作为纯植物抗敏的领导者，受到众多过敏人士的认可，除γ亚麻酸（GLA）外，黑醋栗油还含有丰富
的欧米伽3脂肪酸SDA和ALA，三大脂肪酸黄
金配比，强化人体免疫系统，根源增强人体
抗敏能力，即使再次遇到过敏原也不会反复
发作
') [ RunTime:0.0201s ]
SQL: INSERT INTO `jianda` (`qid`,`qanswer`) VALUES ('81','问客户是考虑价格 还是效果，价格解释 价格和效果成正比的，醋栗过敏胶囊是该公司专项研发7年的成熟产品，已经上市11年，作为纯植物抗敏的领导者，受到众多过敏人士的认可，现已被60多个国家引进了 老师治愈了上万个患者。') [ RunTime:0.0002s ]
SQL: INSERT INTO `jianda` (`qid`,`qanswer`) VALUES ('82','老师手机号都是微信号 都是实名认证的 你给老师转账 老师微信都有记录的，海关发货需要支付全款的，') [ RunTime:0.0002s ]
SQL: INSERT INTO `jianda` (`qid`,`qanswer`) VALUES ('83','  维安喜是针对过敏性人群研发的一种药，黑醋栗过敏胶囊是该公司专项研发7年的成熟产品，已经上市11年，作为纯植物抗敏的领导者，受到众多过敏人士的认可，现已被60多个国家引进，2012年进入中国后也受到了华人的肯定和好评，影响力遍布全球。') [ RunTime:0.0001s ]
SQL: INSERT INTO `jianda` (`qid`,`qanswer`) VALUES ('84','老师：你好，我是艾老师，患者：嗯。老师：是有荨麻疹的问题咨询吗？ ；老师：是本人有荨麻疹吗：老师：多大年龄 性别。患者：53。 老师：遇冷遇热有出疹吗？一般热的时候多，老师：集中那个位置。患者：手臂。老师;出疹比较多的，患者：开始运动后发病，现在无缘无故起。老师：这是荨麻疹长期反复发作得不到好的调理而加重了，平时饮食规律吗？作息时间，工作压力大吗，患者：11点睡觉 ，老师：荨麻疹还是要尽快调理，你现在已经发展为慢性，拖一天增加一份调理难度，反复发作调理难度会加大。患者;那怎么办老师。老师：荨麻疹要尽快治疗，后期反复发作治疗后期更大，患者： 有什么方面吗老师。老师：调理期间除了避免接触辛辣刺激，海鲜油腻等过敏原，关键还需要从根源提高免疫力，扭转易过敏体质，才能调理好荨麻疹，患者：怎么治；老师：像你的情况可以使用维安喜黑醋栗过敏胶囊调理好的，已经临床十一年，美国90%以上的公立医院推荐，从根源扭转易过敏体质，效果反馈非常好，老师这里已经康复了几万例荨麻疹患者。患者：多少钱。老师老师：一周期是两个月用量，瘙痒、风团等发作频率和面积逐渐减少至消失，价格是2200元，两个周期是巩固装，根源增强人体免疫力，扭转过敏体质，价格是4200元，还是很划算的。患者：考虑一下。老师：问客户是考虑价格 还是效果，价格解释 价格和效果成正比的，醋栗过敏胶囊是该公司专项研发7年的成熟产品，已经上市11年，作为纯植物抗敏的领导者，受到众多过敏人士的认可，现已被60多个国家引进了 老师治愈了上万个患者。患者：好的 稍后 转账') [ RunTime:0.0001s ]
SQL: INSERT INTO `jianda` (`qid`,`qanswer`) VALUES ('138','1瓶 1200. 2瓶2400 3瓶3600. 4瓶4600，5瓶5600 6瓶6600') [ RunTime:0.0001s ]
SQL: SHOW COLUMNS FROM `grade` [ RunTime:0.0005s ]
SQL: INSERT INTO `grade` (`group`,`uname`,`filetype`,`pname`,`grade1`,`grade2`,`isgrade2`,`grade`) VALUES ('12','王巧梅','2','维安喜基础知识测试','0','1236,1237,1238,1239,1240,1241,1242,1243,1244,1245','0','0') [ RunTime:0.0002s ]

