[ 2017-10-23T11:39:09+08:00 ] 58.56.25.158 /index.php/Kefu/Proknowledge/addgrade
INFO: [ app_begin ] --START--
INFO: Run Behavior\ReadHtmlCacheBehavior [ RunTime:0.003317s ]
INFO: [ app_begin ] --END-- [ RunTime:0.003545s ]
NOTIC: [8] Use of undefined constant POST - assumed 'POST' /home/wwwroot/tp3.2.3/Application/Kefu/Controller/ProknowledgeController.class.php 第 124 行.
SQL: SHOW COLUMNS FROM `jianda` [ RunTime:0.0103s ]
SQL: INSERT INTO `jianda` (`qid`,`qanswer`) VALUES ('128','1200  2000   2700   3400   复购2550') [ RunTime:0.0270s ]
SQL: INSERT INTO `jianda` (`qid`,`qanswer`) VALUES ('129','酒糟鼻1 内分泌紊乱是主要原因  2  在皮脂溢出 油脂分泌旺盛的前提下') [ RunTime:0.0002s ]
SQL: INSERT INTO `jianda` (`qid`,`qanswer`) VALUES ('130','1红斑期；鼻部潮红 毛孔粗大 大量黑头 皮肤油腻发亮 少数伴有持续瘙痒 灼热 疼痛感。
2丘疹脓疱期；在初期基础上 出现脓包 凹凸不平 皮肤表面有痘痘 丘疹甚至疱疹。皮损表现为红斑 毛细血管扩张 和有炎症的毛囊丘疹脓包 皮肤油脂过多 严重者鼻部肿胀 重者呈草莓状。
3鼻赘期；组织增生 结缔组织增生 鼻部异常肿大 呈酱紫色 或紫红色 表面凹凸不平。') [ RunTime:0.0001s ]
SQL: INSERT INTO `jianda` (`qid`,`qanswer`) VALUES ('131','1中药；作用慢 周期长 一般持续调理半年以上才会有显著效果，而且中药需要对症调理，长期服用会产生副作用，不能长期服用，很多女性患者反应服用中药导致月经减少。
2外用药品；酒糟鼻主要是内因导致，外用药物治标不治本，只能起到一个缓解的作用，很容易复发。很多医院开的外用药膏多是消炎杀菌，很多是抗生素会产生耐药性，不能长期使用。') [ RunTime:0.0002s ]
SQL: INSERT INTO `jianda` (`qid`,`qanswer`) VALUES ('132','美国原装进口，专利配方，纯天然草本植物萃取，可以从根源有效的调理内分泌，改善血液循环，修复受损患处血管舒缓神经，使血管恢复扩张能力，消除丘疹脓疱，平衡油脂，提高肌肤康品能力，使其不再复发。') [ RunTime:0.0002s ]
SQL: INSERT INTO `jianda` (`qid`,`qanswer`) VALUES ('133','不要用手挤 不熬夜 不吃辛辣、海鲜、油腻、甜食、豆制品、牛羊肉……不吸烟喝酒 减少高温、日晒、冷热刺激、湿热环境、寒风等刺激。不使用刺激性护肤品。
') [ RunTime:0.0002s ]
SQL: INSERT INTO `jianda` (`qid`,`qanswer`) VALUES ('134','话术；美国DH  美国原装进口 专利配方 纯天然草本植物萃取 从海关经过层层检验进关后直接发货，质量保证，疗效好。再把之前患者康复及截图发给对方。') [ RunTime:0.0001s ]
SQL: INSERT INTO `jianda` (`qid`,`qanswer`) VALUES ('135','1；每天6片，早晚各3片，饭后半小时温水送服。
2；孕妇和在哺乳期女性和血压低的人群不使用。') [ RunTime:0.0001s ]
SQL: INSERT INTO `jianda` (`qid`,`qanswer`) VALUES ('136','1.肌肤恶化、面色发暗、红斑、黑头、毛孔粗大、酒糟鼻2；脾气急躁3；妇科疾病。4；肥胖。5；不孕') [ RunTime:0.0001s ]
SQL: INSERT INTO `jianda` (`qid`,`qanswer`) VALUES ('137','1；通过照片看患者症状2；洗脸 冷热刺激 高温日晒 后鼻部潮红。') [ RunTime:0.0002s ]
SQL: SHOW COLUMNS FROM `grade` [ RunTime:0.0004s ]
SQL: INSERT INTO `grade` (`group`,`uname`,`filetype`,`pname`,`grade1`,`grade2`,`isgrade2`,`grade`) VALUES ('13','杨松','2','酒糟鼻组新员工知识考核','0','908,909,910,911,912,913,914,915,916,917','0','0') [ RunTime:0.0002s ]

[ 2017-10-23T17:31:56+08:00 ] 58.56.25.158 /index.php/Kefu/Comsys/addgrade
INFO: [ app_begin ] --START--
INFO: Run Behavior\ReadHtmlCacheBehavior [ RunTime:0.000315s ]
INFO: [ app_begin ] --END-- [ RunTime:0.000620s ]
NOTIC: [8] Use of undefined constant POST - assumed 'POST' /home/wwwroot/tp3.2.3/Application/Kefu/Controller/ComsysController.class.php 第 123 行.
SQL: SHOW COLUMNS FROM `jianda` [ RunTime:0.0005s ]
SQL: INSERT INTO `jianda` (`qid`,`qanswer`) VALUES ('61','职业生涯规划1；本月内熟悉工作流程 和工作话术，能独立的顺利出单，一年之内成为优秀的微信客服，积累客户 能有稳定的业绩支撑。并不断的完善自己 优化自己。第二年和第三年 补充自己的专业知识，增强专业性，冲刺自己每上个月的业绩。成就自己。第四年和第五年是自己的冲刺期  优化之前积累的客户，让自己开单更流畅。开单更轻松。') [ RunTime:0.0002s ]
SQL: INSERT INTO `jianda` (`qid`,`qanswer`) VALUES ('62','从公司的企业文化为出发点 首先做到团结、高效、诚信、激情。然后坐到让更多的人健康，让更多的人快乐。以人为本，与员工共发展。

') [ RunTime:0.0001s ]
SQL: INSERT INTO `jianda` (`qid`,`qanswer`) VALUES ('63','1、企业愿景：做全球最好的产品，为健康护航2、企业的核心价值观：团结、高效、诚信、激情。3、企业的发展宗旨：让更多的人健康，让更多的人快乐。以人为本，与员工共发展。') [ RunTime:0.0001s ]
SQL: INSERT INTO `jianda` (`qid`,`qanswer`) VALUES ('64','用印使用单
') [ RunTime:0.0001s ]
SQL: INSERT INTO `jianda` (`qid`,`qanswer`) VALUES ('65','1；《加班通知单》2调休或不加班') [ RunTime:0.0001s ]
SQL: INSERT INTO `jianda` (`qid`,`qanswer`) VALUES ('73','2%') [ RunTime:0.0001s ]
SQL: INSERT INTO `jianda` (`qid`,`qanswer`) VALUES ('75','济南乐艾生物技术有限公司

总经理 张丽洁
') [ RunTime:0.0001s ]
SQL: INSERT INTO `jianda` (`qid`,`qanswer`) VALUES ('112','《公出单》') [ RunTime:0.0001s ]
SQL: INSERT INTO `jianda` (`qid`,`qanswer`) VALUES ('113','1；两天    2；三天') [ RunTime:0.0001s ]
SQL: INSERT INTO `jianda` (`qid`,`qanswer`) VALUES ('114','200') [ RunTime:0.0001s ]
SQL: INSERT INTO `jianda` (`qid`,`qanswer`) VALUES ('115','1；七天2；200    3；300     4；600    5；800  6；2000') [ RunTime:0.0001s ]
SQL: INSERT INTO `jianda` (`qid`,`qanswer`) VALUES ('116','三天') [ RunTime:0.0001s ]
SQL: INSERT INTO `jianda` (`qid`,`qanswer`) VALUES ('117','10%') [ RunTime:0.0001s ]
SQL: SHOW COLUMNS FROM `grade` [ RunTime:0.0005s ]
SQL: INSERT INTO `grade` (`group`,`uname`,`filetype`,`pname`,`grade1`,`grade2`,`isgrade2`,`grade`) VALUES ('13','杨松','1','试题一','36','918,919,920,921,922,923,924,925,926,927,928,929,930','0','36') [ RunTime:0.0001s ]

