[ 2017-10-17T10:36:09+08:00 ] 58.59.25.134 /index.php/Kefu/Proknowledge/addgrade
INFO: [ app_begin ] --START--
INFO: Run Behavior\ReadHtmlCacheBehavior [ RunTime:0.000323s ]
INFO: [ app_begin ] --END-- [ RunTime:0.000623s ]
NOTIC: [8] Use of undefined constant POST - assumed 'POST' /home/wwwroot/tp3.2.3/Application/Kefu/Controller/ProknowledgeController.class.php 第 124 行.
SQL: SHOW COLUMNS FROM `jianda` [ RunTime:0.0006s ]
SQL: INSERT INTO `jianda` (`qid`,`qanswer`) VALUES ('100','原因是肠道菌群失衡导致腹内压升高 过高的腹内压使本来就薄弱的腹壁更加薄弱 使消化功能降低要引起腹痛 腹泻等疝气症状
症状是 喷嚏 咳嗽 过度哭闹 剧烈运动 吐奶  便秘等  腹股沟有凸起的状块物 肚脐有鼓起的症状  ') [ RunTime:0.0002s ]
SQL: INSERT INTO `jianda` (`qid`,`qanswer`) VALUES ('101','影响消化系统  使消化功能降低腹壁薄弱  造成腹胀腹痛等  抵抗免疫力降低  消化系统受到影响就会使吃进去的食物无法吸收 造成营养不良 体质下降抵抗不住疾病感冒等  因为与泌尿生殖系统比较靠近所以也会影响生殖系统的发育') [ RunTime:0.0001s ]
SQL: INSERT INTO `jianda` (`qid`,`qanswer`) VALUES ('102','各种益生菌黄金配比，舒善菌中的鼠李糖乳杆菌和罗伊氏乳杆菌等复合益生菌有调理肠道菌群的功能，可以改善腹壁的自愈力 增强腹壁的厚度与弹力有效缓解疝气。  助理提高宝宝的自愈力，  鼠李糖乳杆菌具有较强的肠道粘着率 可以促进腹壁细胞的分裂，促进腹壁的自愈能力。  MRS培养菌群保证高活率， 各种益生菌密封存放 保证它们的活性  天然有机成分确保安全， 舒善菌不仅有鼠李糖乳杆菌和罗伊氏乳杆菌等复合益生菌还包含了天然有机物  没有激素 化学添加 不含转基因 不含谷蛋白 奶制品 乳糖 豆类等过敏原份') [ RunTime:0.0002s ]
SQL: INSERT INTO `jianda` (`qid`,`qanswer`) VALUES ('103','鼠李糖乳杆菌和罗伊氏乳杆菌可以有效缓解失衡的肠道菌群 改善消化系统，减少腹胀 疝气等，还可以降低过高的腹内压 两者还具有超高的肠道粘着率促进细胞的分裂 增强腹壁的厚度有弹性 促进腹壁的自愈能力有效缓解疝气') [ RunTime:0.0001s ]
SQL: INSERT INTO `jianda` (`qid`,`qanswer`) VALUES ('104','鼠李糖乳杆菌和罗伊氏乳杆菌') [ RunTime:0.0001s ]
SQL: INSERT INTO `jianda` (`qid`,`qanswer`) VALUES ('105','0-5周岁的腹股沟疝和脐疝的婴儿 肠道菌群失衡 腹内压过高 腹壁薄弱的婴儿  注意事项：1 嵌顿和鞘膜积液不能使用   2 使用滴管滴取0.4ml直接服用或者与母乳、牛奶、果汁、宝宝的水等食物混合  3: 滴管使用完要清洗 晾干存放 注意卫生   4  询问宝宝是否有疾病 心脏 肝等 宝宝的肝肾 等神经系统等发育不完善 很容易中毒 或者损坏器官  婴儿要谨慎使用   5 服用抗生素的婴儿要两个小时之后使用  抗生素中尤其是广谱抗生素不能有效分辨有益菌和有害菌 两个小时之后可减少益生菌的伤亡 6疝气婴儿每日使用一剂0.4ml 餐后半小时服用 可以与温水或者温牛奶混合使用 温度不要超过37° 确保益生菌的存活 ') [ RunTime:0.0001s ]
SQL: INSERT INTO `jianda` (`qid`,`qanswer`) VALUES ('106','  舒善菌是美国顶尖母婴产品机构Upspring生产的，是知名益生菌迪司贝儿品牌下的  舒善菌已经通过70多项实验 3000多个随机试验者进行测试 有效证明舒善菌种的罗伊氏乳杆菌和鼠李糖乳杆菌可以缓解小儿疝气   
现在已经治好了超过十万的疝气婴儿 是美国儿科医生强烈推荐的一款产品  ') [ RunTime:0.0001s ]
SQL: INSERT INTO `jianda` (`qid`,`qanswer`) VALUES ('107','亲舒善菌现在已经治好了超过十万的疝气婴儿，很多国家都已经引进了这款产品  舒善菌不含激素 化学添加 不含转基因 不含谷蛋白 奶制品 乳糖 豆类等过敏原份 是没有任何的副作用的  很多宝宝都已经治疗好了 不会到了咱家宝宝身上没有效果的') [ RunTime:0.0001s ]
SQL: INSERT INTO `jianda` (`qid`,`qanswer`) VALUES ('108','亲价格和效果是成正比的  你每天使用10块钱的价格可能一年才能恢复但是已经花掉了3000多块 治疗的效果慢宝宝还要长时间痛苦 咱家的您使用一个星期就可看到效果 一到两个月疝气就会消失 宝宝的腹壁增厚弹性增加 也不会在反复出现疝气') [ RunTime:0.0001s ]
SQL: INSERT INTO `jianda` (`qid`,`qanswer`) VALUES ('109','亲不好意思哦 咱家是从国外直邮的不能接受货到付款呢  这都是要经过海关检查的 不合格的产品是进不来的  咱家有官网的您可以直接从官网下单  ') [ RunTime:0.0001s ]
SQL: INSERT INTO `jianda` (`qid`,`qanswer`) VALUES ('110','您可以考虑下但是宝宝的疝气是等不了太长时间的 ，如果错过了疝气治疗的最佳时间时间一长疝气就会导致嵌顿 宝宝也会痛的更厉害 嵌顿发生就要及时就医严重的要手术 这么小的宝宝手术对它是有影响的 还容易复发 那时候宝宝受的罪更多') [ RunTime:0.0002s ]
SQL: INSERT INTO `jianda` (`qid`,`qanswer`) VALUES ('111','宝妈：你好
我：您好我是疝气咨询中心xxx 有什么需要帮助您的吗？
宝妈：我家的宝宝腹股沟的地方有一个包
我：您能说下 宝宝的性别、年龄  吗
宝妈：宝宝2岁 男孩 
我：嗯嗯您让孩子平躺下看看能不能消失呢
宝妈：平躺下就没有了但是站起来还是会出现 
我：亲这是小儿疝气 是宝宝肠道菌群失衡 腹内压过高造成的
宝妈：那么该怎么办呢有什么治疗方法吗
我：亲咱家有一款产品 成分是鼠李糖乳杆菌和罗伊氏乳杆菌等复合益生菌它可以有效治疗失衡的肠道菌群 缓解过高的腹内压增强腹壁的厚度和弹性促进腹壁的自愈能力有效缓解疝气
宝妈：真的有这么好用吗？
我：咱家这款产品是美国顶尖母婴产品迪司贝儿旗下的一款产品  是经过数千次的实验证明 已经治好了10万多的疝气婴儿 是美国儿科医生强烈推荐的产品
宝妈： 这个怎么使用
我：一盒有2瓶10ml 使用滴管滴取0.4ml直接服用或者与母乳、牛奶、果汁、宝宝的水等食物混合使用 25天使用完 
宝宝有没有什么疾病或者现在在吃什么药物之类的呢？
宝妈： 没有宝宝一直很健康
我那就可以按我那么说的使用就可以的哦 还有宝宝要注意饮食不要吃辛辣刺激凉性的食物 水也不要喝碳酸或者带有气泡的饮料
多吃一些容易消化的食物 富含纤维的食物这样对宝宝的康复更好哦
宝妈：那买一盒试试看看吧
我：好的呢 亲一盒是980元哦
宝妈：这么贵啊
我：亲一分钱一分货 价格和治疗效果是成正比的  您买便宜的可能有效果但是效果缓慢 不利于治疗 ，咱家的这款治疗效果快一个星期就能看到明显的效果 无色无味的宝宝也不会排斥 是治疗疝气的最佳产品哦
宝妈：那帮我拿一盒吧
我 好的呢') [ RunTime:0.0001s ]
SQL: SHOW COLUMNS FROM `grade` [ RunTime:0.0003s ]
SQL: INSERT INTO `grade` (`group`,`uname`,`filetype`,`pname`,`grade1`,`grade2`,`isgrade2`,`grade`) VALUES ('14','胡瑞粉','2','舒善菌基本知识测试','0','727,728,729,730,731,732,733,734,735,736,737,738','0','0') [ RunTime:0.0002s ]

[ 2017-10-17T15:21:11+08:00 ] 58.59.25.134 /index.php/Kefu/Proknowledge/addgrade
INFO: [ app_begin ] --START--
INFO: Run Behavior\ReadHtmlCacheBehavior [ RunTime:0.000307s ]
INFO: [ app_begin ] --END-- [ RunTime:0.000575s ]
NOTIC: [8] Use of undefined constant POST - assumed 'POST' /home/wwwroot/tp3.2.3/Application/Kefu/Controller/ProknowledgeController.class.php 第 124 行.
SQL: SHOW COLUMNS FROM `jianda` [ RunTime:0.0004s ]
SQL: INSERT INTO `jianda` (`qid`,`qanswer`) VALUES ('85','有腹股沟疝、脐疝、切口疝、手术复发疝、白线疝股疝 
喷嚏、咳嗽、有力过度、妇女妊娠、腹部过肥、小儿过度啼哭、老年人腹壁弹性退行等') [ RunTime:0.0002s ]
SQL: INSERT INTO `jianda` (`qid`,`qanswer`) VALUES ('86','手术治疗：手术治疗就是将受损部位的组织强行拉拢缝补 有一个大切口6-8cm没有改善腹壁的修复 手术还有复发性 复发率高达百分之36
疝气切片：不能修复腹壁弹性，腹内压增高时容易复发
疝气带疝气裤：利用物理原理挤压补漏 疝气变大是疝囊还是会突出来 
疝气贴：疏散和缓解疝气，对腹壁修复是一点作用没有，只能起到一点点的缓解作用
腹壁营养素：可以修复腹壁，增强腹壁网膜细胞自我维护，促进腹壁的自愈力，增强腹壁的厚度和弹性，从根本上治疗疝气') [ RunTime:0.0001s ]
SQL: INSERT INTO `jianda` (`qid`,`qanswer`) VALUES ('87','小儿疝气有腹股沟疝和脐疝比较常见，一般5岁以内的宝宝有自己愈合疝气的能力，不需要使用腹壁营养素。当5岁以上的小儿疝气需要使用，小孩还小需要外敷使用') [ RunTime:0.0001s ]
SQL: INSERT INTO `jianda` (`qid`,`qanswer`) VALUES ('88','降低腹压 收缩疝囊：使用腹壁营养素可以行气活血、软化疝囊、减少疼痛使凸起偏坠疝囊回纳
复位疝块 闭合疝口：回纳的疝囊回到原来的位置，通过腹壁营养素促进腹壁细胞的自我修复 增强腹壁厚度降低腹压 闭合疝口
             加强供养：疝气的主要原因是腹壁薄弱弹性降低  腹壁细胞受损 当腹壁营养素进入人体后可以修复腹壁，增强腹壁网膜细胞自我维护，促进腹壁的自愈力，增强腹壁的厚度和弹性
增强腹壁自愈力防止反复：腹壁营养素可以改善修复腹壁 增强腹壁的厚度和弹性达到疝气不在反复  ') [ RunTime:0.0001s ]
SQL: INSERT INTO `jianda` (`qid`,`qanswer`) VALUES ('89','山楂、茴香、柑橘子、荔枝核、桃仁、延胡索、泽泻、乌药、马尾藻、香附子、山胡椒') [ RunTime:0.0001s ]
SQL: INSERT INTO `jianda` (`qid`,`qanswer`) VALUES ('90','美国原装产品
活性持久
安全纯天然
国际认证') [ RunTime:0.0001s ]
SQL: INSERT INTO `jianda` (`qid`,`qanswer`) VALUES ('91','手术有一个大的切口6-8cm  
需要住院7-10天
 手术就是将破损的组织周围强行拉拢修复 
 会有反复性 不能够改善腹壁的修复
 不能够有效治疗腹壁细胞的自我修复') [ RunTime:0.0001s ]
SQL: INSERT INTO `jianda` (`qid`,`qanswer`) VALUES ('92','使用人群是5岁以上的儿童75岁以下的老年人可以使用
注意事项：小孩子需要外敷，身体有其他疾病的人不可以使用 ') [ RunTime:0.0001s ]
SQL: INSERT INTO `jianda` (`qid`,`qanswer`) VALUES ('93','不是医生是治疗疝气的专家，我们卖的腹壁营养素是美国原装口的是已经授权的，有授权证书 ') [ RunTime:0.0001s ]
SQL: INSERT INTO `jianda` (`qid`,`qanswer`) VALUES ('94','你可以看我的朋友圈里的反馈，这些都是使用之后分享的他们的反馈都是很好的  
不好意思，不方便给你联系人我们得尊重客户的隐私') [ RunTime:0.0001s ]
SQL: INSERT INTO `jianda` (`qid`,`qanswer`) VALUES ('95','我们是美国的授权代理可以去我们的官网购买，目前药店只有济南的一壶天连锁药店有卖，其他的药店还没有引进') [ RunTime:0.0001s ]
SQL: INSERT INTO `jianda` (`qid`,`qanswer`) VALUES ('96','不是微商，我们是腹壁营养素的授权代理 
是美国原装进口的专业治疗疝气的口服胶囊 
腹壁营养素是美国pck科技研发的，你可以去网上查看一下，也可以看一下我们的官网，我们是有授权证书的  ') [ RunTime:0.0001s ]
SQL: INSERT INTO `jianda` (`qid`,`qanswer`) VALUES ('97','疝气是人体的定时炸弹 虽然现在不痛不痒但是存在隐患，当你过度劳累、用力咳嗽或者便秘的时候都会发生疝气嵌顿 严重的话会造成 肠梗阻 肠穿孔  甚至会危及生命 对于疝气不能大意要及时治疗') [ RunTime:0.0001s ]
SQL: INSERT INTO `jianda` (`qid`,`qanswer`) VALUES ('98',' 腹壁营养素在美国已经有十多年的临床验证，反馈效果一直非常好，美国的很多医生都推荐使用 
腹壁营养素问世以来美国减少了百分之六十的疝气手术 
腹壁营养素对百分之98的疝气患者都有用不会到咱身上就没有用的') [ RunTime:0.0001s ]
SQL: INSERT INTO `jianda` (`qid`,`qanswer`) VALUES ('99','顾客：你好 我咨询一下关于疝气方面的问题
我：你好你是自己咨询还是给家人咨询
顾客：我自己  我腹股沟长了一个疝气
我  是腹股沟疝  建议你用咱家的腹壁营养素可以快速的治疗疝气
顾客：这个有用吗
我：是有用的 这是美国原装进口的 经过国际认证的现在很多个国家都有卖的  腹壁营养素可以修复受损的腹壁细胞 促进腹壁的自愈力增强腹壁厚度和弹性 达到疝气不在复发的效果
顾客：是正品吗
我：是正品 每一瓶都有防伪码 你可以去官网验证真伪
顾客那我考虑一下 现在也没有什么大的影响
我：疝气是等不得的 可能你现在觉得疝气不痛不痒 但是你过度劳累 咳嗽或者便秘都可能引起疝气嵌顿，疝气嵌顿会引起肠梗阻 肠坏死 等严重的可能危及生命建议及时治疗 
顾客：给我拿一瓶吧') [ RunTime:0.0001s ]
SQL: SHOW COLUMNS FROM `grade` [ RunTime:0.0004s ]
SQL: INSERT INTO `grade` (`group`,`uname`,`filetype`,`pname`,`grade1`,`grade2`,`isgrade2`,`grade`) VALUES ('14','胡瑞粉','2','腹壁营养素基本知识测试','0','739,740,741,742,743,744,745,746,747,748,749,750,751,752,753','0','0') [ RunTime:0.0001s ]

