[ 2017-11-17T11:27:09+08:00 ] 58.59.0.246 /index.php/Kefu/Proknowledge/addgrade
INFO: [ app_begin ] --START--
INFO: Run Behavior\ReadHtmlCacheBehavior [ RunTime:0.000362s ]
INFO: [ app_begin ] --END-- [ RunTime:0.000611s ]
NOTIC: [8] Use of undefined constant POST - assumed 'POST' /home/wwwroot/tp3.2.3/Application/Kefu/Controller/ProknowledgeController.class.php 第 124 行.
SQL: SHOW COLUMNS FROM `jianda` [ RunTime:0.0097s ]
SQL: INSERT INTO `jianda` (`qid`,`qanswer`) VALUES ('100','小儿疝气是因为宝宝过度哭闹、咳嗽、用力打喷嚏、用力排便、便秘、长时间站立、过度运动引起，由于腹部宝宝腹壁薄弱，腹压易升高。其主要根本原因还是因为宝宝肠道菌群失衡，从而导致腹部胀气，腹压升高，转变为疝气。
小儿疝气一般分为脐疝和腹股沟疝气，腹股沟疝气可以在腹股沟看到摸到突起物，婴幼儿平躺时肿块就会消失，随着腹内压升高，肿块可能会延伸至阴囊或阴唇部位。脐疝会在肚脐上鼓起，在平躺或用手按压时会消失。') [ RunTime:0.0193s ]
SQL: INSERT INTO `jianda` (`qid`,`qanswer`) VALUES ('101','影响消化系统，易造成便秘、腹胀，从而进一步加重疝气。
影响生殖泌尿系统，疝气位置相邻生殖系统，不及时治疗会影响生殖及泌尿，后果不堪设想。
疝气不及时治疗，会发展为嵌顿，如发生嵌顿造成肠梗阻，造成肠坏死危及宝宝生命。') [ RunTime:0.0001s ]
SQL: INSERT INTO `jianda` (`qid`,`qanswer`) VALUES ('102','成分天然有机，无添加，不含转基因和过敏物质，宝宝可放心使用。
由美国著名的upspring生产，通过黄金比例配比生产，深度调节宝宝肠道菌群，提高消化，降低腹胀便秘的症状。
增强宝宝免疫力，促进细胞分裂，提高腹壁自愈力。
经过上千次实验，采用高活性培养，保证菌群活性。
') [ RunTime:0.0001s ]
SQL: INSERT INTO `jianda` (`qid`,`qanswer`) VALUES ('103','提高宝宝的自愈能力，调理肠道菌群，降低宝宝腹内压，营养宝宝的腹壁，促进细胞分裂，增强腹壁及肠道的弹性和厚度，促进宝宝的消化和吸收，从根本上治疗宝宝的疝气。') [ RunTime:0.0001s ]
SQL: INSERT INTO `jianda` (`qid`,`qanswer`) VALUES ('104','鼠李糖乳杆菌和罗伊氏乳杆菌为主。') [ RunTime:0.0001s ]
SQL: INSERT INTO `jianda` (`qid`,`qanswer`) VALUES ('105','适用于5岁以下的发生疝气宝宝，与肠道菌群失衡，腹壁薄弱有关的疝气。可与母乳、果汁、牛奶调配，注意调配温度不能高于37度。
嵌顿和鞘膜积液不适用。注意高热时禁止使用。
应在37度下保存，使用时注意滴管的卫生，开封后90天内使用完。') [ RunTime:0.0001s ]
SQL: INSERT INTO `jianda` (`qid`,`qanswer`) VALUES ('106','我们的产品入关时是通过了海关清关检验的，如果不安全根本不会通过检验，不会被允许入境。
鼠李糖乳杆菌是目前世界上研究最充分的菌类之一，多次临床实验证明对人体有着极大地可靠性和安全性，不安全的话也不会被美国那么多的家长信任。
') [ RunTime:0.0001s ]
SQL: INSERT INTO `jianda` (`qid`,`qanswer`) VALUES ('107','你的顾虑我可以理解，都是做家长的，我说效果好不好没有用，你可以看一下我朋友群里的反馈。
作为家长，我能理解你的心情，大家都是为了孩子，让孩子少受一点罪。
舒善菌在美国已经上市十几年年，有10多万疝气患儿已经成功修复。
') [ RunTime:0.0001s ]
SQL: INSERT INTO `jianda` (`qid`,`qanswer`) VALUES ('108','作为给宝宝口服的，我们不可掉以轻心，便宜的可不敢食用。
我们的价格是美国的厂家统一规定的，大家够卖都是这个价格。') [ RunTime:0.0001s ]
SQL: INSERT INTO `jianda` (`qid`,`qanswer`) VALUES ('109','我们坚持海外直邮，是美国厂家直接发货，都是先款后货。
您可以看一下我朋友圈里宝妈们的反馈，已经有很多宝宝通过我们的产品治疗好了疝气。
我们不会因为您一个人从而放弃我们的诚信。') [ RunTime:0.0001s ]
SQL: INSERT INTO `jianda` (`qid`,`qanswer`) VALUES ('110','宝宝的病情不能耽误，如果不及时治疗的话，因为宝宝体质薄弱，极易发展为肠梗阻，造成肠坏死，危及宝宝的生命，到时后悔都来不及。
发展为嵌顿就要进行手术，宝宝承受不起手术麻醉，手术会给宝宝造成极大的痛苦，给宝宝幼小的心灵留下阴影，所以要早发现，早治疗，不能耽误孩子的病情。') [ RunTime:0.0001s ]
SQL: INSERT INTO `jianda` (`qid`,`qanswer`) VALUES ('111','您好，我们这里是面向全国的疝气咨询中心，可以先介绍一下患儿的详细情况吗？

宝宝多大了，男孩还是女孩，发病多久了，有没有做过检查，发病部位在哪里呢，有多大。

宝宝的自愈能力很强的，根据你的描述，宝宝应该是因为肠道菌群失衡，从而造成腹内压升高，又因为宝宝腹壁薄弱，才会造成疝气。您这个需要快点给宝宝调理肠道，降低腹内压，否则的话会影响到宝宝的自愈能力。
如不及时修复会发生嵌顿，会出现肠坏死这样的并发症，后果不堪设想，甚至危及宝宝生命。

从宝宝的整体情况来看，自愈的希望比较大，可以使用我们这边美国原装进口小儿疝气益生菌舒善菌进行调理修复。

您平时要注意宝宝的饮食和活动，不要长时间站立，过度活动，不要过度哭闹，避免腹部用力，用力排便，多给宝宝吃一些易消化的食物，避免宝宝便秘，帮助宝宝排便。不要让宝宝吃一些生冷刺激的食物。

感谢您的咨询，祝您的宝宝早日康复，生活愉快。') [ RunTime:0.0001s ]
SQL: SHOW COLUMNS FROM `grade` [ RunTime:0.0041s ]
SQL: INSERT INTO `grade` (`group`,`uname`,`filetype`,`pname`,`grade1`,`grade2`,`isgrade2`,`grade`) VALUES ('14','张天宇','2','舒善菌基本知识测试','0','1059,1060,1061,1062,1063,1064,1065,1066,1067,1068,1069,1070','0','0') [ RunTime:0.0276s ]

[ 2017-11-17T15:30:16+08:00 ] 58.59.0.246 /index.php/Kefu/Proknowledge/addgrade
INFO: [ app_begin ] --START--
INFO: Run Behavior\ReadHtmlCacheBehavior [ RunTime:0.000321s ]
INFO: [ app_begin ] --END-- [ RunTime:0.000566s ]
NOTIC: [8] Use of undefined constant POST - assumed 'POST' /home/wwwroot/tp3.2.3/Application/Kefu/Controller/ProknowledgeController.class.php 第 124 行.
SQL: SHOW COLUMNS FROM `jianda` [ RunTime:0.0004s ]
SQL: INSERT INTO `jianda` (`qid`,`qanswer`) VALUES ('85','疝气是指人体组织或器官一部分离开了原来的部位，通过人体间隙、缺损或薄弱部位进入另一部位，俗称小肠串气。 
有脐疝、腹股沟  、股疝、切口疝、手术复发疝等。
疝气多因咳嗽、喷嚏、腹部用力、用力排便、妇女妊娠、腹部肥胖、年老腹部强度退化等引起。') [ RunTime:0.0002s ]
SQL: INSERT INTO `jianda` (`qid`,`qanswer`) VALUES ('86','疝气可以通过疝气带、疝气裤、传统手术、疝气帖来治疗。
疝气带和疝气裤通过疝气突出部位进行挤压，无法修复受损的腹壁，对于肿大、严重的疝气起不到有效效果，治标不治本。
疝气手术是通过对薄弱的腹壁进行强行拉扯、缝补，切口大，住院时间长，术后易复发。
疝气贴只能对疝气起到散热，减缓一点疼痛，无法消除疝块，根本对疝气起不到治疗的作用。') [ RunTime:0.0001s ]
SQL: INSERT INTO `jianda` (`qid`,`qanswer`) VALUES ('87','小儿腹壁薄弱，弹性较低，肠道菌群失衡从而导致腹内压升高，继而出现疝气。其根本原因还是肠道菌群失衡。可使用舒善菌调节小儿肠道菌群，增强宝宝的消化能力，减少腹部胀气。营养宝宝的腹壁，促进腹壁细胞分裂恢复，增强腹壁的弹性和厚度。当腹压再次升高时，疝气就不再出现。
 日常生活中应少给孩子食用不易消化，易产生胀气的食物，减少长时间运动，不食生冷刺激辛辣食物。
也可使用腹壁营养素外敷，早晚各一次，将医用纱布置于疝囊上，取一粒腹壁营养素用温水或食醋和匀，再取医用纱布盖上，使用医用胶带固定。宝宝没有皮下脂肪，毛细血管旺盛，容易吸收营养物质。') [ RunTime:0.0001s ]
SQL: INSERT INTO `jianda` (`qid`,`qanswer`) VALUES ('88','腹壁营养素是提取于天然有机植物的高活性物质，能够有效地降低腹内压，收缩疝囊，复位疝块，营养腹壁细胞，修复破损的疝口。
增强腹壁细胞修复能力，使得腹壁细胞的自愈力大大提升，增强腹壁的弹性和厚度，当腹压再次升高时，疝囊就不会再次出现。
') [ RunTime:0.0001s ]
SQL: INSERT INTO `jianda` (`qid`,`qanswer`) VALUES ('89','山楂、荔枝核、柑橘籽、桃仁、山胡椒、茴香、泽泻、延胡索等。') [ RunTime:0.0001s ]
SQL: INSERT INTO `jianda` (`qid`,`qanswer`) VALUES ('90','来自美国原装进口，使用天然的十几种植物提取，超微萃取植物中的小分子多肽，对疝气精准有效。
精选来自世界各地优秀产地的种子，纯天然，无污染，没有任何添加，低温超微萃取，没有任何副作用，老人和孩子都可放心使用。
采用国际先进的释放技术，能够躲过胃酸的的侵蚀，精准释放，从源头上治疗疝气。
采用先进的七重酶解技术，极大程度的上保留的植物的高活性，高速高效的减小疝块，减少疼痛。') [ RunTime:0.0001s ]
SQL: INSERT INTO `jianda` (`qid`,`qanswer`) VALUES ('91','疝气手术是通过将缺损周围组织强行拉拢、缝补来改善疝气，切口长约10厘米，住院7-10天，容易留疤，而且因为腹壁没有被修复，反复率高达百分之三十六。
现在的腹腔镜手术是通过疝气补片来完成，有2-4个切口，因为无法改善腹壁弹性，在腹压升时会复发产生。') [ RunTime:0.0001s ]
SQL: INSERT INTO `jianda` (`qid`,`qanswer`) VALUES ('92','适用于5到80岁之间得疝气的人以及传统手术后复发疝气的人群。
使用时应注意是否有先天性疾病，是否是嵌顿和鞘膜积液。
平时注意不要腹部过度用力，不要用力排便，多吃易消化食物，不要剧烈运动和过度劳累。') [ RunTime:0.0001s ]
SQL: INSERT INTO `jianda` (`qid`,`qanswer`) VALUES ('93','腹壁营养素目前世界多个国家个销售，效果和产品质量是通过国际级认证的，而且是美国FDA认证的疝气调养佳剂。
我们是中国区的授权代理，我们的每一瓶都来自美国原装进口，上面都有防伪码，可以通过官网检验，保证正品。
我们的产品是通过中国海关清关检验后才送到消费者的手上，如果产品不合格或着不允许销售的话是根本通过不了海关检验的。') [ RunTime:0.0001s ]
SQL: INSERT INTO `jianda` (`qid`,`qanswer`) VALUES ('94','我们这个要保护患者的隐私，不能随便透漏患者的联系方式，您可以看下我的朋友圈，有很多患者的反馈，一般三到五天就会有效果，疝块就会有明显的变小，疼痛感减轻。数瓶收功。') [ RunTime:0.0002s ]
SQL: INSERT INTO `jianda` (`qid`,`qanswer`) VALUES ('95','因为腹部营养素去年才刚引进中国，而且为保证产品的质量，我们坚持美国直邮，通关海关的清关检验才会送到患者的手上，保证正品高质量。而且在药店引进销售的话会产生其他大量的费用，我们不想把这费用摊到消费者的手上。您可以在官网下订单，我们给您进行安排发货。') [ RunTime:0.0001s ]
SQL: INSERT INTO `jianda` (`qid`,`qanswer`) VALUES ('96','我们不是微商，我们是美国厂家授权的中国区授权代理，保证产品质量品质，保证正品。
您可以在官网上订购，我们安排给您发货。') [ RunTime:0.0001s ]
SQL: INSERT INTO `jianda` (`qid`,`qanswer`) VALUES ('97','疝气是人体里一颗不定时的炸弹，虽然您现在没有太大的影响，但会因为一些突发状况，甚至咳嗽，便秘的情况下都会引起嵌顿，造成肠梗阻，坏死等，情况严重时甚至危及生命，您付出的代价都是不可估量的的，您应该早发现早治疗，不可大意。') [ RunTime:0.0001s ]
SQL: INSERT INTO `jianda` (`qid`,`qanswer`) VALUES ('98','腹壁营养素已经在美国上市16年，如果没有效果也不会挤掉百分之六十的疝气手术，反馈效果非常好。实验证明腹壁营养素对百分之九十八的疝气都有效果，不会在咱身上没有效果的。') [ RunTime:0.0001s ]
SQL: INSERT INTO `jianda` (`qid`,`qanswer`) VALUES ('99','您好，请问您是给自己咨询的还是给家人咨询的

我给我儿子咨询的

请问患者今年多大年龄了，疝囊生长在什么部位。

20岁了，在腹股沟的位置

出现了有多久了呢，有鸡蛋大小还是核桃大小。

有半年多了。比核桃大一点

平时疝囊部位有什么不适吗

有一点酸痛，没有太多不适。

根据您的描述，患者这是典型腹股沟疝气的症状表现，患者自愈的可能性不太大了，建议您可以使用我们美国原装进口的腹壁营养素来调理下。

你这个是美国原装进口的吗？能保证正品吗？

我们这个保证原装进口，美国很多医生都推荐使用腹壁营养素，腹部营养素问世后，疝气手术率降低了百分之六十。我们是美国厂家授权的中国代理，每一瓶都有防伪码，可以通过官网进行查询，保证正品。

你这个能彻底治好吗，多久能好？

我们这个是通过提取天然植物中的高活性物质，才促进腹壁细胞的修复能力，从而增强腹壁的厚度和弹性，当腹压再次升高时，疝气就不会再次复发了。
一般三到五天会见效，疝囊会减小，疼痛感减轻，疝囊出现频率降低，一般一到两个月就可以完全恢复，不会再复发。

你这个是药品还是什么，药店有卖的吗

腹壁营养素属于提取于天然植物中的高活性物质，不是药品的，人体摄入这种高活性物质可以促进细胞的修复和自愈能力。由于这个腹壁营养素才引进国内一年多时间，没有全面进入药店。您可以在官网上下订单，我会为您安排发货。

多少钱一瓶啊，一瓶能吃多久。

698一瓶。一瓶60粒，一粒500mg，一天三次服用，一次两粒，一瓶正常成人可服用十天。

价格还能优惠吗？

我们是美国厂家直邮发货，价格都是统一规定的，谁买都是这个价格的。

好的，我先要两瓶吧。') [ RunTime:0.0001s ]
SQL: SHOW COLUMNS FROM `grade` [ RunTime:0.0003s ]
SQL: INSERT INTO `grade` (`group`,`uname`,`filetype`,`pname`,`grade1`,`grade2`,`isgrade2`,`grade`) VALUES ('14','张天宇','2','腹壁营养素基本知识测试','0','1071,1072,1073,1074,1075,1076,1077,1078,1079,1080,1081,1082,1083,1084,1085','0','0') [ RunTime:0.0002s ]

