[ 2017-11-11T17:07:50+08:00 ] 58.59.0.246 /index.php/Kefu/Comsys/addgrade
INFO: [ app_begin ] --START--
INFO: Run Behavior\ReadHtmlCacheBehavior [ RunTime:0.000428s ]
INFO: [ app_begin ] --END-- [ RunTime:0.000672s ]
NOTIC: [8] Use of undefined constant POST - assumed 'POST' /home/wwwroot/tp3.2.3/Application/Kefu/Controller/ComsysController.class.php 第 123 行.
SQL: SHOW COLUMNS FROM `jianda` [ RunTime:0.0111s ]
SQL: INSERT INTO `jianda` (`qid`,`qanswer`) VALUES ('61','成为销售精英') [ RunTime:0.0182s ]
SQL: INSERT INTO `jianda` (`qid`,`qanswer`) VALUES ('62','完成任务的同时，努力提升自己，最终结果以公司利益为重') [ RunTime:0.0002s ]
SQL: INSERT INTO `jianda` (`qid`,`qanswer`) VALUES ('63','    一、企业愿景：精选全球最好的产品，让爱为健康护航
    二、企业的核心价值观：团结、高效、诚信、激情。
    三、企业的发展宗旨：让更多的人健康，让更多的人快乐。以人为本，与员工共发展。
    四、乐爱情怀：品为魄，善为魂，赢天下，创未来') [ RunTime:0.0001s ]
SQL: INSERT INTO `jianda` (`qid`,`qanswer`) VALUES ('64','《公司证件交接单》') [ RunTime:0.0001s ]
SQL: INSERT INTO `jianda` (`qid`,`qanswer`) VALUES ('65','《加班通知单》  发加班费或调休') [ RunTime:0.0001s ]
SQL: INSERT INTO `jianda` (`qid`,`qanswer`) VALUES ('73','1%') [ RunTime:0.0001s ]
SQL: INSERT INTO `jianda` (`qid`,`qanswer`) VALUES ('75','济南乐艾生物技术有限公司   张丽洁') [ RunTime:0.0001s ]
SQL: INSERT INTO `jianda` (`qid`,`qanswer`) VALUES ('112','《公出单》') [ RunTime:0.0001s ]
SQL: INSERT INTO `jianda` (`qid`,`qanswer`) VALUES ('113','2天  3天') [ RunTime:0.0001s ]
SQL: INSERT INTO `jianda` (`qid`,`qanswer`) VALUES ('114','200元') [ RunTime:0.0001s ]
SQL: INSERT INTO `jianda` (`qid`,`qanswer`) VALUES ('115','30天  200元  300元  600元  800元  2000元') [ RunTime:0.0001s ]
SQL: INSERT INTO `jianda` (`qid`,`qanswer`) VALUES ('116','1个月') [ RunTime:0.0001s ]
SQL: INSERT INTO `jianda` (`qid`,`qanswer`) VALUES ('117','10%') [ RunTime:0.0001s ]
SQL: SHOW COLUMNS FROM `grade` [ RunTime:0.0004s ]
SQL: INSERT INTO `grade` (`group`,`uname`,`filetype`,`pname`,`grade1`,`grade2`,`isgrade2`,`grade`) VALUES ('11','杜鲁英','1','试题一','40','1033,1034,1035,1036,1037,1038,1039,1040,1041,1042,1043,1044,1045','0','40') [ RunTime:0.0002s ]

