[ 2017-11-24T09:43:16+08:00 ] 58.56.25.158 /index.php/Kefu/Proknowledge/addgrade
INFO: [ app_begin ] --START--
INFO: Run Behavior\ReadHtmlCacheBehavior [ RunTime:0.000421s ]
INFO: [ app_begin ] --END-- [ RunTime:0.000666s ]
NOTIC: [8] Use of undefined constant POST - assumed 'POST' /home/wwwroot/tp3.2.3/Application/Kefu/Controller/ProknowledgeController.class.php 第 124 行.
SQL: SHOW COLUMNS FROM `jianda` [ RunTime:0.0006s ]
SQL: INSERT INTO `jianda` (`qid`,`qanswer`) VALUES ('118','结节型，丘疹型，囊肿型，脓包型，聚合型') [ RunTime:0.0002s ]
SQL: INSERT INTO `jianda` (`qid`,`qanswer`) VALUES ('119','1.结节型痤疮：多发于面部，呈浅红色或者暗红色，有的显著隆起，形状呈半球形或者圆锥形
2.丘疹型痤疮：丘疹为高于皮肤的局限性突起，小如针头，大如黄豆，一般冒白尖
3.囊肿型痤疮：痤疮中有脓液，偶有炎性皮损，有时会有浓汁流出
4.脓包型痤疮：由丘疹演化而来，一般不冒白尖
5.聚合型痤疮：一般有两种以上的痤疮症状，常见一定程度的皮损，且较为严重') [ RunTime:0.0002s ]
SQL: INSERT INTO `jianda` (`qid`,`qanswer`) VALUES ('120','委托方：济南乐艾生物技术有限公司
被委托方：天津美之路化妆品有限公司
净含量：20mg/片*10片') [ RunTime:0.0001s ]
SQL: INSERT INTO `jianda` (`qid`,`qanswer`) VALUES ('121','痘印一般是痘痘的色素沉淀，在长过痘痘的地方留下红色或者黑色的痘印或者痘坑。多酚提苏活力片修护型，特含寡肽-1、牛奶氨基酸类、水解珍珠等珍贵成分，能有效深入皮肤并保持高活性，抑制黑色素生成，减少氧化酶的活性，淡化黑色素，从而有效祛除痘印。') [ RunTime:0.0002s ]
SQL: INSERT INTO `jianda` (`qid`,`qanswer`) VALUES ('122','闭合性粉刺也是青春痘的一种，也就是还在皮肤里，还没有探出头的粉刺。主要由死掉的细菌和身体的分泌物组成。多发于面部，为细小的皮下脂栓。内分泌失衡是导致闭合性粉刺的概率高达60%-70%。内分泌失衡，如二氢睾酮的变化，使60%-70%的青少年和成年人患有粉刺痤疮。不幸的是，目前很多针对治疗闭合性粉刺的产品多为外用的药膏或者湿巾等等，而那些只能改变皮肤表层的症状，只能暂时改善皮肤症状，但是不能从根本上提供长久且有效的帮助。') [ RunTime:0.0135s ]
SQL: INSERT INTO `jianda` (`qid`,`qanswer`) VALUES ('123','1600   2980   1600  4700    1100   4300  5500  2000  3400
') [ RunTime:0.0002s ]
SQL: INSERT INTO `jianda` (`qid`,`qanswer`) VALUES ('124','成分：黑醋栗花青素  黑醋栗籽油  锌  番茄红素 等
使用方法：1天2次，1次2片，早中晚饭后半小时服用，经期停用。
禁忌：孕妇和哺乳期禁用，12岁以下不适用，有心血管病，其他刚做过重大手术的系统性疾病患者禁用。') [ RunTime:0.0001s ]
SQL: INSERT INTO `jianda` (`qid`,`qanswer`) VALUES ('125','目前没有收到无效的反馈。是全球顶级的祛痘产品，在美国连续畅销27年，进入中国5年的时间，已经治疗好了很多跟你一样的患者，比你严重的都调理好了，你也是没有问题的。') [ RunTime:0.0001s ]
SQL: INSERT INTO `jianda` (`qid`,`qanswer`) VALUES ('126','产品美国原瓶原装进口，保证正品，首先就保证了质量，这样销售过程中就像吃了定心丸一样，能放心的推荐给适合的客户。
落实到工作中我希望能做到实事求是，根据客户的真实需求给客户推荐产品。客户收到产品后积极接洽，告知客户怎么服用，有没有什么禁忌等，真正做到让顾客放心和满意。') [ RunTime:0.0001s ]
SQL: INSERT INTO `jianda` (`qid`,`qanswer`) VALUES ('127','丘疹型痤疮
结节型痤疮') [ RunTime:0.0001s ]
SQL: SHOW COLUMNS FROM `grade` [ RunTime:0.0004s ]
SQL: INSERT INTO `grade` (`group`,`uname`,`filetype`,`pname`,`grade1`,`grade2`,`isgrade2`,`grade`) VALUES ('13','马桃','2','痘痘组新员工基础知识考核','0','1109,1110,1111,1112,1113,1114,1115,1116,1117,1118','0','0') [ RunTime:0.0002s ]

[ 2017-11-24T12:00:18+08:00 ] 58.59.0.246 /index.php/Kefu/Proknowledge/addgrade
INFO: [ app_begin ] --START--
INFO: Run Behavior\ReadHtmlCacheBehavior [ RunTime:0.000365s ]
INFO: [ app_begin ] --END-- [ RunTime:0.000621s ]
NOTIC: [8] Use of undefined constant POST - assumed 'POST' /home/wwwroot/tp3.2.3/Application/Kefu/Controller/ProknowledgeController.class.php 第 124 行.
SQL: SHOW COLUMNS FROM `jianda` [ RunTime:0.0004s ]
SQL: INSERT INTO `jianda` (`qid`,`qanswer`) VALUES ('100','1.小儿疝气不仅与腹内压升高腹壁薄弱有关，而且还与肠道菌群失衡有很大关系。很多家长朋友都认为宝宝疝气单纯是因为腹壁薄弱腹内压增高有关，于是使用疝气带疝气贴等外用方式来缓解疝气，结果收效甚微。最新研究表明，宝宝疝气还与肠道菌群失衡有很大关系。早在上个世纪90年代，欧洲医学指南就曾指出，宝宝腹内压升高和肠道菌群失衡有很大关系，肠道菌群失衡情况下，宝宝容易腹胀腹痛便秘，极易引起腹内压升高。长期的腹内压增高又会使本身就薄弱的宝宝腹壁更加薄弱，影响脐环闭合，引发各类疝气。正常婴幼儿腹壁脐环发育正常，正常情况婴幼儿出生后脐环会渐渐缩小最终闭合。而肠道系统发育欠佳，生长发育较慢的，脐环不能及时闭合，哭闹便秘等因素容易引起腹内压升高，小肠等器官通过腹壁薄弱处或脐环脱出，引发疝气。
2.1.发生时间，小儿疝气可能会在出生后数天数月或数年后发生，通常因哭闹便秘剧烈运动引起。因幼儿会在母亲换尿布是发现，较年长儿童可能会在入浴或健康门诊时发现，较大儿童可另其站立，腹部用力也可诱发肿块出现。小儿疝气是小儿外科中常见疾病之一，发病率1-4%，男性是女性的10被，早产儿更高。2.小儿疝气主要有腹股沟疝气盒脐疝，腹股沟疝气主要表现：在腹股沟部位可看到或摸到 有凸起快肿物，发病初期，平躺后可消失。脐疝表现在肚脐会有鼓起症状，平躺或用手按压后消失。这时如果能解除腹内压增高的因素并让婴幼儿平躺，用手轻轻讲肿块推回腹腔，肿块可以回到腹腔，肿块消失，成为可复性疝气。如果肿块不能回纳，则有可能引发嵌顿，嵌顿可能会引发肠梗阻等严重并发症，应及时就医。肿块是有腹腔内器官脱出所致，脱出的器官以小肠居多，摸上去感觉柔软，推回去是会有咕噜的声音，其他如大厂阑尾等也脱出，女宝择可0能出现卵巢脱出，会摸到四拇指大较硬多半有压痛的肿块。') [ RunTime:0.0002s ]
SQL: INSERT INTO `jianda` (`qid`,`qanswer`) VALUES ('101','1.影响消化系统，影响消化系统的正常发育，2.免疫抵抗力减低，影响消化系统，消化能力就会不好，吃进去食物不能全部吸收，就容易体质下降，3.因为盒泌尿生殖系统相邻，所以影响泌尿生殖系统的发育，如果疝气不及时修复，容易引发嵌顿，容易引发肠梗阻等严重并发症，及时就医。') [ RunTime:0.0001s ]
SQL: INSERT INTO `jianda` (`qid`,`qanswer`) VALUES ('102','1.各类益生菌黄金配比，舒善菌由鼠李糖乳杆菌盒罗伊氏乳杆菌等多种益生菌黄金配比而成，能够有效调理小儿失衡的肠道菌群，减少腹胀腹痛便秘，降低腹内压，有效改善疝气。2.助力提高宝宝自愈力，通过舒善菌的调理，可以增强消化吸收功能，增强宝宝免疫力，提高腹壁自愈力。3.MRS培养基群保证高活性，采用密封无菌包装，褐色遮光瓶避免受到光热的影响，保证高活性。4.天然有机成分确保安全，舒善菌经过美国农业部的有机认证，不仅包含鼠李糖乳杆菌和罗伊氏乳杆菌，而且包含天然有机植物成分，不含激素化学添加，不含转基因成分，不含乳糖等过敏原成分，可以放心服用。') [ RunTime:0.0001s ]
SQL: INSERT INTO `jianda` (`qid`,`qanswer`) VALUES ('103','舒善菌由鼠李糖乳杆菌盒罗伊氏乳杆菌等多种益生菌黄金配比而成，可以有效增强腹壁缺损细胞的自愈恢复能力，减少腹胀腹痛便秘，降低腹内压，有效改善疝气，而且二者还含有极强的肠道黏着力，可以促进细胞分裂，增强腹壁厚度与弹力，增强腹壁自愈力，有效改善疝气。') [ RunTime:0.0001s ]
SQL: INSERT INTO `jianda` (`qid`,`qanswer`) VALUES ('104','舒善菌由鼠李糖乳杆菌盒罗伊氏乳杆菌等多种益生菌黄金配比而成。而且包含天然有机植物成分。') [ RunTime:0.0001s ]
SQL: INSERT INTO `jianda` (`qid`,`qanswer`) VALUES ('105','1.0-5周岁腹股沟疝气，脐疝，由腹壁薄弱、腹内压增高、肠道菌群环境失衡引发的小儿疝气。2.鞘膜积液、嵌顿不可以使用。3.询问婴幼儿有无其他病史(心脏、肝等），婴幼儿肝肾功能发育不全，可能诱发中毒反应。4.对服用抗生素的，不能与抗生素同服，可以先服用抗生素，间隔两个小时在服用舒善菌，因为抗生素不能识别有害菌盒有益菌，间隔两个小时可以减少舒善菌的伤亡。') [ RunTime:0.0001s ]
SQL: INSERT INTO `jianda` (`qid`,`qanswer`) VALUES ('106','舒善菌由鼠李糖乳杆菌盒罗伊氏乳杆菌等多种益生菌黄金配比而成。而且包含天然有机植物成分，不含激素化学添加，不含转基因成分，不含乳糖等过敏原成分，可以放心服用，我们是厂家唯一授权代理，而厂家为了保证质量，坚持海外直邮，经过海关清关的检验，保证安全') [ RunTime:0.0001s ]
SQL: INSERT INTO `jianda` (`qid`,`qanswer`) VALUES ('107','舒善菌在美国已经上市16年，经过了16年的 市场检验，而且获得国际认证，已经出口世界50多个国家。在美国已经有10万多宝宝通过舒善菌告别了疝气，是美国宝妈调理宝宝疝气的首选，美国宝妈的反馈是最好的证明。') [ RunTime:0.0001s ]
SQL: INSERT INTO `jianda` (`qid`,`qanswer`) VALUES ('108','作为家长，我也很理解你，都是为了能让宝宝少受点罪，便宜的产品是不能轻易给宝宝使用的。') [ RunTime:0.0001s ]
SQL: INSERT INTO `jianda` (`qid`,`qanswer`) VALUES ('109','舒善菌是海外直邮，要经过海关清关的检验，必须先付款，但是质量绝对保证，是美国宝妈调理宝宝疝气的首选，完全可以试试。') [ RunTime:0.0001s ]
SQL: INSERT INTO `jianda` (`qid`,`qanswer`) VALUES ('110','宝宝证处于生长发育的关键时刻，身体细胞的再生繁殖能力特别强，完全可以通过舒善菌的保守调理调理好疝气的，随着宝宝的成长，这种能力会逐渐降低，所以治疗疝气要及早，') [ RunTime:0.0001s ]
SQL: INSERT INTO `jianda` (`qid`,`qanswer`) VALUES ('111','1.你好，请问是给自己还是家人咨询？
2.宝宝疝气今天才发现的
1.长在什么部位
2.腹股沟处
1.脱出时有多大啊，平躺后可以回纳吗
2.鸡蛋那么大，可以回纳
1.宝宝有没有便秘情况？
2.有时候会有一些
1.根据你的描述，宝宝这是腹股沟疝气，是由于肠道菌群失衡引起的，可以使用我们这边美国原装进口的舒善菌进行调理。
2.舒善菌是什么
1.舒善菌由鼠李糖乳杆菌盒罗伊氏乳杆菌等多种益生菌黄金配比而成的，可以有效增强腹壁缺损细胞的自愈恢复能力，减少腹胀腹痛便秘，降低腹内压，有效改善小儿疝气。
1.安全吗
2.舒善菌由鼠李糖乳杆菌盒罗伊氏乳杆菌等多种益生菌黄金配比而成。而且包含天然有机植物成分，不含激素化学添加，不含转基因成分，不含乳糖等过敏原成分，可以放心服用。
1.可以治愈吗
2.舒善菌在美国已经上市16年，经过了16年的 市场检验，在美国，已经有10 多万
') [ RunTime:0.0001s ]
SQL: SHOW COLUMNS FROM `grade` [ RunTime:0.0004s ]
SQL: INSERT INTO `grade` (`group`,`uname`,`filetype`,`pname`,`grade1`,`grade2`,`isgrade2`,`grade`) VALUES ('14','裴娇','2','舒善菌基本知识测试','0','1119,1120,1121,1122,1123,1124,1125,1126,1127,1128,1129,1130','0','0') [ RunTime:0.0002s ]

[ 2017-11-24T17:31:51+08:00 ] 58.59.0.246 /index.php/Kefu/Proknowledge/addgrade
INFO: [ app_begin ] --START--
INFO: Run Behavior\ReadHtmlCacheBehavior [ RunTime:0.000332s ]
INFO: [ app_begin ] --END-- [ RunTime:0.000632s ]
NOTIC: [8] Use of undefined constant POST - assumed 'POST' /home/wwwroot/tp3.2.3/Application/Kefu/Controller/ProknowledgeController.class.php 第 124 行.
SQL: SHOW COLUMNS FROM `jianda` [ RunTime:0.0005s ]
SQL: INSERT INTO `jianda` (`qid`,`qanswer`) VALUES ('85','疝气主要有腹股沟直疝、脐疝、切口疝、手术复发疝、白线疝、股疝等。腹股沟疝在腹股沟处可看到或摸到凸起快肿物，脐疝表现为肚脐会有凸起，通常因过渡劳累、便秘等因素引起腹内压过高，腹腔内器官通过人体间隙缺损薄弱处脱出，形成疝气。') [ RunTime:0.0002s ]
SQL: INSERT INTO `jianda` (`qid`,`qanswer`) VALUES ('86','1.疝气带疝气裤，通过物理挤压凸起的疝块，不能从根本上修复腹壁，当遇到腹内压过高是容易反复。2.传统手术，通过将腹壁细胞组织强行拉扯缝补来缓解疝气，一个大切口有6-8厘米，要住院7-8天，容易留疤，而且因为没有从根本上修复腹壁弹力，当过渡劳累便秘等使腹内压升高因素是容易反复。3.疝补片是通过腹腔镜手术来完成疝气补片，没有达到修复腹壁弹力的作用，容易反复。4.疝气贴是通过') [ RunTime:0.0001s ]
SQL: INSERT INTO `jianda` (`qid`,`qanswer`) VALUES ('87','小儿疝气是由于婴幼儿肠道菌群失衡，导致婴幼儿腹痛腹胀便秘，引起腹内压增高。小肠等器官通过腹壁薄弱处或肚脐脱出，形成疝气。婴幼儿处于生长发育的关键时刻，身体细胞的再生分裂能力比较强，完全可以通过自身细胞的再生修复通过保守调理来缓解疝气，可以使用舒善菌来调理失衡的肠道菌群环境，外敷腹壁营养素来调理疝气。') [ RunTime:0.0001s ]
SQL: INSERT INTO `jianda` (`qid`,`qanswer`) VALUES ('88','1.降低腹压，收缩疝囊。腹壁营养素迅速进入人体血液循环系统，行气活血，消除疝气肿块，软化疝囊，降低腹内压，将凸起偏坠的疝气回收复位。2.复位疝块，闭合疝口。疝囊回收入腹腔后，会在腹壁营养素的调理运转下，回到原来位置，防止腹腔内器官的错乱。增强腹壁破损细胞的再生修复能力，闭合疝口。3.修复腹壁，提高供养。在腹壁营养素的调理下，会增强人体血液循环系统对腹壁的供养，促进腹壁破损细胞组织的再生修复。4.增强腹壁自愈力，不反复。') [ RunTime:0.0001s ]
SQL: INSERT INTO `jianda` (`qid`,`qanswer`) VALUES ('89','主要成分有，山楂、茴香、柑橘子、桃仁、泽泻、荔枝核、乌药、延胡索、马尾藻、香附子、山胡椒。') [ RunTime:0.0001s ]
SQL: INSERT INTO `jianda` (`qid`,`qanswer`) VALUES ('90','1.美国原装进口，FDA认证，世界超强消疝种子配方，采用低温萃取技术，提取小分子多肽，缓解疝气精准有效。2.活性持久。腹壁营养素采用国际先进的智能酸碱缓控技术，能够有效躲避胃酸的侵蚀，安全进入小肠，缓慢释放，靶向消除疝气。3.原料致胜，腹壁营养素采用国际著名产地的高活性中子。4.安全纯天然，腹壁营养素的原料采用安全纯天然的有机植物种子，不含激素化学物质。5.国际认证，腹壁营养素在美国加拿大中国都有销售，获得国际认证，是美国医生强烈推荐的消疝佳剂。') [ RunTime:0.0001s ]
SQL: INSERT INTO `jianda` (`qid`,`qanswer`) VALUES ('91','手术是通过将腹壁细胞组织强行拉扯缝补来缓解疝气，一个大切口有6-8厘米，要住院7-8天，容易留疤，而且因为没有从根本上修复腹壁弹力，当过渡劳累便秘等使腹内压升高因素时容易反复。腹壁营养素在美国已经上市16年，经过了16年的市场检验，结果证明腹壁营养素消除疝气精准有效，而且没有手术的副作用。') [ RunTime:0.0001s ]
SQL: INSERT INTO `jianda` (`qid`,`qanswer`) VALUES ('92','腹壁薄弱，弹力降低等引起的疝气，高热等时不可以使用，腹壁营养素成人口服，每日三餐前空腹一次，每次2粒，婴幼儿外敷使用就可以，每日早晚各一次，每次4小时，将胶囊中的粉末倒在纱布上，用食醋或温水搅拌，在附上一张纱布，沾敷在小儿肚脐上。') [ RunTime:0.0001s ]
SQL: INSERT INTO `jianda` (`qid`,`qanswer`) VALUES ('93','我们是腹壁营养素唯一授权代理，而且厂家为了保证质量，坚持海外直邮，经过了海关清关的检验，绝对正品，腹壁营养素经过了美国农业部的认证，每一瓶都经过检验，而且不含激素盒化学物质，都是从植物中萃取的高活性物质，很多婴幼儿也在使用。') [ RunTime:0.0001s ]
SQL: INSERT INTO `jianda` (`qid`,`qanswer`) VALUES ('94','腹壁营养素在美国已经上市16年，经过了16年的市场检验，减少了60%的疝气手术，在美国，有98%的有疝气的人都通过腹壁营养素的调理告别了疝气，你也可以看我朋友圈的反馈，很多使用者都反应用后一星期疝气症状明显改善，使用1-2个月疝气就基本恢复了。') [ RunTime:0.0002s ]
SQL: INSERT INTO `jianda` (`qid`,`qanswer`) VALUES ('95','我们是腹壁营养素唯一授权代理，而且厂家为了保证质量，坚持海外直邮，经过了海关清关的检验。而且国内药店医院如果引进的话也会产生一些其他费用，我们是不希望将这些费用加到消费者身上的。') [ RunTime:0.0001s ]
SQL: INSERT INTO `jianda` (`qid`,`qanswer`) VALUES ('96','我们是厂家唯一授权代理，每一瓶都有防伪码，你可以上官网查询，保证正品。') [ RunTime:0.0001s ]
SQL: INSERT INTO `jianda` (`qid`,`qanswer`) VALUES ('97','疝气是人体的一颗定时炸弹，平时不痛不痒，但是当出现过度劳累用力过大等引起腹内压升高的
因素时，如果不及时修复，可能会引起肠梗阻肠坏死等严重并发症，严重者还会危及生命，所以疝气要及早恢复。') [ RunTime:0.0001s ]
SQL: INSERT INTO `jianda` (`qid`,`qanswer`) VALUES ('98','腹壁营养素在美国已经上市16年，经过了16年的市场检验，减少了60%的疝气手术，在美国，有98%的有疝气的人都通过腹壁营养素的调理告别了疝气，不会到了咱身上没有效果的。') [ RunTime:0.0001s ]
SQL: INSERT INTO `jianda` (`qid`,`qanswer`) VALUES ('99','1.你好
2.你好，我几年55岁，在腹股沟涨了个疝气包
1.鼓起来的时候有多大
2.有鸡蛋那大
1.平时有什么不适吗
2.有一些肿胀感
1.根据你的描述，是腹股沟疝，你的情况是完全可以通过调理来自愈的，你可以使用美国原装进口的腹壁营养素来调理。
2.可以治愈吗
1.腹壁营养素在美国已经上市16年，经过了16年的市场检验，减少了60%的疝气手术，在美国，有98%的有疝气的人都通过腹壁营养素的调理告别了疝气，不会到了咱身上没有效果的。
2.是正品吗
1.我们是厂家唯一授权代理，每一瓶都有防伪码，你可以上官网查询，保证正品
2.药店里有买吗
1.我们是腹壁营养素唯一授权代理，而且厂家为了保证质量，坚持海外直邮，经过了海关清关的检验。而且国内药店医院如果引进的话也会产生一些其他费用，我们是不希望将这些费用加到消费者身上的。
2.要不我还四去手术吧
1.手术是通过将腹壁细胞组织强行拉扯缝补来缓解疝气，一个大切口有6-8厘米，要住院7-8天，容易留疤，而且因为没有从根本上修复腹壁弹力，当过渡劳累便秘等使腹内压升高因素时容易反复。腹壁营养素在美国已经上市16年，经过了16年的市场检验，结果证明腹壁营养素消除疝气精准有效，而且没有手术的副作用。
2.太贵了
1.腹壁营养素是美国原装进口，海外直邮发货，你们自己去买的话，价格会更高的，我们是厂家唯一授权代理，所以也为你们见面了一些邮寄费用的，如果手术的话，容易留疤，而且手术不仅花钱搞而且还耽误工作，并且花费会更高，还有副作用。所以为什么不尝试一下呢。
2.那好吧，先给我两瓶。
2.
') [ RunTime:0.0001s ]
SQL: SHOW COLUMNS FROM `grade` [ RunTime:0.0004s ]
SQL: INSERT INTO `grade` (`group`,`uname`,`filetype`,`pname`,`grade1`,`grade2`,`isgrade2`,`grade`) VALUES ('14','裴娇','2','腹壁营养素基本知识测试','0','1131,1132,1133,1134,1135,1136,1137,1138,1139,1140,1141,1142,1143,1144,1145','0','0') [ RunTime:0.0002s ]

