[ 2017-11-18T11:56:08+08:00 ] 58.59.0.246 /index.php/Kefu/Comsys/addgrade
INFO: [ app_begin ] --START--
INFO: Run Behavior\ReadHtmlCacheBehavior [ RunTime:0.000304s ]
INFO: [ app_begin ] --END-- [ RunTime:0.000534s ]
NOTIC: [8] Use of undefined constant POST - assumed 'POST' /home/wwwroot/tp3.2.3/Application/Kefu/Controller/ComsysController.class.php 第 123 行.
SQL: SHOW COLUMNS FROM `jianda` [ RunTime:0.0008s ]
SQL: INSERT INTO `jianda` (`qid`,`qanswer`) VALUES ('61','成为一个有经验、成熟、熟练业务能力的客服销售人员。
近期目标，掌握好各种产品资料，熟练掌握产品话术。
长期目标，在工作中积累经验，积累好客户，每个月的销售额都能够突破自己，成为公司里不可或缺的一员。') [ RunTime:0.0004s ]
SQL: INSERT INTO `jianda` (`qid`,`qanswer`) VALUES ('62','提高业务能力，把工作当成自己的事情来做，努力完成业务，不断突破自己的业务能力。与同事搞好关系。') [ RunTime:0.0001s ]
SQL: INSERT INTO `jianda` (`qid`,`qanswer`) VALUES ('63','乐艾的情怀:品为魄，善做魂，赢天下，创未来。
企业愿景：做全球最好的产品，为健康护航。
企业的核心价值观：团结、高效、诚信、激情。
企业的发展宗旨：让更多的人健康，让更多的人快乐。以人为本，与员工共发展。
') [ RunTime:0.0001s ]
SQL: INSERT INTO `jianda` (`qid`,`qanswer`) VALUES ('64','使用登记表。') [ RunTime:0.0001s ]
SQL: INSERT INTO `jianda` (`qid`,`qanswer`) VALUES ('65','加班通知单，补偿，调休。') [ RunTime:0.0001s ]
SQL: INSERT INTO `jianda` (`qid`,`qanswer`) VALUES ('73','百分之二。') [ RunTime:0.0001s ]
SQL: INSERT INTO `jianda` (`qid`,`qanswer`) VALUES ('75','济南乐艾生物技术有限公司，张丽洁。') [ RunTime:0.0001s ]
SQL: INSERT INTO `jianda` (`qid`,`qanswer`) VALUES ('112','公出申单。') [ RunTime:0.0001s ]
SQL: INSERT INTO `jianda` (`qid`,`qanswer`) VALUES ('113','两天，三天。') [ RunTime:0.0001s ]
SQL: INSERT INTO `jianda` (`qid`,`qanswer`) VALUES ('114','200。') [ RunTime:0.0001s ]
SQL: INSERT INTO `jianda` (`qid`,`qanswer`) VALUES ('115','30，200,300,600,800,2000。') [ RunTime:0.0001s ]
SQL: INSERT INTO `jianda` (`qid`,`qanswer`) VALUES ('116','30。') [ RunTime:0.0001s ]
SQL: INSERT INTO `jianda` (`qid`,`qanswer`) VALUES ('117','百分之十。') [ RunTime:0.0001s ]
SQL: SHOW COLUMNS FROM `grade` [ RunTime:0.0004s ]
SQL: INSERT INTO `grade` (`group`,`uname`,`filetype`,`pname`,`grade1`,`grade2`,`isgrade2`,`grade`) VALUES ('14','张天宇','1','试题一','42','1086,1087,1088,1089,1090,1091,1092,1093,1094,1095,1096,1097,1098','0','42') [ RunTime:0.0002s ]

