[ 2017-10-28T14:49:38+08:00 ] 58.59.0.246 /index.php/Kefu/Proknowledge/addgrade
INFO: [ app_begin ] --START--
INFO: Run Behavior\ReadHtmlCacheBehavior [ RunTime:0.000308s ]
INFO: [ app_begin ] --END-- [ RunTime:0.000592s ]
NOTIC: [8] Use of undefined constant POST - assumed 'POST' /home/wwwroot/tp3.2.3/Application/Kefu/Controller/ProknowledgeController.class.php 第 124 行.
SQL: SHOW COLUMNS FROM `jianda` [ RunTime:0.0010s ]
SQL: INSERT INTO `jianda` (`qid`,`qanswer`) VALUES ('100','答：小儿疝气的原因：小儿疝气与成人疝气不同，不仅与腹内压增高，腹壁薄弱有关，还与肠道菌群失衡有关。
症状：多在出生几天或者数月后在腹股沟出现可复性的肿块，多数在2-3个月，也有一至两岁出现的，多在婴儿啼哭，咳嗽、喷嚏、排便情况下出现，发生率为1%-4%，男宝宝是女宝宝出现几率的10倍。早产儿更高，发生于肚脐以及两侧。') [ RunTime:0.0303s ]
SQL: INSERT INTO `jianda` (`qid`,`qanswer`) VALUES ('101','答：1、影响消化系统，疝气会影响孩子的肠胃，造成饮食不振，吐奶2、免疫抵抗力下降，因为疝气会影响孩子的肠胃，会造成食物到达肠胃不易被吸收，造成孩子营养不良，食欲下降，免疫力降低3、影响泌尿生殖系统，因为离生殖系统比较近，如果不及时治疗，会发生嵌顿，严重者会造成肠梗阻、肠坏死等危害，只能通过手术。如果不及时治疗会影响以后生殖能力。') [ RunTime:0.0002s ]
SQL: INSERT INTO `jianda` (`qid`,`qanswer`) VALUES ('102','答：舒善菌的优势：1、各类黄金配比益生菌，里面是高活性益生菌鼠李糖乳杆菌、罗伊氏乳杆菌等益生菌，深入调理肠道菌群，降低腹内压2、提高孩子自愈力，鼠李糖乳杆菌可以促进细胞分裂，增强腹壁弹性和厚度，缓解疝气3、MRS培养菌群保持高活效性，采用密封包装，褐色瓶遮光，保持菌类活性4、天然成分更安全，没有任何激素和化学添加，不含蛋白、奶制品、豆类、乳糖等容易过敏的成分。') [ RunTime:0.0001s ]
SQL: INSERT INTO `jianda` (`qid`,`qanswer`) VALUES ('103','答：舒善菌里面鼠李糖乳杆菌和罗伊氏乳杆菌等活性益生菌，是世界范围内研究最充分的菌种。实验证实，鼠李糖乳杆菌和罗伊氏乳杆菌可以调节失衡的肠道菌群，改善消化吸收功能，缓解胀气、疝气等症状，快速降低过高腹内压。二者还具有较高的肠道黏着率，可以促进细胞分裂，增强腹壁厚度与弹性，促进腹壁自愈能力，有效缓解婴幼儿疝气症状。') [ RunTime:0.0001s ]
SQL: INSERT INTO `jianda` (`qid`,`qanswer`) VALUES ('104','答：主要成分是鼠李糖乳杆菌、罗伊式乳杆菌等高活性益生菌.') [ RunTime:0.0001s ]
SQL: INSERT INTO `jianda` (`qid`,`qanswer`) VALUES ('105','答：主要适用人群：0-5周岁婴幼儿.
注意事项：婴幼儿心脏、肝脏疾病的不建议服用
鞘膜积液、嵌顿不能使用
不能与抗生素同时服用，要在服用抗生素2小时之后服用舒善菌') [ RunTime:0.0001s ]
SQL: INSERT INTO `jianda` (`qid`,`qanswer`) VALUES ('106','答：舒善菌孩子使用安全，采用多种益生菌配合，采用黄金益生菌配比，其中鼠李糖乳杆菌和罗伊氏乳杆菌的占比最大，可以改善肠道菌群失衡，促进细胞分裂、增强腹壁厚度和腹壁弹性。澳大利亚和意大利教授做过鼠李糖乳杆菌和罗伊氏乳杆菌的实验') [ RunTime:0.0001s ]
SQL: INSERT INTO `jianda` (`qid`,`qanswer`) VALUES ('107','答：做为家长，我能理解你的心情，都是为了让孩子少受点罪，这个你可以放心，舒善菌在美国已经上市15年，有10多万疝气患儿已经成功修复，美国宝妈的反馈是最好的证明，您也可以看我朋友圈里宝妈的反馈。') [ RunTime:0.0001s ]
SQL: INSERT INTO `jianda` (`qid`,`qanswer`) VALUES ('108','答：价格一般和效果都是成正比的，孩子口服的产品，更不能大意，便宜的我们也不敢给孩子服用，这已经是厂家给的最优惠的价格了，实在是没办法再优惠了，请您理解。') [ RunTime:0.0001s ]
SQL: INSERT INTO `jianda` (`qid`,`qanswer`) VALUES ('109','答：因为我们是美国直邮的产品，要从海关清关才能放行，没有交易是不能邮寄到达您这边的，请您谅解.') [ RunTime:0.0001s ]
SQL: INSERT INTO `jianda` (`qid`,`qanswer`) VALUES ('110','答：疝气对孩子的危害很大，一旦发生嵌顿，疝囊不能回纳，严重的可能会发生肠梗阻或肠坏死，到时候只能手术，手术对孩子的危害更大，请您慎重考虑。') [ RunTime:0.0001s ]
SQL: INSERT INTO `jianda` (`qid`,`qanswer`) VALUES ('111','答：家长：你好，我家孩子有疝气，这个舒善菌有效果吗？客服：孩子多大了，男孩女孩。家长：9个月，男孩。客服：疝囊有多大，在什么位置，躺下有吗。家长：有鸽子蛋大小，在腹股沟部位，躺下就没有。客服：通过你的描述，你家宝宝是腹股沟疝，宝宝这个情况通过保守调理，是可以自愈的。家长：怎么保守调理？客服：可以服用美国迪司贝儿舒善菌调理。家长：这个是什么东西？客服：这个是专门针对孩子疝气研发的一种复合益生菌，孩子疝气不仅是与腹内压增高，腹壁薄弱有关，意大利和澳大利亚儿科教授都做过实验，大部分婴幼儿疝气跟肠道菌群失衡有关。家长：是正品吗？客服：我们这个产品是美国直邮的，通过海关清关才行，每一瓶都有防伪码，可以通过官网查询。家长：怎么服用？客服：一盒10ml。一次服用0.4ml餐后半小时服用，一盒25天，可以放在水、奶粉、果汁、食物里服用.家长：不会有副作用吧，孩子小。客服：这个您可以放心，刚出生的孩子都能服用的。家长：多久能见效？客服：1周就能看见效果。一个周期2盒家长：那我先拿2盒吧.客服：好的，尽量避免孩子过度的哭闹，护理好孩子，避免孩子感冒，咳嗽喷嚏都会增高腹内压，多吃补气食物。家长：谢谢') [ RunTime:0.0001s ]
SQL: SHOW COLUMNS FROM `grade` [ RunTime:0.0005s ]
SQL: INSERT INTO `grade` (`group`,`uname`,`filetype`,`pname`,`grade1`,`grade2`,`isgrade2`,`grade`) VALUES ('14','赵芮','2','舒善菌基本知识测试','0','970,971,972,973,974,975,976,977,978,979,980,981','0','0') [ RunTime:0.0002s ]

[ 2017-10-28T16:30:21+08:00 ] 58.59.0.246 /index.php/Kefu/Proknowledge/addgrade
INFO: [ app_begin ] --START--
INFO: Run Behavior\ReadHtmlCacheBehavior [ RunTime:0.000338s ]
INFO: [ app_begin ] --END-- [ RunTime:0.000578s ]
NOTIC: [8] Use of undefined constant POST - assumed 'POST' /home/wwwroot/tp3.2.3/Application/Kefu/Controller/ProknowledgeController.class.php 第 124 行.
SQL: SHOW COLUMNS FROM `jianda` [ RunTime:0.0004s ]
SQL: INSERT INTO `jianda` (`qid`,`qanswer`) VALUES ('85','答：疝气分为腹股沟疝、脐疝、斜疝、手术复发疝、白线疝、股疝等
症状：常见腹股沟疝表现为腹股沟区可以看到或摸到肿块，平躺时可回复。脐疝多属于可复发疝，在肚脐位置或两侧。
') [ RunTime:0.0002s ]
SQL: INSERT INTO `jianda` (`qid`,`qanswer`) VALUES ('86','答：传统手术通过强行拉拢、缝补来改善疝气，1个创面大约6-8厘米，住院一个星期，而且因为腹壁没有被修复，容易反复，反复率高达36%
疝气带 通过对疝块部位的挤压固定使凸起的疝块回复，疝气带或者疝气裤无法修复受损的腹壁，对于疝块很难起到有效的祛除
疝补片修复术通过腹腔镜来完成疝气补片，有2-4个切口，因为无法改善腹壁弹性，在腹压增高的情况下容易出现反复。
疝气贴仅仅通过疏通和散热来改善疝气，无法有效消除疝块，仅能起到些微的缓解作用。


') [ RunTime:0.0001s ]
SQL: INSERT INTO `jianda` (`qid`,`qanswer`) VALUES ('87','答：小儿疝气一般有腹股沟疝、脐疝
小儿疝气可以外敷腹壁营养素，一次一粒，早晚各一次，外敷4小时。把腹壁营养素口服胶囊的粉末倒在干净的纱布上，用适量白醋或者温水拌匀，再覆盖一层纱布，包在肚脐的位置，用胶带固定住。') [ RunTime:0.0001s ]
SQL: INSERT INTO `jianda` (`qid`,`qanswer`) VALUES ('88','答：1、降低腹压、缩小疝囊 腹壁音营养素能够行气活血，减轻腹压，使疝囊逐渐缩小2、复位疝块、闭合疝口3、修复腹壁、加强供养通过提取植物种子的高活效性，来修复腹壁4、增强腹壁弹力、防止反复') [ RunTime:0.0001s ]
SQL: INSERT INTO `jianda` (`qid`,`qanswer`) VALUES ('89','答：山楂、柑橘子、茴香、荔枝核、桃仁、延胡索、泽泻、乌药、马尾藻、香附子、山胡椒') [ RunTime:0.0001s ]
SQL: INSERT INTO `jianda` (`qid`,`qanswer`) VALUES ('90','答：1、美国原装进口，美国FDA认证，强大消疝种子配方主要成分有山楂核、荔枝核、桃仁、柑橘种子等十几种，超微萃取技术提取小分子多肽2、活性持久腹壁营养素采用国际先进的智能酸碱缓控释技术，修复受损腹壁的网膜细胞，从源头上改善疝气。3、原料致胜 精选世界著名产地的高活性种子，同步修复腹壁，恢复腹壁弹性，缩小疝块。4、安全纯天然
  腹壁营养素原料全部采用纯天然有机种子，没有任何化学添加，没有任何副作用，老人孩子也可放心使用。
5、国际认证
  腹壁营养素目前在美国、加拿大、英国、中国、日本等多个国家均有销售，而且是美国FDA认证的疝气调理产品。
') [ RunTime:0.0001s ]
SQL: INSERT INTO `jianda` (`qid`,`qanswer`) VALUES ('91','答：疝气手术主要是将薄弱的腹壁强行拉拢，会使原本薄弱的腹壁更加薄弱，且手术复发率达到36%，造成一个6-8厘米的手术创面，而且住院至少一个星期，任何手术都会造成元气大伤，气血不足，术后的副作用很大。') [ RunTime:0.0001s ]
SQL: INSERT INTO `jianda` (`qid`,`qanswer`) VALUES ('92','答：0岁到75岁人群
答：高热时不能服用腹壁营养素') [ RunTime:0.0001s ]
SQL: INSERT INTO `jianda` (`qid`,`qanswer`) VALUES ('93','答：我是全国疝气咨询的健康顾问，我们的产品是从美国直邮的，而且会经过海关清关，每一瓶上都有防伪码，从官网上可以查询真伪。') [ RunTime:0.0001s ]
SQL: INSERT INTO `jianda` (`qid`,`qanswer`) VALUES ('94','答：有，我朋友圈里有用过的朋友的反馈，您可以看一下。') [ RunTime:0.0001s ]
SQL: INSERT INTO `jianda` (`qid`,`qanswer`) VALUES ('95','答：我们是美国腹壁营养素在中国的授权代理，腹壁营养素在2015年进入中国，是美国直邮的，在美国药店和医院都能看到，进入我们中国药店是需要一系列费用的，我们不希望把这些费用平摊到消费者身上。') [ RunTime:0.0001s ]
SQL: INSERT INTO `jianda` (`qid`,`qanswer`) VALUES ('96','答：我不是微商，我是美国腹壁营养素在中国的健康咨询顾问，我们的产品每一瓶都有防伪码，在官网上都可以查询真伪的。') [ RunTime:0.0001s ]
SQL: INSERT INTO `jianda` (`qid`,`qanswer`) VALUES ('97','答：疝气的危害挺大，如果耽误了，造成嵌顿，疝囊不能回纳，会造成肠梗阻，肠坏死等严重情况，到时候不得不进行手术治疗，请您慎重考虑。') [ RunTime:0.0001s ]
SQL: INSERT INTO `jianda` (`qid`,`qanswer`) VALUES ('98','答：因为我们的产品不含任何激素，没有任何化学添加，产品是纯天然的，通过七重酶解技术提取植物种子的高活性物质，逐渐修复腹壁，增加腹壁弹性，这是个循序渐进的过程，不能着急，建议您继续服用腹壁营养素。') [ RunTime:0.0001s ]
SQL: INSERT INTO `jianda` (`qid`,`qanswer`) VALUES ('99','答：患者：你好，我长了一个疝气包怎么办？客服：你好，请问你现在多大年龄？患者：50岁 客服：疝囊在什么位置？患者：在腹股沟那里 客服：多长时间了？患者：1年了。客服：疝囊有多大？患者：鼓起来有鸡蛋那样大。客服：平时疝囊有什么不舒服吗？患者：有点酸胀感。客服：你这是腹沟股疝气的症状，从你的情况来看，自愈的可能性不大，建议你用美国腹壁营养素来调理一下。患者：这是什么？客服：疝气主要是由于腹壁变薄，腹壁弹力下降引起的，腹壁营养素主要是增加腹壁厚度，增强腹壁弹性，从根本上解决疝气的。患者：安全吗？客服：腹壁营养素是通过七重酶技术提取植物种子的高活性物质，没有任何化学添加和激素，这个安全性可以放心。患者：药店有吗？客服：我们是美国直邮的，目前还没有进入国内药店，因为进入药店需要一系列费用，我们不希望把这些费用平摊在消费者身上。患者：万一没有效果怎么办？客服：腹壁营养素已经上市十多年了，很多患者都服用这个达到了好转，不可能到了你的身上没有效果的。患者：多少钱？客服：698，一盒60粒，一次2粒一天3次。患者：太贵了，10天就698啊。客户：你每天花10来块钱吃一些便宜的，1年下来也会好几千，而且效果也不会特别见效，我们这个虽然价格高，但是价格和效果是成正比的，一盒就能看见效果，而且还能缩短时间，这样不更好吗？患者：行，
那我先拿一个月的吧。') [ RunTime:0.0001s ]
SQL: SHOW COLUMNS FROM `grade` [ RunTime:0.0003s ]
SQL: INSERT INTO `grade` (`group`,`uname`,`filetype`,`pname`,`grade1`,`grade2`,`isgrade2`,`grade`) VALUES ('14','赵芮','2','腹壁营养素基本知识测试','0','982,983,984,985,986,987,988,989,990,991,992,993,994,995,996','0','0') [ RunTime:0.0002s ]

