[ 2018-06-16T14:40:19+08:00 ] 58.59.0.246 /index.php/Kefu/Proknowledge/addgrade
INFO: [ app_begin ] --START--
INFO: Run Behavior\ReadHtmlCacheBehavior [ RunTime:0.000496s ]
INFO: [ app_begin ] --END-- [ RunTime:0.000857s ]
SQL: SHOW COLUMNS FROM `user` [ RunTime:0.0007s ]
SQL: SHOW COLUMNS FROM `user` [ RunTime:0.0005s ]
SQL: SELECT `isexam` FROM `user` WHERE ( uid = 152 ) LIMIT 1   [ RunTime:0.0002s ]
NOTIC: [8] Use of undefined constant POST - assumed 'POST' /home/wwwroot/tp3.2.3/Application/Kefu/Controller/ProknowledgeController.class.php 第 124 行.
SQL: SHOW COLUMNS FROM `jianda` [ RunTime:0.0296s ]
SQL: INSERT INTO `jianda` (`qid`,`qanswer`) VALUES ('85','疝气分腹股沟疝气和脐疝   腹股沟疝气在腹股沟区和脐部看到或摸到鼓包，有时可达到阴囊或阴唇，平卧或休息时可以回纳，有些疝气人群可出现腹部胀痛等现象，小儿疝气则出现为便秘、食欲不振，表现为啼哭、不安等') [ RunTime:0.0461s ]
SQL: INSERT INTO `jianda` (`qid`,`qanswer`) VALUES ('86','1.疝气裤和疝气带：疝气裤和疝气带是将疝块进行挤压固定突出的包块，疝气带和疝气裤不能修复薄弱的腹壁，对凸起、渐大、下坠不能起到恨好的控制作用，不能消除疝气。
2.手术：疝气手术是通过缝补的方法，经缺损的周围组织进行强行拉拢，手术进行缝补缺损，一个大的切口大约是6到8厘米，住院7到10天，易留疤痕，因为不能修复腹壁，在咳嗽、喷嚏、便秘等外力因素下使腹内压增高，薄弱缺损处和周围组织会在再次突出，容易反复，复发李高达百分之36
3.疝气补片：疝气补片是通过腹腔镜来完成的补片，有2到4个切口，因为不能修复薄弱的腹壁，在腹内压增高的情况下，容易反复
4.疝气贴：仅仅是通过疏通与散热的方法来改善，不能消除疝块，对于修复腹壁等同于零，只能起到些许缓解作用') [ RunTime:0.0002s ]
SQL: INSERT INTO `jianda` (`qid`,`qanswer`) VALUES ('87','小儿疝气是先天性腹壁薄弱，器官或组织通过薄弱或缺损处突出
尽量避免过度啼哭、咳嗽、打喷嚏、便秘等外力因素影响，减少腹内压增高的情况') [ RunTime:0.0001s ]
SQL: INSERT INTO `jianda` (`qid`,`qanswer`) VALUES ('88','1.AS腹壁支持素进入人体血液循环后，在荔枝种子、川楝子等成分作用下，行气活血，软化疝囊，在山楂等成分的作用下，降低过高的腹内压，使凸起、下坠的疝囊回纳
2.疝囊回纳入腹腔后，AS腹壁支持素的茴香成分，增强肠蠕动，使小肠很自然的收缩回纳入腹腔，防止腹腔内器官错乱，促使疝环口闭合
3.AS腹壁支持素的荔枝种子、川楝子、柑橘种子等成分协同作用下，行气散结，使小肠气及小肠气引起的小腹部坠痛、腹胀等有较好的缓解作用
4.在十几种天然草本成分配比作用下，对腹壁器官和组织支持增强，增强腹壁支持和弹性能力') [ RunTime:0.0001s ]
SQL: INSERT INTO `jianda` (`qid`,`qanswer`) VALUES ('89','选用消疝种子配方，主要成分有荔枝种子、山楂种子、川楝子、柑橘种子等十几种天然成分') [ RunTime:0.0001s ]
SQL: INSERT INTO `jianda` (`qid`,`qanswer`) VALUES ('90','1.美国原装进口，厂家在美国德克萨斯州，旗下有多项研发产品，AS腹壁支持素是其中之一，从生产研发到配送，都经过严格检查
2.采用消疝种子配方，主要成分有荔枝种子、山楂种子、川楝子、柑橘种子等十几种天然成分，修复腹壁薄弱，增强腹壁弹性和支持能力
3.精选高活性种子配方，经过干燥、研磨等特殊处理、综合作用下，修复薄弱的腹壁，增强腹壁弹性和支持能力
4.AS腹壁支持素采用纯天然草本成分，没有任何化学成分添加，对人体没有副作用，婴幼儿都可以放心使用') [ RunTime:0.0002s ]
SQL: INSERT INTO `jianda` (`qid`,`qanswer`) VALUES ('91','其实疝气手术的原理非常简单，就是利用缝补的方法，将周围的组织进行强行拉拢，周围组织会再次受损，当腹内压增高的情况下，薄弱缺损处和周围组织会再次突出，容易反复，趁着现在可以回纳，可以采取保守修复调理，不要错过，因为手术治疗的话在腹内压增高的情况下容易反复') [ RunTime:0.0001s ]
SQL: INSERT INTO `jianda` (`qid`,`qanswer`) VALUES ('92','腹股沟疝气和脐疝适合使用
1.疝囊超过鹅蛋大小不能使用，疝囊过大可以先采取手术修补缺损口，然后在通过AS腹壁支持素进行营养修复，增强腹壁弹性
2.70岁以上人群使用
3.胃溃疡和高热人群不能使用
4.嵌顿者不能使用
5.鞘膜积液不能使用
6.心、肝、脑等器官有严重问题者不能使用') [ RunTime:0.0001s ]
SQL: INSERT INTO `jianda` (`qid`,`qanswer`) VALUES ('93','我不是医生，我是AS腹壁支持素专员，负责解答疝气问题咨询
AS腹壁支持素是美国原装进口的，是经过GMP生产标准检验的，入境时通过海关通关严格检验的，质量完全可以保证') [ RunTime:0.0001s ]
SQL: INSERT INTO `jianda` (`qid`,`qanswer`) VALUES ('94','AS腹壁支持素反馈作用非常好，为了保护疝友隐私，我们是不能泄露他们的联系方式的，不过我们这边有很多用过的反馈，我稍后可以给你发一下，您看一下') [ RunTime:0.0001s ]
SQL: INSERT INTO `jianda` (`qid`,`qanswer`) VALUES ('95','AS腹壁支持素是美国原装进口的，市面和药店没有出售') [ RunTime:0.0001s ]
SQL: INSERT INTO `jianda` (`qid`,`qanswer`) VALUES ('96','我们不是微商，我们是AS腹壁支持素专员
您购买后2个工作日会出来快递单号，我会把快递单号发给您，我们也会落实跟踪快递的，而且我的微信号都是实名认证的，都有绑定我的个人信息，人与人之间信任是最重要的，后期我也会对您跟踪指导服务的') [ RunTime:0.0001s ]
SQL: INSERT INTO `jianda` (`qid`,`qanswer`) VALUES ('97','不要因为您的顾虑而影响您的疝气情况，拖延时间越长，危害越大，疝气影响人体的消化系统和泌尿生殖系统，拖延到最后发生嵌顿，小肠卡住不能回纳，到时候只能手术了，趁着能保守修复，不要错过') [ RunTime:0.0001s ]
SQL: INSERT INTO `jianda` (`qid`,`qanswer`) VALUES ('98','AS腹壁支持素是一个循序渐进的过程，它是有一个持续吸收的过程的，您不要着急，慢慢调理，您的情况是可以修复的') [ RunTime:0.0001s ]
SQL: INSERT INTO `jianda` (`qid`,`qanswer`) VALUES ('99','A:您好：请问是给本人咨询还是家人咨询疝气？
B:是给自己
A:今年年龄多大？性别？
B:50岁，男
A:疝囊是在大腿根部还是在阴囊两侧？
B:在大腿根部
A:鼓包是鸡蛋大小还是核桃大小？
B:核桃大小
A:平卧或者休息时能疝囊回纳吗？
B:能回纳
A:发现疝气多长时间了？
B:有一年多时间吧
A:有没有腹部胀痛或疼痛的感觉？
B：没有
A:根据您的情况来看是腹股沟疝气，随着年龄的增长，腹壁薄弱，腹壁弹性降低，遇到久坐久站、咳嗽、打喷嚏、等外力因素的情况下，使腹内压增高，使小肠在薄弱或者缺损处突出，形成疝气，疝气形成的最主要原因就是腹壁薄弱、腹壁弹性降低，需要修复薄弱的腹壁，可以采取保守修复
B：怎么修复呢？
A:像你的情况可以使用美国进口的AS腹壁支持素进行调理修复，AS腹壁支持素是植物提取的，没有任何激素添加，里面的十几种天然草本成分可以营养腹壁，使腹壁不断增厚，增强腹壁弹性和支持，使疝囊回纳、疝环口闭合、鼓包消失：
B:是药吗？得服用多长时间才会有效果啊？
A:不是药，是腹壁营养素，一般服用10到20天左右的时间，疝囊掉下来的次数就减少，疝囊掉下来的次数就会减少，疝气带来的胀痛，疼痛的不适感有所好转，也就是比较明显了：根据其他反馈和你的情况来看，大概需要服用两个月的时间，两个月也就是6瓶
B:多少钱啊？
A:一个月3瓶是2100元，两个月6瓶是3400元？
B:怎么这么贵啊？要不我先买一瓶试试吧？
A:这都是统一价格，已经是最低了，进口过来都是通关税核算好的，您放心即使我买也是这个价钱，AS腹壁支持素是持续吸收的过程，是按月进行调理的额，单瓶的话是不安排发货的
B:我们只是微信上聊，万一我打给你钱，你不给我发货怎么办？
A:我的手机号就是我的微信号，都有绑定我个人信息，是实名认证的，2个工作日的时间会出来快递单号我会发给你，我这边也会落实跟踪快递的，人与人之间信任是最重要的，后期我也会对您跟踪指导服务的
B:有作用吗？
A:AS反馈作用非常好，有比您严重的都已经调理好了，您放心，您的情况是可以使用的
B:怎么购买啊：
A:AS腹壁支持素是美国原装进口的，把你的姓名、地址、电话发我一下、我给你统一办理邮寄
B:你们是医生吗？
A:我们不是医生，我们是AS腹壁支持素专员，负责解答疝气问题咨询
B:那我在考虑一下吧？需要的话在联系你
A:不要因为您的顾虑而影响您的疝气情况，拖延时间越长，危害越大，疝气影响人体的消化系统和泌尿生殖系统，拖延到最后发生嵌顿，小肠卡住不能回纳，到时候只能手术了，趁着能保守修复，不要错过
A:平时注意减少腹内压增高的情况，乳咳嗽、打喷嚏、便秘、剧烈运动等外力因素
饮食选择一些清润不太寒凉且破气的食物，如菠菜、活萝卜、西红柿。土豆、藕等，水果选择葡萄、苹果、桃子等，少吃辛辣刺激性食物，还有引起胀气的食物如豆类，多吃一些高热量、高维生素、高纤维饮食，少吃多餐
B:谢谢') [ RunTime:0.0002s ]
SQL: SHOW COLUMNS FROM `grade` [ RunTime:0.0083s ]
SQL: INSERT INTO `grade` (`group`,`uname`,`filetype`,`pname`,`grade1`,`grade2`,`isgrade2`,`grade`) VALUES ('14','陈燕','2','腹壁营养素基本知识测试','0','2028,2029,2030,2031,2032,2033,2034,2035,2036,2037,2038,2039,2040,2041,2042','0','0') [ RunTime:0.0036s ]

