[ 2018-03-07T17:14:11+08:00 ] 58.56.25.158 /index.php/Kefu/Comsys/addgrade
INFO: [ app_begin ] --START--
INFO: Run Behavior\ReadHtmlCacheBehavior [ RunTime:0.000358s ]
INFO: [ app_begin ] --END-- [ RunTime:0.000661s ]
SQL: SHOW COLUMNS FROM `user` [ RunTime:0.0006s ]
SQL: SHOW COLUMNS FROM `user` [ RunTime:0.0004s ]
SQL: SELECT `isexam` FROM `user` WHERE ( uid = 97 ) LIMIT 1   [ RunTime:0.0003s ]
NOTIC: [8] Use of undefined constant POST - assumed 'POST' /home/wwwroot/tp3.2.3/Application/Kefu/Controller/ComsysController.class.php 第 123 行.
SQL: SHOW COLUMNS FROM `jianda` [ RunTime:0.0188s ]
SQL: INSERT INTO `jianda` (`qid`,`qanswer`) VALUES ('61','挣自己的第一桶金，然后开个属于自己的加盟店') [ RunTime:0.0445s ]
SQL: INSERT INTO `jianda` (`qid`,`qanswer`) VALUES ('62','了解公司各项规章制度，并按规定执行，以积极的态度认真积极对待工作，遇到问题不要退锁，团结同事') [ RunTime:0.0002s ]
SQL: INSERT INTO `jianda` (`qid`,`qanswer`) VALUES ('63','做最好的产品，为健康护航') [ RunTime:0.0002s ]
SQL: INSERT INTO `jianda` (`qid`,`qanswer`) VALUES ('68','7    30 ') [ RunTime:0.0001s ]
SQL: INSERT INTO `jianda` (`qid`,`qanswer`) VALUES ('69','50 ') [ RunTime:0.0001s ]
SQL: INSERT INTO `jianda` (`qid`,`qanswer`) VALUES ('71','旷工半天') [ RunTime:0.0001s ]
SQL: INSERT INTO `jianda` (`qid`,`qanswer`) VALUES ('72','1%') [ RunTime:0.0001s ]
SQL: INSERT INTO `jianda` (`qid`,`qanswer`) VALUES ('73','2%') [ RunTime:0.0001s ]
SQL: INSERT INTO `jianda` (`qid`,`qanswer`) VALUES ('74','山东省济南市高新区三庆世纪财富中心AB座6021') [ RunTime:0.0001s ]
SQL: INSERT INTO `jianda` (`qid`,`qanswer`) VALUES ('75','济南乐艾生物技术有限公司                          张丽洁
') [ RunTime:0.0001s ]
SQL: INSERT INTO `jianda` (`qid`,`qanswer`) VALUES ('113','1   3') [ RunTime:0.0001s ]
SQL: INSERT INTO `jianda` (`qid`,`qanswer`) VALUES ('115','30  100  200    300  500  800') [ RunTime:0.0001s ]
SQL: INSERT INTO `jianda` (`qid`,`qanswer`) VALUES ('116','10') [ RunTime:0.0001s ]
SQL: SHOW COLUMNS FROM `grade` [ RunTime:0.0006s ]
SQL: INSERT INTO `grade` (`group`,`uname`,`filetype`,`pname`,`grade1`,`grade2`,`isgrade2`,`grade`) VALUES ('13','李文秀','1','最新制度考试','34','1537,1538,1539,1540,1541,1542,1543,1544,1545,1546,1547,1548,1549','0','34') [ RunTime:0.0002s ]

