[ 2018-04-26T15:17:59+08:00 ] 58.59.0.246 /index.php/NotKefu/Comsys/addgrade
INFO: [ app_begin ] --START--
INFO: Run Behavior\ReadHtmlCacheBehavior [ RunTime:0.000378s ]
INFO: [ app_begin ] --END-- [ RunTime:0.000669s ]
SQL: SHOW COLUMNS FROM `user` [ RunTime:0.0007s ]
SQL: SHOW COLUMNS FROM `user` [ RunTime:0.0005s ]
SQL: SELECT `isexam` FROM `user` WHERE ( uid = 140 ) LIMIT 1   [ RunTime:0.0002s ]
NOTIC: [8] Use of undefined constant POST - assumed 'POST' /home/wwwroot/tp3.2.3/Application/NotKefu/Controller/ComsysController.class.php 第 122 行.
SQL: SHOW COLUMNS FROM `jianda` [ RunTime:0.0003s ]
SQL: INSERT INTO `jianda` (`qid`,`qanswer`) VALUES ('61','通过自身的努力，赢得领导与同事的肯定。选择了这门职业，就要真心去热爱这门职业。在平凡的岗位上争取做出不平凡的成绩。
少去计较个人得失，开心过好生活。日子可以过得不富裕，但一定要过得开心。
将自己完全融入集体，完全进入工作的状态，在工作中虚心向前辈学习，做好一个员工的基本工作，扎实各项基本功。
不断提升自己，改变自己，不断地向老员工学习。
通过自己的双手改善自己的生活，从而承担起家庭中责任。') [ RunTime:0.0002s ]
SQL: INSERT INTO `jianda` (`qid`,`qanswer`) VALUES ('62','快乐的工作，健康的生活，') [ RunTime:0.0001s ]
SQL: INSERT INTO `jianda` (`qid`,`qanswer`) VALUES ('63','一、企业愿景：做全球最好的产品，为健康护航
二、企业的核心价值观：团结、高效、诚信、激情。
三、企业的发展宗旨：让更多的人健康，让更多的人快乐。以人为本，与员工共发展。
乐艾-乐爱') [ RunTime:0.0001s ]
SQL: INSERT INTO `jianda` (`qid`,`qanswer`) VALUES ('68','试用期：7天
转正：30天') [ RunTime:0.0001s ]
SQL: INSERT INTO `jianda` (`qid`,`qanswer`) VALUES ('69','50元') [ RunTime:0.0001s ]
SQL: INSERT INTO `jianda` (`qid`,`qanswer`) VALUES ('71','旷工') [ RunTime:0.0001s ]
SQL: INSERT INTO `jianda` (`qid`,`qanswer`) VALUES ('72','1%') [ RunTime:0.0001s ]
SQL: INSERT INTO `jianda` (`qid`,`qanswer`) VALUES ('73','2%') [ RunTime:0.0001s ]
SQL: INSERT INTO `jianda` (`qid`,`qanswer`) VALUES ('74','高新区三庆实际财富中心b1座602') [ RunTime:0.0001s ]
SQL: INSERT INTO `jianda` (`qid`,`qanswer`) VALUES ('75','济南乐艾生物技术有限公司      张丽洁') [ RunTime:0.0001s ]
SQL: INSERT INTO `jianda` (`qid`,`qanswer`) VALUES ('113','1天       3个工作日') [ RunTime:0.0001s ]
SQL: INSERT INTO `jianda` (`qid`,`qanswer`) VALUES ('115','30天        300元      500元      800元') [ RunTime:0.0001s ]
SQL: INSERT INTO `jianda` (`qid`,`qanswer`) VALUES ('116','30天') [ RunTime:0.0001s ]
SQL: SHOW COLUMNS FROM `grade` [ RunTime:0.0004s ]
SQL: INSERT INTO `grade` (`group`,`uname`,`filetype`,`pname`,`grade1`,`grade2`,`isgrade2`,`grade`) VALUES ('12','贾东辉','1','最新制度考试','40','1930,1931,1932,1933,1934,1935,1936,1937,1938,1939,1940,1941,1942','0','40') [ RunTime:0.0002s ]

