[ 2018-02-03T16:38:20+08:00 ] 58.56.25.158 /index.php/NotKefu/Comsys/addgrade
INFO: [ app_begin ] --START--
INFO: Run Behavior\ReadHtmlCacheBehavior [ RunTime:0.000421s ]
INFO: [ app_begin ] --END-- [ RunTime:0.000710s ]
SQL: SHOW COLUMNS FROM `user` [ RunTime:0.0007s ]
SQL: SHOW COLUMNS FROM `user` [ RunTime:0.0005s ]
SQL: SELECT `isexam` FROM `user` WHERE ( uid = 95 ) LIMIT 1   [ RunTime:0.0002s ]
NOTIC: [8] Use of undefined constant POST - assumed 'POST' /home/wwwroot/tp3.2.3/Application/NotKefu/Controller/ComsysController.class.php 第 122 行.
SQL: SHOW COLUMNS FROM `jianda` [ RunTime:0.0153s ]
SQL: INSERT INTO `jianda` (`qid`,`qanswer`) VALUES ('61','1.整合公司提供资源结合公司团队，将线下母婴产品全国母婴门店进货推广，将乐艾母婴微世界发展到全国各社区，母婴实物产品及服务产品销量名列前茅。
2.为公司培养一支战斗力强执行力强学习力强的团队
3.将乐艾品牌在母婴行业、宝妈心中深入民心。

') [ RunTime:0.0506s ]
SQL: INSERT INTO `jianda` (`qid`,`qanswer`) VALUES ('62','1.首先学习力强、执行力强、勇于创新、能团结同事及时了解公司现有平台还有资源
2.服从公司整体发展布局及规章流程。
3.将公司发展当做自己创业去完成，为公司创造效益同时') [ RunTime:0.0002s ]
SQL: INSERT INTO `jianda` (`qid`,`qanswer`) VALUES ('63','公司愿景：做全球最好的产品，为健康护航。
公司核心价值观：团结、高效、诚信、激情。
公司发展宗旨：让更多的人健康，让更多的人快乐，以人为本，与员工共发展。') [ RunTime:0.0002s ]
SQL: INSERT INTO `jianda` (`qid`,`qanswer`) VALUES ('68','试用期员工需提前_7_天提出辞职申请，已转正员工需提前_30_天提出书面申请，经上级主管同意转人事部并报公司总经理同意后方可办理辞职手续') [ RunTime:0.0001s ]
SQL: INSERT INTO `jianda` (`qid`,`qanswer`) VALUES ('69','公司实行指纹打卡的考勤制度，托人打卡或替人打卡者，一经发现给予双方各____50__元的罚款') [ RunTime:0.0001s ]
SQL: INSERT INTO `jianda` (`qid`,`qanswer`) VALUES ('71','凡迟到、早退30分钟以上，视为_旷工_') [ RunTime:0.0001s ]
SQL: INSERT INTO `jianda` (`qid`,`qanswer`) VALUES ('72','凡迟到、早退在10分钟以内者，每人次罚款月度工资的_1%_，在当月工资中扣除') [ RunTime:0.0001s ]
SQL: INSERT INTO `jianda` (`qid`,`qanswer`) VALUES ('73','凡迟到、早退在10-30分钟以内者，每人次罚款月度工资的_2%_，在当月工资中扣除。') [ RunTime:0.0001s ]
SQL: INSERT INTO `jianda` (`qid`,`qanswer`) VALUES ('74','公司的联系地址：山东省济南市高新区三庆世纪财富中心B2入口6楼603') [ RunTime:0.0001s ]
SQL: INSERT INTO `jianda` (`qid`,`qanswer`) VALUES ('75','乐艾生物的全称：济南乐艾生物科技有限公司。公司总经理为：张丽洁') [ RunTime:0.0001s ]
SQL: INSERT INTO `jianda` (`qid`,`qanswer`) VALUES ('113','请假审批权限：普通员工请假1-2天，需提前___2___天申请，请假2天以上，需提前____3__天申请') [ RunTime:0.0001s ]
SQL: INSERT INTO `jianda` (`qid`,`qanswer`) VALUES ('115','员工凡入职满___7___天，都享有转介绍新员工的权利；转介绍的新员工（客服岗位除外）入职一个月的奖励：普通员工__200元____、主管___300元___、经理级___600元___、总监级(副总经理级) ___800元___、总经理级人员___2000元___') [ RunTime:0.0001s ]
SQL: INSERT INTO `jianda` (`qid`,`qanswer`) VALUES ('116','年假必须提前___30___天进行申请') [ RunTime:0.0001s ]
SQL: SHOW COLUMNS FROM `grade` [ RunTime:0.0006s ]
SQL: INSERT INTO `grade` (`group`,`uname`,`filetype`,`pname`,`grade1`,`grade2`,`isgrade2`,`grade`) VALUES ('16','史焕明','1','最新制度考试','40','1448,1449,1450,1451,1452,1453,1454,1455,1456,1457,1458,1459,1460','0','40') [ RunTime:0.0003s ]

[ 2018-02-03T16:40:21+08:00 ] 58.56.25.158 /index.php/NotKefu/Comsys/addgrade
INFO: [ app_begin ] --START--
INFO: Run Behavior\ReadHtmlCacheBehavior [ RunTime:0.000404s ]
INFO: [ app_begin ] --END-- [ RunTime:0.000736s ]
SQL: SHOW COLUMNS FROM `user` [ RunTime:0.0006s ]
SQL: SHOW COLUMNS FROM `user` [ RunTime:0.0005s ]
SQL: SELECT `isexam` FROM `user` WHERE ( uid = 95 ) LIMIT 1   [ RunTime:0.0002s ]
NOTIC: [8] Use of undefined constant POST - assumed 'POST' /home/wwwroot/tp3.2.3/Application/NotKefu/Controller/ComsysController.class.php 第 122 行.
SQL: SHOW COLUMNS FROM `jianda` [ RunTime:0.0003s ]
SQL: INSERT INTO `jianda` (`qid`,`qanswer`) VALUES ('61','') [ RunTime:0.0002s ]
SQL: INSERT INTO `jianda` (`qid`,`qanswer`) VALUES ('62','') [ RunTime:0.0001s ]
SQL: INSERT INTO `jianda` (`qid`,`qanswer`) VALUES ('63','') [ RunTime:0.0001s ]
SQL: INSERT INTO `jianda` (`qid`,`qanswer`) VALUES ('68','') [ RunTime:0.0001s ]
SQL: INSERT INTO `jianda` (`qid`,`qanswer`) VALUES ('69','') [ RunTime:0.0001s ]
SQL: INSERT INTO `jianda` (`qid`,`qanswer`) VALUES ('71','') [ RunTime:0.0001s ]
SQL: INSERT INTO `jianda` (`qid`,`qanswer`) VALUES ('72','') [ RunTime:0.0001s ]
SQL: INSERT INTO `jianda` (`qid`,`qanswer`) VALUES ('73','') [ RunTime:0.0001s ]
SQL: INSERT INTO `jianda` (`qid`,`qanswer`) VALUES ('74','') [ RunTime:0.0001s ]
SQL: INSERT INTO `jianda` (`qid`,`qanswer`) VALUES ('75','') [ RunTime:0.0001s ]
SQL: INSERT INTO `jianda` (`qid`,`qanswer`) VALUES ('113','') [ RunTime:0.0001s ]
SQL: INSERT INTO `jianda` (`qid`,`qanswer`) VALUES ('115','') [ RunTime:0.0001s ]
SQL: INSERT INTO `jianda` (`qid`,`qanswer`) VALUES ('116','') [ RunTime:0.0001s ]
SQL: SHOW COLUMNS FROM `grade` [ RunTime:0.0004s ]
SQL: INSERT INTO `grade` (`group`,`uname`,`filetype`,`pname`,`grade1`,`grade2`,`isgrade2`,`grade`) VALUES ('16','史焕明','1','最新制度考试','0','1461,1462,1463,1464,1465,1466,1467,1468,1469,1470,1471,1472,1473','0','0') [ RunTime:0.0002s ]

[ 2018-02-03T16:42:43+08:00 ] 58.56.25.158 /index.php/NotKefu/Comsys/addgrade
INFO: [ app_begin ] --START--
INFO: Run Behavior\ReadHtmlCacheBehavior [ RunTime:0.000435s ]
INFO: [ app_begin ] --END-- [ RunTime:0.000776s ]
SQL: SHOW COLUMNS FROM `user` [ RunTime:0.0007s ]
SQL: SHOW COLUMNS FROM `user` [ RunTime:0.0005s ]
SQL: SELECT `isexam` FROM `user` WHERE ( uid = 95 ) LIMIT 1   [ RunTime:0.0002s ]
NOTIC: [8] Use of undefined constant POST - assumed 'POST' /home/wwwroot/tp3.2.3/Application/NotKefu/Controller/ComsysController.class.php 第 122 行.
SQL: SHOW COLUMNS FROM `jianda` [ RunTime:0.0003s ]
SQL: INSERT INTO `jianda` (`qid`,`qanswer`) VALUES ('61','') [ RunTime:0.0002s ]
SQL: INSERT INTO `jianda` (`qid`,`qanswer`) VALUES ('62','') [ RunTime:0.0002s ]
SQL: INSERT INTO `jianda` (`qid`,`qanswer`) VALUES ('63','') [ RunTime:0.0001s ]
SQL: INSERT INTO `jianda` (`qid`,`qanswer`) VALUES ('68','') [ RunTime:0.0001s ]
SQL: INSERT INTO `jianda` (`qid`,`qanswer`) VALUES ('69','') [ RunTime:0.0001s ]
SQL: INSERT INTO `jianda` (`qid`,`qanswer`) VALUES ('71','') [ RunTime:0.0002s ]
SQL: INSERT INTO `jianda` (`qid`,`qanswer`) VALUES ('72','') [ RunTime:0.0001s ]
SQL: INSERT INTO `jianda` (`qid`,`qanswer`) VALUES ('73','') [ RunTime:0.0002s ]
SQL: INSERT INTO `jianda` (`qid`,`qanswer`) VALUES ('74','') [ RunTime:0.0001s ]
SQL: INSERT INTO `jianda` (`qid`,`qanswer`) VALUES ('75','') [ RunTime:0.0001s ]
SQL: INSERT INTO `jianda` (`qid`,`qanswer`) VALUES ('113','') [ RunTime:0.0001s ]
SQL: INSERT INTO `jianda` (`qid`,`qanswer`) VALUES ('115','') [ RunTime:0.0001s ]
SQL: INSERT INTO `jianda` (`qid`,`qanswer`) VALUES ('116','') [ RunTime:0.0001s ]
SQL: SHOW COLUMNS FROM `grade` [ RunTime:0.0004s ]
SQL: INSERT INTO `grade` (`group`,`uname`,`filetype`,`pname`,`grade1`,`grade2`,`isgrade2`,`grade`) VALUES ('16','史焕明','1','最新制度考试','0','1474,1475,1476,1477,1478,1479,1480,1481,1482,1483,1484,1485,1486','0','0') [ RunTime:0.0002s ]

