[ 2018-01-31T16:53:36+08:00 ] 58.56.25.158 /index.php/NotKefu/Comsys/addgrade
INFO: [ app_begin ] --START--
INFO: Run Behavior\ReadHtmlCacheBehavior [ RunTime:0.000363s ]
INFO: [ app_begin ] --END-- [ RunTime:0.000631s ]
SQL: SHOW COLUMNS FROM `user` [ RunTime:0.0007s ]
SQL: SHOW COLUMNS FROM `user` [ RunTime:0.0005s ]
SQL: SELECT `isexam` FROM `user` WHERE ( uid = 94 ) LIMIT 1   [ RunTime:0.0002s ]
NOTIC: [8] Use of undefined constant POST - assumed 'POST' /home/wwwroot/tp3.2.3/Application/NotKefu/Controller/ComsysController.class.php 第 122 行.
SQL: SHOW COLUMNS FROM `jianda` [ RunTime:0.0313s ]
SQL: INSERT INTO `jianda` (`qid`,`qanswer`) VALUES ('61','作为人事专员，我的规划是：1年内能够熟悉招聘的所有业务，独立进行招聘工作；2-3年内能够涉及除招聘之外的其他人事工作；3-5年内职位能够有进一步的提升') [ RunTime:0.0456s ]
SQL: INSERT INTO `jianda` (`qid`,`qanswer`) VALUES ('62','1.招聘更多的客服人员来扩大公司的规模
2.将乐艾的文化和精神传达给员工
3.为乐艾选拔更多的人才增强公司的实力') [ RunTime:0.0004s ]
SQL: INSERT INTO `jianda` (`qid`,`qanswer`) VALUES ('63','企业愿景：做全球最好的产品，为健康保驾护航
核心价值观:团结、高效、诚信、激情
发展宗旨：让更多的人健康，让更多的人快乐。以人为本，与员工共同发展。
情怀：品为魄，善作魂，赢天下，创未来。
') [ RunTime:0.0001s ]
SQL: INSERT INTO `jianda` (`qid`,`qanswer`) VALUES ('68','试用期员工需提前_7_天提出辞职申请，已转正员工需提前_30_天提出书面申请，经上级主管同意转人事部并报公司总经理同意后方可办理辞职手续') [ RunTime:0.0001s ]
SQL: INSERT INTO `jianda` (`qid`,`qanswer`) VALUES ('69','公司实行指纹打卡的考勤制度，托人打卡或替人打卡者，一经发现给予双方各___50___元的罚款') [ RunTime:0.0001s ]
SQL: INSERT INTO `jianda` (`qid`,`qanswer`) VALUES ('71','旷工') [ RunTime:0.0002s ]
SQL: INSERT INTO `jianda` (`qid`,`qanswer`) VALUES ('72','1%') [ RunTime:0.0001s ]
SQL: INSERT INTO `jianda` (`qid`,`qanswer`) VALUES ('73','2%') [ RunTime:0.0001s ]
SQL: INSERT INTO `jianda` (`qid`,`qanswer`) VALUES ('74','济南市高新区三庆世纪财富中心B2座603') [ RunTime:0.0001s ]
SQL: INSERT INTO `jianda` (`qid`,`qanswer`) VALUES ('75','乐艾生物的全称济南乐艾生物技术有限公司，公司总经理为张丽洁。') [ RunTime:0.0001s ]
SQL: INSERT INTO `jianda` (`qid`,`qanswer`) VALUES ('113','请假审批权限：普通员工请假1-2天，需提前___2___天申请，请假2天以上，需提前__3____天申请。') [ RunTime:0.0001s ]
SQL: INSERT INTO `jianda` (`qid`,`qanswer`) VALUES ('115','员工凡入职满__7____天，都享有转介绍新员工的权利；转介绍的新员工（客服岗位除外）入职一个月的奖励：普通员工__200元____、主管__300元____、经理级_600元_____、总监级(副总经理级) __800元____、总经理级人员__2000元____') [ RunTime:0.0001s ]
SQL: INSERT INTO `jianda` (`qid`,`qanswer`) VALUES ('116','30') [ RunTime:0.0001s ]
SQL: SHOW COLUMNS FROM `grade` [ RunTime:0.0006s ]
SQL: INSERT INTO `grade` (`group`,`uname`,`filetype`,`pname`,`grade1`,`grade2`,`isgrade2`,`grade`) VALUES ('1','邱胜华','1','最新制度考试','42','1435,1436,1437,1438,1439,1440,1441,1442,1443,1444,1445,1446,1447','0','42') [ RunTime:0.0002s ]

