[ 2017-04-21T10:22:43+08:00 ] ::1 /tp3.2.3/index.php/Admin/Person/index
ERR: 1054:Unknown column '0uname' in 'where clause'
 [ SQL语句 ] : SELECT COUNT(*) AS tp_count FROM `user` WHERE ( identify = 0uname='赵诗涛' ) LIMIT 1  

[ 2017-04-21T10:25:34+08:00 ] ::1 /tp3.2.3/index.php/Admin/Person/status
INFO: [ app_begin ] --START--
INFO: Run Behavior\ReadHtmlCacheBehavior [ RunTime:0.000000s ]
INFO: [ app_begin ] --END-- [ RunTime:0.000000s ]
ERR: 非法操作:status

[ 2017-04-21T10:26:57+08:00 ] ::1 /tp3.2.3/index.php/Admin/Person/status
INFO: [ app_begin ] --START--
INFO: Run Behavior\ReadHtmlCacheBehavior [ RunTime:0.000000s ]
INFO: [ app_begin ] --END-- [ RunTime:0.000000s ]
SQL: SHOW COLUMNS FROM `question` [ RunTime:0.0010s ]
SQL: UPDATE `question` SET `status`='0' WHERE ( id='1' ) [ RunTime:0.0010s ]

[ 2017-04-21T10:27:03+08:00 ] ::1 /tp3.2.3/index.php/Admin/Person/status
INFO: [ app_begin ] --START--
INFO: Run Behavior\ReadHtmlCacheBehavior [ RunTime:0.000000s ]
INFO: [ app_begin ] --END-- [ RunTime:0.000000s ]
SQL: SHOW COLUMNS FROM `question` [ RunTime:0.0010s ]
SQL: UPDATE `question` SET `status`='0' WHERE ( id='1' ) [ RunTime:0.0000s ]

[ 2017-04-21T10:27:07+08:00 ] ::1 /tp3.2.3/index.php/Admin/Person/status
INFO: [ app_begin ] --START--
INFO: Run Behavior\ReadHtmlCacheBehavior [ RunTime:0.000000s ]
INFO: [ app_begin ] --END-- [ RunTime:0.000000s ]
SQL: SHOW COLUMNS FROM `question` [ RunTime:0.0010s ]
SQL: UPDATE `question` SET `status`='0' WHERE ( id='1' ) [ RunTime:0.0000s ]

[ 2017-04-21T10:36:29+08:00 ] ::1 /tp3.2.3/index.php/Admin/User
ERR: 无法加载控制器:User

[ 2017-04-21T10:36:33+08:00 ] ::1 /tp3.2.3/index.php/Admin/User/
ERR: 无法加载控制器:User

[ 2017-04-21T10:36:36+08:00 ] ::1 /tp3.2.3/index.php/Admin/User/
ERR: 无法加载控制器:User

[ 2017-04-21T10:37:02+08:00 ] ::1 /tp3.2.3/index.php/Admin/Person/status
INFO: [ app_begin ] --START--
INFO: Run Behavior\ReadHtmlCacheBehavior [ RunTime:0.000000s ]
INFO: [ app_begin ] --END-- [ RunTime:0.000000s ]
SQL: SHOW COLUMNS FROM `user` [ RunTime:0.0010s ]
SQL: UPDATE `user` SET `status`='0' WHERE ( uid='1' ) [ RunTime:0.0010s ]

[ 2017-04-21T10:39:11+08:00 ] ::1 /tp3.2.3/index.php/Admin/Person/status
INFO: [ app_begin ] --START--
INFO: Run Behavior\ReadHtmlCacheBehavior [ RunTime:0.000000s ]
INFO: [ app_begin ] --END-- [ RunTime:0.000000s ]
SQL: SHOW COLUMNS FROM `user` [ RunTime:0.0010s ]
SQL: UPDATE `user` SET `status`='1' WHERE ( uid='1' ) [ RunTime:0.0000s ]

[ 2017-04-21T10:40:16+08:00 ] ::1 /tp3.2.3/index.php/Admin/Person/status
INFO: [ app_begin ] --START--
INFO: Run Behavior\ReadHtmlCacheBehavior [ RunTime:0.000000s ]
INFO: [ app_begin ] --END-- [ RunTime:0.000000s ]
SQL: SHOW COLUMNS FROM `user` [ RunTime:0.0010s ]
SQL: UPDATE `user` SET `status`='0' WHERE ( uid='1' ) [ RunTime:0.0000s ]

[ 2017-04-21T10:40:26+08:00 ] ::1 /tp3.2.3/index.php/Admin/Person/status
INFO: [ app_begin ] --START--
INFO: Run Behavior\ReadHtmlCacheBehavior [ RunTime:0.000000s ]
INFO: [ app_begin ] --END-- [ RunTime:0.000000s ]
SQL: SHOW COLUMNS FROM `user` [ RunTime:0.0010s ]
SQL: UPDATE `user` SET `status`='1' WHERE ( uid='1' ) [ RunTime:0.0000s ]

[ 2017-04-21T10:41:20+08:00 ] ::1 /tp3.2.3/index.php/Admin/Paper/status
INFO: [ app_begin ] --START--
INFO: Run Behavior\ReadHtmlCacheBehavior [ RunTime:0.000000s ]
INFO: [ app_begin ] --END-- [ RunTime:0.000000s ]
SQL: SHOW COLUMNS FROM `paper` [ RunTime:0.0010s ]
SQL: UPDATE `paper` SET `status`='0' WHERE ( pid='10' ) [ RunTime:0.0000s ]

[ 2017-04-21T10:41:22+08:00 ] ::1 /tp3.2.3/index.php/Admin/Paper/status
INFO: [ app_begin ] --START--
INFO: Run Behavior\ReadHtmlCacheBehavior [ RunTime:0.001000s ]
INFO: [ app_begin ] --END-- [ RunTime:0.001000s ]
SQL: SHOW COLUMNS FROM `paper` [ RunTime:0.0010s ]
SQL: UPDATE `paper` SET `status`='1' WHERE ( pid='10' ) [ RunTime:0.0000s ]

[ 2017-04-21T10:41:36+08:00 ] ::1 /tp3.2.3/index.php/Admin/Person/status
INFO: [ app_begin ] --START--
INFO: Run Behavior\ReadHtmlCacheBehavior [ RunTime:0.000000s ]
INFO: [ app_begin ] --END-- [ RunTime:0.001000s ]
SQL: SHOW COLUMNS FROM `user` [ RunTime:0.0010s ]
SQL: UPDATE `user` SET `status`='0' WHERE ( uid='1' ) [ RunTime:0.0000s ]

[ 2017-04-21T10:43:43+08:00 ] ::1 /tp3.2.3/index.php/Admin/Person/status
INFO: [ app_begin ] --START--
INFO: Run Behavior\ReadHtmlCacheBehavior [ RunTime:0.000000s ]
INFO: [ app_begin ] --END-- [ RunTime:0.000000s ]
SQL: SHOW COLUMNS FROM `user` [ RunTime:0.0010s ]
SQL: UPDATE `user` SET `status`='1' WHERE ( uid='1' ) [ RunTime:0.0010s ]

[ 2017-04-21T10:44:36+08:00 ] ::1 /tp3.2.3/index.php/Admin/Person/status
INFO: [ app_begin ] --START--
INFO: Run Behavior\ReadHtmlCacheBehavior [ RunTime:0.001000s ]
INFO: [ app_begin ] --END-- [ RunTime:0.001000s ]
SQL: SHOW COLUMNS FROM `user` [ RunTime:0.0010s ]
SQL: UPDATE `user` SET `status`='0' WHERE ( uid='1' ) [ RunTime:0.0000s ]

[ 2017-04-21T10:44:38+08:00 ] ::1 /tp3.2.3/index.php/Admin/Person/status
INFO: [ app_begin ] --START--
INFO: Run Behavior\ReadHtmlCacheBehavior [ RunTime:0.000000s ]
INFO: [ app_begin ] --END-- [ RunTime:0.000000s ]
SQL: SHOW COLUMNS FROM `user` [ RunTime:0.0010s ]
SQL: UPDATE `user` SET `status`='0' WHERE ( uid='1' ) [ RunTime:0.0000s ]

[ 2017-04-21T10:44:42+08:00 ] ::1 /tp3.2.3/index.php/Admin/Person/status
INFO: [ app_begin ] --START--
INFO: Run Behavior\ReadHtmlCacheBehavior [ RunTime:0.001000s ]
INFO: [ app_begin ] --END-- [ RunTime:0.001000s ]
SQL: SHOW COLUMNS FROM `user` [ RunTime:0.0010s ]
SQL: UPDATE `user` SET `status`='0' WHERE ( uid='1' ) [ RunTime:0.0000s ]

[ 2017-04-21T10:44:48+08:00 ] ::1 /tp3.2.3/index.php/Admin/Person/status
INFO: [ app_begin ] --START--
INFO: Run Behavior\ReadHtmlCacheBehavior [ RunTime:0.000000s ]
INFO: [ app_begin ] --END-- [ RunTime:0.000000s ]
SQL: SHOW COLUMNS FROM `user` [ RunTime:0.0010s ]
SQL: UPDATE `user` SET `status`='1' WHERE ( uid='1' ) [ RunTime:0.0000s ]

[ 2017-04-21T10:44:54+08:00 ] ::1 /tp3.2.3/index.php/Admin/Person/status
INFO: [ app_begin ] --START--
INFO: Run Behavior\ReadHtmlCacheBehavior [ RunTime:0.000000s ]
INFO: [ app_begin ] --END-- [ RunTime:0.000000s ]
SQL: SHOW COLUMNS FROM `user` [ RunTime:0.0010s ]
SQL: UPDATE `user` SET `status`='0' WHERE ( uid='1' ) [ RunTime:0.0010s ]

[ 2017-04-21T10:45:00+08:00 ] ::1 /tp3.2.3/index.php/Admin/Person/status
INFO: [ app_begin ] --START--
INFO: Run Behavior\ReadHtmlCacheBehavior [ RunTime:0.001001s ]
INFO: [ app_begin ] --END-- [ RunTime:0.001001s ]
SQL: SHOW COLUMNS FROM `user` [ RunTime:0.0010s ]
SQL: UPDATE `user` SET `status`='1' WHERE ( uid='1' ) [ RunTime:0.0000s ]

[ 2017-04-21T10:45:03+08:00 ] ::1 /tp3.2.3/index.php/Admin/Person/status
INFO: [ app_begin ] --START--
INFO: Run Behavior\ReadHtmlCacheBehavior [ RunTime:0.000000s ]
INFO: [ app_begin ] --END-- [ RunTime:0.000000s ]
SQL: SHOW COLUMNS FROM `user` [ RunTime:0.0010s ]
SQL: UPDATE `user` SET `status`='1' WHERE ( uid='1' ) [ RunTime:0.0000s ]

[ 2017-04-21T10:47:19+08:00 ] ::1 /tp3.2.3/index.php/Admin/Person/status
INFO: [ app_begin ] --START--
INFO: Run Behavior\ReadHtmlCacheBehavior [ RunTime:0.001000s ]
INFO: [ app_begin ] --END-- [ RunTime:0.001000s ]
SQL: SHOW COLUMNS FROM `user` [ RunTime:0.0010s ]
SQL: UPDATE `user` SET `status`='0' WHERE ( uid='1' ) [ RunTime:0.0010s ]

[ 2017-04-21T10:47:37+08:00 ] ::1 /tp3.2.3/index.php/Admin/Person/status
INFO: [ app_begin ] --START--
INFO: Run Behavior\ReadHtmlCacheBehavior [ RunTime:0.000000s ]
INFO: [ app_begin ] --END-- [ RunTime:0.001000s ]
SQL: SHOW COLUMNS FROM `user` [ RunTime:0.0010s ]
SQL: UPDATE `user` SET `status`='0' WHERE ( uid='1' ) [ RunTime:0.0000s ]

[ 2017-04-21T10:47:45+08:00 ] ::1 /tp3.2.3/index.php/Admin/Person/status
INFO: [ app_begin ] --START--
INFO: Run Behavior\ReadHtmlCacheBehavior [ RunTime:0.000000s ]
INFO: [ app_begin ] --END-- [ RunTime:0.000000s ]
SQL: SHOW COLUMNS FROM `user` [ RunTime:0.0010s ]
SQL: UPDATE `user` SET `status`='1' WHERE ( uid='1' ) [ RunTime:0.0000s ]

[ 2017-04-21T10:49:17+08:00 ] ::1 /tp3.2.3/index.php/Admin/Person/status
INFO: [ app_begin ] --START--
INFO: Run Behavior\ReadHtmlCacheBehavior [ RunTime:0.000000s ]
INFO: [ app_begin ] --END-- [ RunTime:0.001000s ]
SQL: SHOW COLUMNS FROM `user` [ RunTime:0.0010s ]
SQL: UPDATE `user` SET `status`='0' WHERE ( uid='1' ) [ RunTime:0.0000s ]

[ 2017-04-21T10:49:26+08:00 ] ::1 /tp3.2.3/index.php/Admin/Person/status
INFO: [ app_begin ] --START--
INFO: Run Behavior\ReadHtmlCacheBehavior [ RunTime:0.000000s ]
INFO: [ app_begin ] --END-- [ RunTime:0.001000s ]
SQL: SHOW COLUMNS FROM `user` [ RunTime:0.0010s ]
SQL: UPDATE `user` SET `status`='0' WHERE ( uid='1' ) [ RunTime:0.0000s ]

[ 2017-04-21T10:52:26+08:00 ] ::1 /tp3.2.3/index.php/Admin/Person/status
INFO: [ app_begin ] --START--
INFO: Run Behavior\ReadHtmlCacheBehavior [ RunTime:0.000000s ]
INFO: [ app_begin ] --END-- [ RunTime:0.000000s ]
SQL: SHOW COLUMNS FROM `user` [ RunTime:0.0010s ]
SQL: UPDATE `user` SET `status`='1' WHERE ( uid='1' ) [ RunTime:0.0010s ]

[ 2017-04-21T10:53:05+08:00 ] ::1 /tp3.2.3/index.php/Admin/Person/status
INFO: [ app_begin ] --START--
INFO: Run Behavior\ReadHtmlCacheBehavior [ RunTime:0.001000s ]
INFO: [ app_begin ] --END-- [ RunTime:0.001000s ]
SQL: SHOW COLUMNS FROM `user` [ RunTime:0.0010s ]
SQL: UPDATE `user` SET `status`='0' WHERE ( uid='1' ) [ RunTime:0.0000s ]

[ 2017-04-21T10:53:14+08:00 ] ::1 /tp3.2.3/index.php/Admin/Person/status
INFO: [ app_begin ] --START--
INFO: Run Behavior\ReadHtmlCacheBehavior [ RunTime:0.001000s ]
INFO: [ app_begin ] --END-- [ RunTime:0.001000s ]
SQL: SHOW COLUMNS FROM `user` [ RunTime:0.0010s ]
SQL: UPDATE `user` SET `status`='1' WHERE ( uid='1' ) [ RunTime:0.0000s ]

[ 2017-04-21T11:00:54+08:00 ] ::1 /tp3.2.3/index.php/Admin/Person/status
INFO: [ app_begin ] --START--
INFO: Run Behavior\ReadHtmlCacheBehavior [ RunTime:0.000000s ]
INFO: [ app_begin ] --END-- [ RunTime:0.000000s ]
SQL: SHOW COLUMNS FROM `user` [ RunTime:0.0010s ]
SQL: UPDATE `user` SET `status`='0' WHERE ( uid='1' ) [ RunTime:0.0000s ]

[ 2017-04-21T11:00:57+08:00 ] ::1 /tp3.2.3/index.php/Admin/Person/status
INFO: [ app_begin ] --START--
INFO: Run Behavior\ReadHtmlCacheBehavior [ RunTime:0.000000s ]
INFO: [ app_begin ] --END-- [ RunTime:0.000000s ]
SQL: SHOW COLUMNS FROM `user` [ RunTime:0.0010s ]
SQL: UPDATE `user` SET `status`='1' WHERE ( uid='1' ) [ RunTime:0.0000s ]

[ 2017-04-21T11:08:30+08:00 ] ::1 /tp3.2.3/index.php/Admin/Person/status
INFO: [ app_begin ] --START--
INFO: Run Behavior\ReadHtmlCacheBehavior [ RunTime:0.000000s ]
INFO: [ app_begin ] --END-- [ RunTime:0.000000s ]
SQL: SHOW COLUMNS FROM `user` [ RunTime:0.0010s ]
SQL: UPDATE `user` SET `status`='0' WHERE ( uid='1' ) [ RunTime:0.0000s ]

[ 2017-04-21T11:08:32+08:00 ] ::1 /tp3.2.3/index.php/Admin/Person/status
INFO: [ app_begin ] --START--
INFO: Run Behavior\ReadHtmlCacheBehavior [ RunTime:0.000000s ]
INFO: [ app_begin ] --END-- [ RunTime:0.000000s ]
SQL: SHOW COLUMNS FROM `user` [ RunTime:0.0010s ]
SQL: UPDATE `user` SET `status`='1' WHERE ( uid='1' ) [ RunTime:0.0000s ]

[ 2017-04-21T11:32:31+08:00 ] ::1 /tp3.2.3/index.php/Admin/Person/status
INFO: [ app_begin ] --START--
INFO: Run Behavior\ReadHtmlCacheBehavior [ RunTime:0.000000s ]
INFO: [ app_begin ] --END-- [ RunTime:0.000000s ]
SQL: SHOW COLUMNS FROM `user` [ RunTime:0.0010s ]
SQL: UPDATE `user` SET `status`='0' WHERE ( uid='2' ) [ RunTime:0.0000s ]

[ 2017-04-21T11:34:32+08:00 ] ::1 /tp3.2.3/index.php/Admin/Person/status
INFO: [ app_begin ] --START--
INFO: Run Behavior\ReadHtmlCacheBehavior [ RunTime:0.000000s ]
INFO: [ app_begin ] --END-- [ RunTime:0.000000s ]
SQL: SHOW COLUMNS FROM `user` [ RunTime:0.0010s ]
SQL: UPDATE `user` SET `status`='0' WHERE ( uid='1' ) [ RunTime:0.0000s ]

[ 2017-04-21T11:34:38+08:00 ] ::1 /tp3.2.3/index.php/Admin/Person/status
INFO: [ app_begin ] --START--
INFO: Run Behavior\ReadHtmlCacheBehavior [ RunTime:0.001000s ]
INFO: [ app_begin ] --END-- [ RunTime:0.001000s ]
SQL: SHOW COLUMNS FROM `user` [ RunTime:0.0010s ]
SQL: UPDATE `user` SET `status`='1' WHERE ( uid='2' ) [ RunTime:0.0000s ]

[ 2017-04-21T11:34:44+08:00 ] ::1 /tp3.2.3/index.php/Admin/Person/status
INFO: [ app_begin ] --START--
INFO: Run Behavior\ReadHtmlCacheBehavior [ RunTime:0.000000s ]
INFO: [ app_begin ] --END-- [ RunTime:0.000000s ]
SQL: SHOW COLUMNS FROM `user` [ RunTime:0.0010s ]
SQL: UPDATE `user` SET `status`='0' WHERE ( uid='2' ) [ RunTime:0.0000s ]

[ 2017-04-21T11:34:46+08:00 ] ::1 /tp3.2.3/index.php/Admin/Person/status
INFO: [ app_begin ] --START--
INFO: Run Behavior\ReadHtmlCacheBehavior [ RunTime:0.001000s ]
INFO: [ app_begin ] --END-- [ RunTime:0.001000s ]
SQL: SHOW COLUMNS FROM `user` [ RunTime:0.0010s ]
SQL: UPDATE `user` SET `status`='1' WHERE ( uid='1' ) [ RunTime:0.0000s ]

[ 2017-04-21T11:34:56+08:00 ] ::1 /tp3.2.3/index.php/Admin/Person/status
INFO: [ app_begin ] --START--
INFO: Run Behavior\ReadHtmlCacheBehavior [ RunTime:0.000000s ]
INFO: [ app_begin ] --END-- [ RunTime:0.001000s ]
SQL: SHOW COLUMNS FROM `user` [ RunTime:0.0010s ]
SQL: UPDATE `user` SET `status`='1' WHERE ( uid='2' ) [ RunTime:0.0010s ]

