[ 2017-09-04T13:52:47+08:00 ] 58.59.25.134 /index.php/Admin/Person/chang
INFO: [ app_begin ] --START--
INFO: Run Behavior\ReadHtmlCacheBehavior [ RunTime:0.000317s ]
INFO: [ app_begin ] --END-- [ RunTime:0.000595s ]
SQL: SHOW COLUMNS FROM `user` [ RunTime:0.0006s ]
SQL: UPDATE `user` SET `proknowledge`='0' WHERE ( uid='21' ) [ RunTime:0.0076s ]

[ 2017-09-04T13:52:48+08:00 ] 58.59.25.134 /index.php/Admin/Person/chang
INFO: [ app_begin ] --START--
INFO: Run Behavior\ReadHtmlCacheBehavior [ RunTime:0.000331s ]
INFO: [ app_begin ] --END-- [ RunTime:0.000637s ]
SQL: SHOW COLUMNS FROM `user` [ RunTime:0.0006s ]
SQL: UPDATE `user` SET `speechcase`='0' WHERE ( uid='21' ) [ RunTime:0.0242s ]

[ 2017-09-04T13:52:54+08:00 ] 58.59.25.134 /index.php/Admin/Person/addtest
INFO: [ app_begin ] --START--
INFO: Run Behavior\ReadHtmlCacheBehavior [ RunTime:0.000356s ]
INFO: [ app_begin ] --END-- [ RunTime:0.000624s ]
SQL: SHOW COLUMNS FROM `user` [ RunTime:0.0006s ]
SQL: UPDATE `user` SET `test2`='18' WHERE ( uid='21' ) [ RunTime:0.0060s ]

[ 2017-09-04T14:03:33+08:00 ] 58.59.25.134 /index.php/Admin/Person/chang
INFO: [ app_begin ] --START--
INFO: Run Behavior\ReadHtmlCacheBehavior [ RunTime:0.000396s ]
INFO: [ app_begin ] --END-- [ RunTime:0.000658s ]
SQL: SHOW COLUMNS FROM `user` [ RunTime:0.0006s ]
SQL: UPDATE `user` SET `proknowledge`='1' WHERE ( uid='21' ) [ RunTime:0.0070s ]

[ 2017-09-04T14:03:36+08:00 ] 58.59.25.134 /index.php/Admin/Person/chang
INFO: [ app_begin ] --START--
INFO: Run Behavior\ReadHtmlCacheBehavior [ RunTime:0.000304s ]
INFO: [ app_begin ] --END-- [ RunTime:0.000537s ]
SQL: SHOW COLUMNS FROM `user` [ RunTime:0.0006s ]
SQL: UPDATE `user` SET `speechcase`='1' WHERE ( uid='21' ) [ RunTime:0.0067s ]

[ 2017-09-04T14:58:07+08:00 ] 58.59.25.134 /index.php/Admin/Person/updategrade2
INFO: [ app_begin ] --START--
INFO: Run Behavior\ReadHtmlCacheBehavior [ RunTime:0.000328s ]
INFO: [ app_begin ] --END-- [ RunTime:0.000581s ]
SQL: SHOW COLUMNS FROM `grade` [ RunTime:0.0006s ]
SQL: SELECT `grade1` FROM `grade` WHERE ( gid = 25 ) LIMIT 1   [ RunTime:0.0002s ]
SQL: UPDATE `grade` SET `grade1`='0',`grade2`='84',`isgrade2`='1',`grade`='84' WHERE ( gid = 25 ) [ RunTime:0.0003s ]

[ 2017-09-04T16:51:56+08:00 ] 58.59.25.134 /index.php/Admin/Person/addtest
INFO: [ app_begin ] --START--
INFO: Run Behavior\ReadHtmlCacheBehavior [ RunTime:0.000431s ]
INFO: [ app_begin ] --END-- [ RunTime:0.000740s ]
SQL: SHOW COLUMNS FROM `user` [ RunTime:0.0008s ]
SQL: UPDATE `user` SET `test1`='19' WHERE ( uid='21' ) [ RunTime:0.0065s ]

[ 2017-09-04T17:25:23+08:00 ] 58.59.25.134 /index.php/Admin/Person/updategrade2
INFO: [ app_begin ] --START--
INFO: Run Behavior\ReadHtmlCacheBehavior [ RunTime:0.000365s ]
INFO: [ app_begin ] --END-- [ RunTime:0.000601s ]
SQL: SHOW COLUMNS FROM `grade` [ RunTime:0.0006s ]
SQL: SELECT `grade1` FROM `grade` WHERE ( gid = 26 ) LIMIT 1   [ RunTime:0.0002s ]
SQL: UPDATE `grade` SET `grade1`='38',`grade2`='42',`isgrade2`='1',`grade`='80' WHERE ( gid = 26 ) [ RunTime:0.0003s ]

