[ 2017-04-23T15:34:50+08:00 ] ::1 /tp3.2.3/index.php/Admin/Person/addtest
INFO: [ app_begin ] --START--
INFO: Run Behavior\ReadHtmlCacheBehavior [ RunTime:0.000000s ]
INFO: [ app_begin ] --END-- [ RunTime:0.000000s ]

[ 2017-04-23T15:38:02+08:00 ] ::1 /tp3.2.3/index.php/Admin/Person/addtest
INFO: [ app_begin ] --START--
INFO: Run Behavior\ReadHtmlCacheBehavior [ RunTime:0.000000s ]
INFO: [ app_begin ] --END-- [ RunTime:0.000000s ]
SQL: SHOW COLUMNS FROM `user` [ RunTime:0.0010s ]
SQL: UPDATE `user` SET `test1`='6,3' WHERE ( uid='2' ) [ RunTime:0.0060s ]

[ 2017-04-23T15:38:55+08:00 ] ::1 /tp3.2.3/index.php/Admin/Person/addtest
INFO: [ app_begin ] --START--
INFO: Run Behavior\ReadHtmlCacheBehavior [ RunTime:0.000000s ]
INFO: [ app_begin ] --END-- [ RunTime:0.001000s ]
SQL: SHOW COLUMNS FROM `user` [ RunTime:0.0010s ]
SQL: UPDATE `user` SET `test1`='1' WHERE ( uid='2' ) [ RunTime:0.0010s ]

[ 2017-04-23T15:42:11+08:00 ] ::1 /tp3.2.3/index.php/Admin/Person/addtest
INFO: [ app_begin ] --START--
INFO: Run Behavior\ReadHtmlCacheBehavior [ RunTime:0.000000s ]
INFO: [ app_begin ] --END-- [ RunTime:0.000000s ]
SQL: SHOW COLUMNS FROM `user` [ RunTime:0.0010s ]
SQL: UPDATE `user` SET `test1`='' WHERE ( uid='1' ) [ RunTime:0.0000s ]

[ 2017-04-23T15:42:40+08:00 ] ::1 /tp3.2.3/index.php/Admin/Person/select?name=test1&test=
ERR: 1064:You have an error in your SQL syntax; check the manual that corresponds to your MySQL server version for the right syntax to use near ') ) ORDER BY crtime desc' at line 1
 [ SQL语句 ] : SELECT `pid`,`pname` FROM `paper` WHERE ( filetype = 1 and status = 1 and pid not in () ) ORDER BY crtime desc 

[ 2017-04-23T15:54:32+08:00 ] ::1 /tp3.2.3/index.php/Admin/Person/addtest
INFO: [ app_begin ] --START--
INFO: Run Behavior\ReadHtmlCacheBehavior [ RunTime:0.000000s ]
INFO: [ app_begin ] --END-- [ RunTime:0.001001s ]
SQL: SHOW COLUMNS FROM `user` [ RunTime:0.0010s ]
SQL: UPDATE `user` SET `test1`='6' WHERE ( uid='1' ) [ RunTime:0.0000s ]

[ 2017-04-23T15:57:21+08:00 ] ::1 /tp3.2.3/index.php/Admin/Person/addtest
INFO: [ app_begin ] --START--
INFO: Run Behavior\ReadHtmlCacheBehavior [ RunTime:0.000000s ]
INFO: [ app_begin ] --END-- [ RunTime:0.000000s ]
SQL: SHOW COLUMNS FROM `user` [ RunTime:0.0020s ]
SQL: UPDATE `user` SET `test3`='10' WHERE ( uid='1' ) [ RunTime:0.0000s ]

[ 2017-04-23T15:57:29+08:00 ] ::1 /tp3.2.3/index.php/Admin/Person/addtest
INFO: [ app_begin ] --START--
INFO: Run Behavior\ReadHtmlCacheBehavior [ RunTime:0.000000s ]
INFO: [ app_begin ] --END-- [ RunTime:0.000000s ]
SQL: SHOW COLUMNS FROM `user` [ RunTime:0.0010s ]
SQL: UPDATE `user` SET `test2`='2' WHERE ( uid='1' ) [ RunTime:0.0000s ]

[ 2017-04-23T15:57:50+08:00 ] ::1 /tp3.2.3/index.php/Admin/Person/addtest
INFO: [ app_begin ] --START--
INFO: Run Behavior\ReadHtmlCacheBehavior [ RunTime:0.000000s ]
INFO: [ app_begin ] --END-- [ RunTime:0.000000s ]
SQL: SHOW COLUMNS FROM `user` [ RunTime:0.0010s ]
SQL: UPDATE `user` SET `test1`='1' WHERE ( uid='1' ) [ RunTime:0.0000s ]

[ 2017-04-23T16:36:26+08:00 ] ::1 /tp3.2.3/index.php/Admin/Person/addtest
INFO: [ app_begin ] --START--
INFO: Run Behavior\ReadHtmlCacheBehavior [ RunTime:0.001000s ]
INFO: [ app_begin ] --END-- [ RunTime:0.001000s ]
SQL: SHOW COLUMNS FROM `user` [ RunTime:0.0010s ]
SQL: UPDATE `user` SET `test2`='2' WHERE ( uid='2' ) [ RunTime:0.0000s ]

[ 2017-04-23T16:37:16+08:00 ] ::1 /tp3.2.3/index.php/Admin/Person/addtest
INFO: [ app_begin ] --START--
INFO: Run Behavior\ReadHtmlCacheBehavior [ RunTime:0.001000s ]
INFO: [ app_begin ] --END-- [ RunTime:0.001000s ]
SQL: SHOW COLUMNS FROM `user` [ RunTime:0.0020s ]
SQL: UPDATE `user` SET `test3`='10' WHERE ( uid='2' ) [ RunTime:0.0000s ]

[ 2017-04-23T16:37:56+08:00 ] ::1 /tp3.2.3/index.php/Admin/Person/addtest
INFO: [ app_begin ] --START--
INFO: Run Behavior\ReadHtmlCacheBehavior [ RunTime:0.000000s ]
INFO: [ app_begin ] --END-- [ RunTime:0.000000s ]
SQL: SHOW COLUMNS FROM `user` [ RunTime:0.0010s ]
SQL: UPDATE `user` SET `test1`='3' WHERE ( uid='2' ) [ RunTime:0.0010s ]

[ 2017-04-23T16:43:03+08:00 ] ::1 /tp3.2.3/index.php/Admin/Person/addtest
INFO: [ app_begin ] --START--
INFO: Run Behavior\ReadHtmlCacheBehavior [ RunTime:0.000000s ]
INFO: [ app_begin ] --END-- [ RunTime:0.000000s ]
SQL: SHOW COLUMNS FROM `user` [ RunTime:0.0010s ]
SQL: UPDATE `user` SET `test3`='10' WHERE ( uid='2' ) [ RunTime:0.0000s ]

[ 2017-04-23T16:45:09+08:00 ] ::1 /tp3.2.3/index.php/Admin/Person/addtest
INFO: [ app_begin ] --START--
INFO: Run Behavior\ReadHtmlCacheBehavior [ RunTime:0.000000s ]
INFO: [ app_begin ] --END-- [ RunTime:0.000000s ]
SQL: SHOW COLUMNS FROM `user` [ RunTime:0.0010s ]
SQL: UPDATE `user` SET `test3`='10' WHERE ( uid='1' ) [ RunTime:0.0000s ]

[ 2017-04-23T16:45:49+08:00 ] ::1 /tp3.2.3/index.php/Admin/Person/addtest
INFO: [ app_begin ] --START--
INFO: Run Behavior\ReadHtmlCacheBehavior [ RunTime:0.000000s ]
INFO: [ app_begin ] --END-- [ RunTime:0.000000s ]
SQL: SHOW COLUMNS FROM `user` [ RunTime:0.0010s ]
SQL: UPDATE `user` SET `test2`='2' WHERE ( uid='1' ) [ RunTime:0.0010s ]

[ 2017-04-23T16:46:18+08:00 ] ::1 /tp3.2.3/index.php/Admin/Person/addtest
INFO: [ app_begin ] --START--
INFO: Run Behavior\ReadHtmlCacheBehavior [ RunTime:0.000000s ]
INFO: [ app_begin ] --END-- [ RunTime:0.001000s ]
SQL: SHOW COLUMNS FROM `user` [ RunTime:0.0010s ]
SQL: UPDATE `user` SET `test2`='2' WHERE ( uid='2' ) [ RunTime:0.0000s ]

[ 2017-04-23T16:47:55+08:00 ] ::1 /tp3.2.3/index.php/Admin/Person/addtest
INFO: [ app_begin ] --START--
INFO: Run Behavior\ReadHtmlCacheBehavior [ RunTime:0.000000s ]
INFO: [ app_begin ] --END-- [ RunTime:0.001000s ]
SQL: SHOW COLUMNS FROM `user` [ RunTime:0.0010s ]
SQL: UPDATE `user` SET `test1`='3' WHERE ( uid='1' ) [ RunTime:0.0010s ]

[ 2017-04-23T16:48:11+08:00 ] ::1 /tp3.2.3/index.php/Admin/Person/addtest
INFO: [ app_begin ] --START--
INFO: Run Behavior\ReadHtmlCacheBehavior [ RunTime:0.001000s ]
INFO: [ app_begin ] --END-- [ RunTime:0.001000s ]
SQL: SHOW COLUMNS FROM `user` [ RunTime:0.0010s ]
SQL: UPDATE `user` SET `test1`='6' WHERE ( uid='2' ) [ RunTime:0.0000s ]

[ 2017-04-23T17:16:39+08:00 ] ::1 /tp3.2.3/index.php/Admin/Person/addtest
INFO: [ app_begin ] --START--
INFO: Run Behavior\ReadHtmlCacheBehavior [ RunTime:0.000000s ]
INFO: [ app_begin ] --END-- [ RunTime:0.000000s ]
SQL: SHOW COLUMNS FROM `user` [ RunTime:0.0010s ]
SQL: UPDATE `user` SET `test1`='3' WHERE ( uid='2' ) [ RunTime:0.0010s ]

[ 2017-04-23T17:17:04+08:00 ] ::1 /tp3.2.3/index.php/Admin/Person/addtest
INFO: [ app_begin ] --START--
INFO: Run Behavior\ReadHtmlCacheBehavior [ RunTime:0.000000s ]
INFO: [ app_begin ] --END-- [ RunTime:0.000000s ]
SQL: SHOW COLUMNS FROM `user` [ RunTime:0.0010s ]
SQL: UPDATE `user` SET `test2`='2' WHERE ( uid='1' ) [ RunTime:0.0000s ]

[ 2017-04-23T17:27:46+08:00 ] ::1 /tp3.2.3/index.php/Admin/Person/addtest
INFO: [ app_begin ] --START--
INFO: Run Behavior\ReadHtmlCacheBehavior [ RunTime:0.000000s ]
INFO: [ app_begin ] --END-- [ RunTime:0.000000s ]
SQL: SHOW COLUMNS FROM `user` [ RunTime:0.0010s ]
SQL: UPDATE `user` SET `test3`='10' WHERE ( uid='2' ) [ RunTime:0.0000s ]

[ 2017-04-23T17:28:48+08:00 ] ::1 /tp3.2.3/index.php/Admin/Person/status
INFO: [ app_begin ] --START--
INFO: Run Behavior\ReadHtmlCacheBehavior [ RunTime:0.000000s ]
INFO: [ app_begin ] --END-- [ RunTime:0.000000s ]
SQL: SHOW COLUMNS FROM `user` [ RunTime:0.0010s ]
SQL: UPDATE `user` SET `status`='0' WHERE ( uid='1' ) [ RunTime:0.0010s ]

[ 2017-04-23T17:28:51+08:00 ] ::1 /tp3.2.3/index.php/Admin/Person/status
INFO: [ app_begin ] --START--
INFO: Run Behavior\ReadHtmlCacheBehavior [ RunTime:0.000000s ]
INFO: [ app_begin ] --END-- [ RunTime:0.001000s ]
SQL: SHOW COLUMNS FROM `user` [ RunTime:0.0010s ]
SQL: UPDATE `user` SET `status`='1' WHERE ( uid='1' ) [ RunTime:0.0000s ]

