[ 2017-09-13T09:54:36+08:00 ] 58.56.25.158 /index.php/Admin/Person/chang
INFO: [ app_begin ] --START--
INFO: Run Behavior\ReadHtmlCacheBehavior [ RunTime:0.000466s ]
INFO: [ app_begin ] --END-- [ RunTime:0.000875s ]
SQL: SHOW COLUMNS FROM `user` [ RunTime:0.0007s ]
SQL: UPDATE `user` SET `proknowledge`='1' WHERE ( uid='36' ) [ RunTime:0.0067s ]

[ 2017-09-13T09:54:37+08:00 ] 58.56.25.158 /index.php/Admin/Person/chang
INFO: [ app_begin ] --START--
INFO: Run Behavior\ReadHtmlCacheBehavior [ RunTime:0.000395s ]
INFO: [ app_begin ] --END-- [ RunTime:0.000640s ]
SQL: SHOW COLUMNS FROM `user` [ RunTime:0.0006s ]
SQL: UPDATE `user` SET `proknowledge`='1' WHERE ( uid='35' ) [ RunTime:0.0139s ]

[ 2017-09-13T10:16:28+08:00 ] 58.56.25.158 /index.php/Admin/Person/addtest
INFO: [ app_begin ] --START--
INFO: Run Behavior\ReadHtmlCacheBehavior [ RunTime:0.000344s ]
INFO: [ app_begin ] --END-- [ RunTime:0.000595s ]
SQL: SHOW COLUMNS FROM `user` [ RunTime:0.0006s ]
SQL: UPDATE `user` SET `test2`='25' WHERE ( uid='36' ) [ RunTime:0.0068s ]

[ 2017-09-13T10:16:37+08:00 ] 58.56.25.158 /index.php/Admin/Person/addtest
INFO: [ app_begin ] --START--
INFO: Run Behavior\ReadHtmlCacheBehavior [ RunTime:0.000328s ]
INFO: [ app_begin ] --END-- [ RunTime:0.000611s ]
SQL: SHOW COLUMNS FROM `user` [ RunTime:0.0007s ]
SQL: UPDATE `user` SET `test2`='25' WHERE ( uid='35' ) [ RunTime:0.0056s ]

[ 2017-09-13T11:08:53+08:00 ] 58.56.25.158 /index.php/Admin/Person/updategrade2
INFO: [ app_begin ] --START--
INFO: Run Behavior\ReadHtmlCacheBehavior [ RunTime:0.000333s ]
INFO: [ app_begin ] --END-- [ RunTime:0.000563s ]
SQL: SHOW COLUMNS FROM `grade` [ RunTime:0.0005s ]
SQL: SELECT `grade1` FROM `grade` WHERE ( gid = 39 ) LIMIT 1   [ RunTime:0.0002s ]
SQL: UPDATE `grade` SET `grade1`='0',`grade2`='89',`isgrade2`='1',`grade`='89' WHERE ( gid = 39 ) [ RunTime:0.0002s ]

[ 2017-09-13T11:14:11+08:00 ] 58.56.25.158 /index.php/Admin/Person/updategrade2
INFO: [ app_begin ] --START--
INFO: Run Behavior\ReadHtmlCacheBehavior [ RunTime:0.000390s ]
INFO: [ app_begin ] --END-- [ RunTime:0.000677s ]
SQL: SHOW COLUMNS FROM `grade` [ RunTime:0.0005s ]
SQL: SELECT `grade1` FROM `grade` WHERE ( gid = 40 ) LIMIT 1   [ RunTime:0.0002s ]
SQL: UPDATE `grade` SET `grade1`='0',`grade2`='87',`isgrade2`='1',`grade`='87' WHERE ( gid = 40 ) [ RunTime:0.0002s ]

