[ 2017-08-23T10:13:24+08:00 ] 58.56.25.158 /index.php/Admin/Person/status
INFO: [ app_begin ] --START--
INFO: Run Behavior\ReadHtmlCacheBehavior [ RunTime:0.000348s ]
INFO: [ app_begin ] --END-- [ RunTime:0.000687s ]
SQL: SHOW COLUMNS FROM `user` [ RunTime:0.0006s ]
SQL: UPDATE `user` SET `status`='1' WHERE ( uid='18' ) [ RunTime:0.0057s ]

[ 2017-08-23T10:13:45+08:00 ] 58.56.25.158 /index.php/Admin/Person/status
INFO: [ app_begin ] --START--
INFO: Run Behavior\ReadHtmlCacheBehavior [ RunTime:0.000324s ]
INFO: [ app_begin ] --END-- [ RunTime:0.000599s ]
SQL: SHOW COLUMNS FROM `user` [ RunTime:0.0006s ]
SQL: UPDATE `user` SET `status`='0' WHERE ( uid='18' ) [ RunTime:0.0086s ]

[ 2017-08-23T10:16:09+08:00 ] 58.56.25.158 /index.php/Admin/Person/status
INFO: [ app_begin ] --START--
INFO: Run Behavior\ReadHtmlCacheBehavior [ RunTime:0.000303s ]
INFO: [ app_begin ] --END-- [ RunTime:0.000534s ]
SQL: SHOW COLUMNS FROM `user` [ RunTime:0.0006s ]
SQL: UPDATE `user` SET `status`='0' WHERE ( uid='19' ) [ RunTime:0.0064s ]

[ 2017-08-23T10:16:13+08:00 ] 58.56.25.158 /index.php/Admin/Person/status
INFO: [ app_begin ] --START--
INFO: Run Behavior\ReadHtmlCacheBehavior [ RunTime:0.000299s ]
INFO: [ app_begin ] --END-- [ RunTime:0.000527s ]
SQL: SHOW COLUMNS FROM `user` [ RunTime:0.0006s ]
SQL: UPDATE `user` SET `status`='1' WHERE ( uid='19' ) [ RunTime:0.0058s ]

[ 2017-08-23T13:16:25+08:00 ] 58.56.25.158 /index.php/Admin/Person/updategrade2
INFO: [ app_begin ] --START--
INFO: Run Behavior\ReadHtmlCacheBehavior [ RunTime:0.000401s ]
INFO: [ app_begin ] --END-- [ RunTime:0.000674s ]
SQL: SHOW COLUMNS FROM `grade` [ RunTime:0.0006s ]
SQL: SELECT `grade1` FROM `grade` WHERE ( gid = 21 ) LIMIT 1   [ RunTime:0.0002s ]
SQL: UPDATE `grade` SET `grade1`='34',`grade2`='54',`isgrade2`='1',`grade`='88' WHERE ( gid = 21 ) [ RunTime:0.0002s ]

[ 2017-08-23T13:18:53+08:00 ] 58.56.25.158 /index.php/Admin/Person/updategrade2
INFO: [ app_begin ] --START--
INFO: Run Behavior\ReadHtmlCacheBehavior [ RunTime:0.000303s ]
INFO: [ app_begin ] --END-- [ RunTime:0.000551s ]
SQL: SHOW COLUMNS FROM `grade` [ RunTime:0.0005s ]
SQL: SELECT `grade1` FROM `grade` WHERE ( gid = 20 ) LIMIT 1   [ RunTime:0.0002s ]
SQL: UPDATE `grade` SET `grade1`='30',`grade2`='56',`isgrade2`='1',`grade`='86' WHERE ( gid = 20 ) [ RunTime:0.0002s ]

[ 2017-08-23T13:31:50+08:00 ] 58.56.25.158 /index.php/Admin/Paper/status
INFO: [ app_begin ] --START--
INFO: Run Behavior\ReadHtmlCacheBehavior [ RunTime:0.000296s ]
INFO: [ app_begin ] --END-- [ RunTime:0.000533s ]
SQL: SHOW COLUMNS FROM `paper` [ RunTime:0.0006s ]
SQL: UPDATE `paper` SET `status`='0' WHERE ( pid='19' ) [ RunTime:0.0002s ]

[ 2017-08-23T13:31:53+08:00 ] 58.56.25.158 /index.php/Admin/Paper/status
INFO: [ app_begin ] --START--
INFO: Run Behavior\ReadHtmlCacheBehavior [ RunTime:0.000340s ]
INFO: [ app_begin ] --END-- [ RunTime:0.000603s ]
SQL: SHOW COLUMNS FROM `paper` [ RunTime:0.0005s ]
SQL: UPDATE `paper` SET `status`='1' WHERE ( pid='19' ) [ RunTime:0.0002s ]

[ 2017-08-23T14:03:30+08:00 ] 58.56.25.158 /index.php/Admin/Person/addtest
INFO: [ app_begin ] --START--
INFO: Run Behavior\ReadHtmlCacheBehavior [ RunTime:0.000334s ]
INFO: [ app_begin ] --END-- [ RunTime:0.000566s ]
SQL: SHOW COLUMNS FROM `user` [ RunTime:0.0006s ]
SQL: UPDATE `user` SET `test1`='19' WHERE ( uid='17' ) [ RunTime:0.0151s ]

