[ 2017-09-12T15:45:46+08:00 ] 58.56.25.158 /index.php/Admin/Person/updategrade2
INFO: [ app_begin ] --START--
INFO: Run Behavior\ReadHtmlCacheBehavior [ RunTime:0.000303s ]
INFO: [ app_begin ] --END-- [ RunTime:0.000555s ]
SQL: SHOW COLUMNS FROM `grade` [ RunTime:0.0006s ]
SQL: SELECT `grade1` FROM `grade` WHERE ( gid = 37 ) LIMIT 1   [ RunTime:0.0002s ]
SQL: UPDATE `grade` SET `grade1`='0',`grade2`='73',`isgrade2`='1',`grade`='73' WHERE ( gid = 37 ) [ RunTime:0.0002s ]

[ 2017-09-12T15:49:20+08:00 ] 58.56.25.158 /index.php/Admin/Person/updategrade2
INFO: [ app_begin ] --START--
INFO: Run Behavior\ReadHtmlCacheBehavior [ RunTime:0.000329s ]
INFO: [ app_begin ] --END-- [ RunTime:0.000565s ]
SQL: SHOW COLUMNS FROM `grade` [ RunTime:0.0005s ]
SQL: SELECT `grade1` FROM `grade` WHERE ( gid = 36 ) LIMIT 1   [ RunTime:0.0002s ]
SQL: UPDATE `grade` SET `grade1`='0',`grade2`='74',`isgrade2`='1',`grade`='74' WHERE ( gid = 36 ) [ RunTime:0.0002s ]

[ 2017-09-12T15:53:32+08:00 ] 58.56.25.158 /index.php/Admin/Person/updategrade2
INFO: [ app_begin ] --START--
INFO: Run Behavior\ReadHtmlCacheBehavior [ RunTime:0.000337s ]
INFO: [ app_begin ] --END-- [ RunTime:0.000583s ]
SQL: SHOW COLUMNS FROM `grade` [ RunTime:0.0005s ]
SQL: SELECT `grade1` FROM `grade` WHERE ( gid = 35 ) LIMIT 1   [ RunTime:0.0002s ]
SQL: UPDATE `grade` SET `grade1`='0',`grade2`='78',`isgrade2`='1',`grade`='78' WHERE ( gid = 35 ) [ RunTime:0.0002s ]

[ 2017-09-12T16:00:00+08:00 ] 58.56.25.158 /index.php/Admin/Person/updategrade2
INFO: [ app_begin ] --START--
INFO: Run Behavior\ReadHtmlCacheBehavior [ RunTime:0.000380s ]
INFO: [ app_begin ] --END-- [ RunTime:0.000676s ]
SQL: SHOW COLUMNS FROM `grade` [ RunTime:0.0006s ]
SQL: SELECT `grade1` FROM `grade` WHERE ( gid = 38 ) LIMIT 1   [ RunTime:0.0002s ]
SQL: UPDATE `grade` SET `grade1`='0',`grade2`='78',`isgrade2`='1',`grade`='78' WHERE ( gid = 38 ) [ RunTime:0.0003s ]

[ 2017-09-12T16:04:03+08:00 ] 101.226.33.224 /index.php/Admin/Test/index?fileid=2&typeid=1
ERR: 1064:You have an error in your SQL syntax; check the manual that corresponds to your MySQL server version for the right syntax to use near ') LIMIT 1' at line 1
 [ SQL语句 ] : SELECT COUNT(*) AS tp_count FROM `question` WHERE ( filetype = 2 and type = 1 and `group` =  ) LIMIT 1  

[ 2017-09-12T16:09:00+08:00 ] 101.226.33.201 /index.php/Admin/Index/filelist?fileid=2
ERR: 1064:You have an error in your SQL syntax; check the manual that corresponds to your MySQL server version for the right syntax to use near ') LIMIT 1' at line 1
 [ SQL语句 ] : SELECT COUNT(*) AS tp_count FROM `file` WHERE ( filetype='2' and `group` =  ) LIMIT 1  

[ 2017-09-12T18:23:05+08:00 ] 101.226.33.219 /index.php/Admin/Paper/select?filetype=2&type=1
ERR: 1064:You have an error in your SQL syntax; check the manual that corresponds to your MySQL server version for the right syntax to use near ') ORDER BY crtime desc' at line 1
 [ SQL语句 ] : SELECT `id`,`question` FROM `question` WHERE ( filetype = 2 and type = 1 and status = 1 and `group` =  ) ORDER BY crtime desc 

[ 2017-09-12T18:23:09+08:00 ] 101.226.33.204 /index.php/Admin/Paper/select?filetype=2&type=3
ERR: 1064:You have an error in your SQL syntax; check the manual that corresponds to your MySQL server version for the right syntax to use near ') ORDER BY crtime desc' at line 1
 [ SQL语句 ] : SELECT `id`,`question` FROM `question` WHERE ( filetype = 2 and type = 3 and status = 1 and `group` =  ) ORDER BY crtime desc 

[ 2017-09-12T18:30:11+08:00 ] 101.226.65.107 /index.php/Admin/Paper/select?filetype=2&type=3
ERR: 1064:You have an error in your SQL syntax; check the manual that corresponds to your MySQL server version for the right syntax to use near ') ORDER BY crtime desc' at line 1
 [ SQL语句 ] : SELECT `id`,`question` FROM `question` WHERE ( filetype = 2 and type = 3 and status = 1 and `group` =  ) ORDER BY crtime desc 

[ 2017-09-12T18:51:55+08:00 ] 58.56.25.158 /index.php/Admin/Test/status
INFO: [ app_begin ] --START--
INFO: Run Behavior\ReadHtmlCacheBehavior [ RunTime:0.000352s ]
INFO: [ app_begin ] --END-- [ RunTime:0.000591s ]
SQL: SHOW COLUMNS FROM `question` [ RunTime:0.0005s ]
SQL: UPDATE `question` SET `status`='0' WHERE ( id='129' ) [ RunTime:0.0002s ]

[ 2017-09-12T18:51:56+08:00 ] 58.56.25.158 /index.php/Admin/Test/status
INFO: [ app_begin ] --START--
INFO: Run Behavior\ReadHtmlCacheBehavior [ RunTime:0.000346s ]
INFO: [ app_begin ] --END-- [ RunTime:0.000596s ]
SQL: SHOW COLUMNS FROM `question` [ RunTime:0.0005s ]
SQL: UPDATE `question` SET `status`='1' WHERE ( id='129' ) [ RunTime:0.0003s ]

[ 2017-09-12T18:53:02+08:00 ] 58.56.25.158 /index.php/Admin/Paper/status
INFO: [ app_begin ] --START--
INFO: Run Behavior\ReadHtmlCacheBehavior [ RunTime:0.000312s ]
INFO: [ app_begin ] --END-- [ RunTime:0.000607s ]
SQL: SHOW COLUMNS FROM `paper` [ RunTime:0.0005s ]
SQL: UPDATE `paper` SET `status`='0' WHERE ( pid='24' ) [ RunTime:0.0002s ]

[ 2017-09-12T19:06:03+08:00 ] 101.226.64.177 /index.php/Admin/Test/upload
ERR: 1048:Column 'filetype' cannot be null
 [ SQL语句 ] : INSERT INTO `question` (`filetype`,`type`,`group`,`question`,`answer`) VALUES (NULL,NULL,NULL,NULL,NULL)

