[ 2017-04-14T11:27:06+08:00 ] ::1 /tp3.2.3/index.php/Admin/Test/status
INFO: [ app_begin ] --START--
INFO: Run Behavior\ReadHtmlCacheBehavior [ RunTime:0.001000s ]
INFO: [ app_begin ] --END-- [ RunTime:0.001000s ]
SQL: SHOW COLUMNS FROM `question` [ RunTime:0.0010s ]
SQL: UPDATE `question` SET `status`='0' WHERE ( id='3' ) [ RunTime:0.0010s ]

[ 2017-04-14T11:27:25+08:00 ] ::1 /tp3.2.3/index.php/Admin/Test/status
INFO: [ app_begin ] --START--
INFO: Run Behavior\ReadHtmlCacheBehavior [ RunTime:0.000000s ]
INFO: [ app_begin ] --END-- [ RunTime:0.001000s ]
SQL: SHOW COLUMNS FROM `question` [ RunTime:0.0010s ]
SQL: UPDATE `question` SET `status`='1' WHERE ( id='3' ) [ RunTime:0.0000s ]

[ 2017-04-14T11:27:45+08:00 ] ::1 /tp3.2.3/index.php/Admin/Test/status
INFO: [ app_begin ] --START--
INFO: Run Behavior\ReadHtmlCacheBehavior [ RunTime:0.001000s ]
INFO: [ app_begin ] --END-- [ RunTime:0.001000s ]
SQL: SHOW COLUMNS FROM `question` [ RunTime:0.0010s ]
SQL: UPDATE `question` SET `status`='0' WHERE ( id='3' ) [ RunTime:0.0000s ]

[ 2017-04-14T11:29:39+08:00 ] ::1 /tp3.2.3/index.php/Admin/Test/status
INFO: [ app_begin ] --START--
INFO: Run Behavior\ReadHtmlCacheBehavior [ RunTime:0.001000s ]
INFO: [ app_begin ] --END-- [ RunTime:0.001000s ]
SQL: SHOW COLUMNS FROM `question` [ RunTime:0.0010s ]
SQL: UPDATE `question` SET `status`='1' WHERE ( id='3' ) [ RunTime:0.0000s ]

[ 2017-04-14T11:30:48+08:00 ] ::1 /tp3.2.3/index.php/Admin/Test/status
INFO: [ app_begin ] --START--
INFO: Run Behavior\ReadHtmlCacheBehavior [ RunTime:0.000000s ]
INFO: [ app_begin ] --END-- [ RunTime:0.000000s ]
SQL: SHOW COLUMNS FROM `question` [ RunTime:0.0010s ]
SQL: UPDATE `question` SET `status`='0' WHERE ( id='3' ) [ RunTime:0.0000s ]

[ 2017-04-14T11:32:44+08:00 ] ::1 /tp3.2.3/index.php/Admin/Test/status
INFO: [ app_begin ] --START--
INFO: Run Behavior\ReadHtmlCacheBehavior [ RunTime:0.000000s ]
INFO: [ app_begin ] --END-- [ RunTime:0.000000s ]
SQL: SHOW COLUMNS FROM `question` [ RunTime:0.0010s ]
SQL: UPDATE `question` SET `status`='1' WHERE ( id='3' ) [ RunTime:0.0000s ]

[ 2017-04-14T11:33:50+08:00 ] ::1 /tp3.2.3/index.php/Admin/Test/status
INFO: [ app_begin ] --START--
INFO: Run Behavior\ReadHtmlCacheBehavior [ RunTime:0.001000s ]
INFO: [ app_begin ] --END-- [ RunTime:0.001000s ]
SQL: SHOW COLUMNS FROM `question` [ RunTime:0.0010s ]
SQL: UPDATE `question` SET `status`='0' WHERE ( id='3' ) [ RunTime:0.0010s ]

[ 2017-04-14T11:37:04+08:00 ] ::1 /tp3.2.3/index.php/Admin/Test/status
INFO: [ app_begin ] --START--
INFO: Run Behavior\ReadHtmlCacheBehavior [ RunTime:0.001000s ]
INFO: [ app_begin ] --END-- [ RunTime:0.001000s ]
SQL: SHOW COLUMNS FROM `question` [ RunTime:0.0010s ]
SQL: UPDATE `question` SET `status`='0' WHERE ( id='1' ) [ RunTime:0.0010s ]

[ 2017-04-14T11:37:19+08:00 ] ::1 /tp3.2.3/index.php/Admin/Test/status
INFO: [ app_begin ] --START--
INFO: Run Behavior\ReadHtmlCacheBehavior [ RunTime:0.001000s ]
INFO: [ app_begin ] --END-- [ RunTime:0.001000s ]
SQL: SHOW COLUMNS FROM `question` [ RunTime:0.0010s ]
SQL: UPDATE `question` SET `status`='1' WHERE ( id='1' ) [ RunTime:0.0010s ]

[ 2017-04-14T11:54:43+08:00 ] ::1 /tp3.2.3/index.php/Admin/Test/status
INFO: [ app_begin ] --START--
INFO: Run Behavior\ReadHtmlCacheBehavior [ RunTime:0.001000s ]
INFO: [ app_begin ] --END-- [ RunTime:0.001000s ]
SQL: SHOW COLUMNS FROM `question` [ RunTime:0.0010s ]
SQL: UPDATE `question` SET `status`='1' WHERE ( id='3' ) [ RunTime:0.0000s ]

[ 2017-04-14T11:55:51+08:00 ] ::1 /tp3.2.3/index.php/Admin/Test/status
INFO: [ app_begin ] --START--
INFO: Run Behavior\ReadHtmlCacheBehavior [ RunTime:0.000000s ]
INFO: [ app_begin ] --END-- [ RunTime:0.000000s ]
SQL: SHOW COLUMNS FROM `question` [ RunTime:0.0010s ]
SQL: UPDATE `question` SET `status`='0' WHERE ( id='3' ) [ RunTime:0.0000s ]

[ 2017-04-14T11:56:00+08:00 ] ::1 /tp3.2.3/index.php/Admin/Test/status
INFO: [ app_begin ] --START--
INFO: Run Behavior\ReadHtmlCacheBehavior [ RunTime:0.000000s ]
INFO: [ app_begin ] --END-- [ RunTime:0.001000s ]
SQL: SHOW COLUMNS FROM `question` [ RunTime:0.0010s ]
SQL: UPDATE `question` SET `status`='0' WHERE ( id='1' ) [ RunTime:0.0000s ]

[ 2017-04-14T11:56:16+08:00 ] ::1 /tp3.2.3/index.php/Admin/Test/status
INFO: [ app_begin ] --START--
INFO: Run Behavior\ReadHtmlCacheBehavior [ RunTime:0.000000s ]
INFO: [ app_begin ] --END-- [ RunTime:0.000000s ]
SQL: SHOW COLUMNS FROM `question` [ RunTime:0.0010s ]
SQL: UPDATE `question` SET `status`='1' WHERE ( id='3' ) [ RunTime:0.0010s ]

[ 2017-04-14T11:56:23+08:00 ] ::1 /tp3.2.3/index.php/Admin/Test/status
INFO: [ app_begin ] --START--
INFO: Run Behavior\ReadHtmlCacheBehavior [ RunTime:0.001000s ]
INFO: [ app_begin ] --END-- [ RunTime:0.001000s ]
SQL: SHOW COLUMNS FROM `question` [ RunTime:0.0010s ]
SQL: UPDATE `question` SET `status`='1' WHERE ( id='1' ) [ RunTime:0.0000s ]

[ 2017-04-14T12:59:51+08:00 ] ::1 /tp3.2.3/index.php/Admin/Test/status
INFO: [ app_begin ] --START--
INFO: Run Behavior\ReadHtmlCacheBehavior [ RunTime:0.001000s ]
INFO: [ app_begin ] --END-- [ RunTime:0.001000s ]
SQL: SHOW COLUMNS FROM `question` [ RunTime:0.0010s ]
SQL: UPDATE `question` SET `status`='0' WHERE ( id='3' ) [ RunTime:0.0010s ]

[ 2017-04-14T12:59:56+08:00 ] ::1 /tp3.2.3/index.php/Admin/Test/status
INFO: [ app_begin ] --START--
INFO: Run Behavior\ReadHtmlCacheBehavior [ RunTime:0.001000s ]
INFO: [ app_begin ] --END-- [ RunTime:0.001000s ]
SQL: SHOW COLUMNS FROM `question` [ RunTime:0.0010s ]
SQL: UPDATE `question` SET `status`='1' WHERE ( id='3' ) [ RunTime:0.0000s ]

[ 2017-04-14T13:07:27+08:00 ] ::1 /tp3.2.3/index.php/Admin/Test/status
INFO: [ app_begin ] --START--
INFO: Run Behavior\ReadHtmlCacheBehavior [ RunTime:0.001000s ]
INFO: [ app_begin ] --END-- [ RunTime:0.001000s ]
SQL: SHOW COLUMNS FROM `question` [ RunTime:0.0020s ]
SQL: UPDATE `question` SET `status`='0' WHERE ( id='3' ) [ RunTime:0.0000s ]

[ 2017-04-14T13:07:31+08:00 ] ::1 /tp3.2.3/index.php/Admin/Test/status
INFO: [ app_begin ] --START--
INFO: Run Behavior\ReadHtmlCacheBehavior [ RunTime:0.000000s ]
INFO: [ app_begin ] --END-- [ RunTime:0.000000s ]
SQL: SHOW COLUMNS FROM `question` [ RunTime:0.0010s ]
SQL: UPDATE `question` SET `status`='1' WHERE ( id='3' ) [ RunTime:0.0000s ]

[ 2017-04-14T13:13:57+08:00 ] ::1 /tp3.2.3/index.php/Admin/Test/status
INFO: [ app_begin ] --START--
INFO: Run Behavior\ReadHtmlCacheBehavior [ RunTime:0.000000s ]
INFO: [ app_begin ] --END-- [ RunTime:0.000000s ]
SQL: SHOW COLUMNS FROM `question` [ RunTime:0.0010s ]
SQL: UPDATE `question` SET `status`='0' WHERE ( id='3' ) [ RunTime:0.0000s ]

[ 2017-04-14T13:13:59+08:00 ] ::1 /tp3.2.3/index.php/Admin/Test/status
INFO: [ app_begin ] --START--
INFO: Run Behavior\ReadHtmlCacheBehavior [ RunTime:0.001000s ]
INFO: [ app_begin ] --END-- [ RunTime:0.001000s ]
SQL: SHOW COLUMNS FROM `question` [ RunTime:0.0020s ]
SQL: UPDATE `question` SET `status`='1' WHERE ( id='3' ) [ RunTime:0.0000s ]

[ 2017-04-14T13:14:56+08:00 ] ::1 /tp3.2.3/index.php/Admin/Test/status
INFO: [ app_begin ] --START--
INFO: Run Behavior\ReadHtmlCacheBehavior [ RunTime:0.001000s ]
INFO: [ app_begin ] --END-- [ RunTime:0.001000s ]
SQL: SHOW COLUMNS FROM `question` [ RunTime:0.0010s ]
SQL: UPDATE `question` SET `status`='0' WHERE ( id='2' ) [ RunTime:0.0000s ]

[ 2017-04-14T13:18:33+08:00 ] ::1 /tp3.2.3/index.php/Admin/Test/status
INFO: [ app_begin ] --START--
INFO: Run Behavior\ReadHtmlCacheBehavior [ RunTime:0.000000s ]
INFO: [ app_begin ] --END-- [ RunTime:0.000000s ]
SQL: SHOW COLUMNS FROM `question` [ RunTime:0.0010s ]
SQL: UPDATE `question` SET `status`='1' WHERE ( id='2' ) [ RunTime:0.0000s ]

[ 2017-04-14T13:18:35+08:00 ] ::1 /tp3.2.3/index.php/Admin/Test/status
INFO: [ app_begin ] --START--
INFO: Run Behavior\ReadHtmlCacheBehavior [ RunTime:0.000000s ]
INFO: [ app_begin ] --END-- [ RunTime:0.000000s ]
SQL: SHOW COLUMNS FROM `question` [ RunTime:0.0010s ]
SQL: UPDATE `question` SET `status`='0' WHERE ( id='2' ) [ RunTime:0.0000s ]

[ 2017-04-14T13:18:47+08:00 ] ::1 /tp3.2.3/index.php/Admin/Test/status
INFO: [ app_begin ] --START--
INFO: Run Behavior\ReadHtmlCacheBehavior [ RunTime:0.000000s ]
INFO: [ app_begin ] --END-- [ RunTime:0.000000s ]
SQL: SHOW COLUMNS FROM `question` [ RunTime:0.0010s ]
SQL: UPDATE `question` SET `status`='0' WHERE ( id='1' ) [ RunTime:0.0000s ]

[ 2017-04-14T13:18:52+08:00 ] ::1 /tp3.2.3/index.php/Admin/Test/status
INFO: [ app_begin ] --START--
INFO: Run Behavior\ReadHtmlCacheBehavior [ RunTime:0.000000s ]
INFO: [ app_begin ] --END-- [ RunTime:0.000000s ]
SQL: SHOW COLUMNS FROM `question` [ RunTime:0.0010s ]
SQL: UPDATE `question` SET `status`='1' WHERE ( id='1' ) [ RunTime:0.0010s ]

[ 2017-04-14T13:18:53+08:00 ] ::1 /tp3.2.3/index.php/Admin/Test/status
INFO: [ app_begin ] --START--
INFO: Run Behavior\ReadHtmlCacheBehavior [ RunTime:0.000000s ]
INFO: [ app_begin ] --END-- [ RunTime:0.000000s ]
SQL: SHOW COLUMNS FROM `question` [ RunTime:0.0010s ]
SQL: UPDATE `question` SET `status`='1' WHERE ( id='2' ) [ RunTime:0.0010s ]

[ 2017-04-14T13:19:36+08:00 ] ::1 /tp3.2.3/index.php/Admin/Test/status
INFO: [ app_begin ] --START--
INFO: Run Behavior\ReadHtmlCacheBehavior [ RunTime:0.000000s ]
INFO: [ app_begin ] --END-- [ RunTime:0.001000s ]
SQL: SHOW COLUMNS FROM `question` [ RunTime:0.0010s ]
SQL: UPDATE `question` SET `status`='0' WHERE ( id='2' ) [ RunTime:0.0010s ]

[ 2017-04-14T13:19:42+08:00 ] ::1 /tp3.2.3/index.php/Admin/Test/status
INFO: [ app_begin ] --START--
INFO: Run Behavior\ReadHtmlCacheBehavior [ RunTime:0.000000s ]
INFO: [ app_begin ] --END-- [ RunTime:0.001000s ]
SQL: SHOW COLUMNS FROM `question` [ RunTime:0.0010s ]
SQL: UPDATE `question` SET `status`='0' WHERE ( id='1' ) [ RunTime:0.0000s ]

[ 2017-04-14T13:19:44+08:00 ] ::1 /tp3.2.3/index.php/Admin/Test/status
INFO: [ app_begin ] --START--
INFO: Run Behavior\ReadHtmlCacheBehavior [ RunTime:0.001000s ]
INFO: [ app_begin ] --END-- [ RunTime:0.001000s ]
SQL: SHOW COLUMNS FROM `question` [ RunTime:0.0010s ]
SQL: UPDATE `question` SET `status`='0' WHERE ( id='3' ) [ RunTime:0.0000s ]

[ 2017-04-14T13:19:57+08:00 ] ::1 /tp3.2.3/index.php/Admin/Test/status
INFO: [ app_begin ] --START--
INFO: Run Behavior\ReadHtmlCacheBehavior [ RunTime:0.000000s ]
INFO: [ app_begin ] --END-- [ RunTime:0.001000s ]
SQL: SHOW COLUMNS FROM `question` [ RunTime:0.0010s ]
SQL: UPDATE `question` SET `status`='1' WHERE ( id='3' ) [ RunTime:0.0000s ]

[ 2017-04-14T13:20:00+08:00 ] ::1 /tp3.2.3/index.php/Admin/Test/status
INFO: [ app_begin ] --START--
INFO: Run Behavior\ReadHtmlCacheBehavior [ RunTime:0.001000s ]
INFO: [ app_begin ] --END-- [ RunTime:0.001000s ]
SQL: SHOW COLUMNS FROM `question` [ RunTime:0.0010s ]
SQL: UPDATE `question` SET `status`='1' WHERE ( id='2' ) [ RunTime:0.0010s ]

[ 2017-04-14T13:20:02+08:00 ] ::1 /tp3.2.3/index.php/Admin/Test/status
INFO: [ app_begin ] --START--
INFO: Run Behavior\ReadHtmlCacheBehavior [ RunTime:0.001000s ]
INFO: [ app_begin ] --END-- [ RunTime:0.001000s ]
SQL: SHOW COLUMNS FROM `question` [ RunTime:0.0010s ]
SQL: UPDATE `question` SET `status`='1' WHERE ( id='1' ) [ RunTime:0.0010s ]

[ 2017-04-14T13:20:26+08:00 ] ::1 /tp3.2.3/index.php/Admin/Test/status
INFO: [ app_begin ] --START--
INFO: Run Behavior\ReadHtmlCacheBehavior [ RunTime:0.001000s ]
INFO: [ app_begin ] --END-- [ RunTime:0.001000s ]
SQL: SHOW COLUMNS FROM `question` [ RunTime:0.0010s ]
SQL: UPDATE `question` SET `status`='0' WHERE ( id='3' ) [ RunTime:0.0010s ]

[ 2017-04-14T13:20:28+08:00 ] ::1 /tp3.2.3/index.php/Admin/Test/status
INFO: [ app_begin ] --START--
INFO: Run Behavior\ReadHtmlCacheBehavior [ RunTime:0.000000s ]
INFO: [ app_begin ] --END-- [ RunTime:0.000000s ]
SQL: SHOW COLUMNS FROM `question` [ RunTime:0.0010s ]
SQL: UPDATE `question` SET `status`='0' WHERE ( id='2' ) [ RunTime:0.0010s ]

[ 2017-04-14T13:20:29+08:00 ] ::1 /tp3.2.3/index.php/Admin/Test/status
INFO: [ app_begin ] --START--
INFO: Run Behavior\ReadHtmlCacheBehavior [ RunTime:0.000000s ]
INFO: [ app_begin ] --END-- [ RunTime:0.001000s ]
SQL: SHOW COLUMNS FROM `question` [ RunTime:0.0010s ]
SQL: UPDATE `question` SET `status`='0' WHERE ( id='1' ) [ RunTime:0.0000s ]

[ 2017-04-14T13:20:39+08:00 ] ::1 /tp3.2.3/index.php/Admin/Test/status
INFO: [ app_begin ] --START--
INFO: Run Behavior\ReadHtmlCacheBehavior [ RunTime:0.000000s ]
INFO: [ app_begin ] --END-- [ RunTime:0.000000s ]
SQL: SHOW COLUMNS FROM `question` [ RunTime:0.0010s ]
SQL: UPDATE `question` SET `status`='1' WHERE ( id='3' ) [ RunTime:0.0000s ]

[ 2017-04-14T13:20:42+08:00 ] ::1 /tp3.2.3/index.php/Admin/Test/status
INFO: [ app_begin ] --START--
INFO: Run Behavior\ReadHtmlCacheBehavior [ RunTime:0.000000s ]
INFO: [ app_begin ] --END-- [ RunTime:0.001000s ]
SQL: SHOW COLUMNS FROM `question` [ RunTime:0.0010s ]
SQL: UPDATE `question` SET `status`='1' WHERE ( id='1' ) [ RunTime:0.0000s ]

[ 2017-04-14T13:20:44+08:00 ] ::1 /tp3.2.3/index.php/Admin/Test/status
INFO: [ app_begin ] --START--
INFO: Run Behavior\ReadHtmlCacheBehavior [ RunTime:0.000000s ]
INFO: [ app_begin ] --END-- [ RunTime:0.000000s ]
SQL: SHOW COLUMNS FROM `question` [ RunTime:0.0010s ]
SQL: UPDATE `question` SET `status`='1' WHERE ( id='2' ) [ RunTime:0.0000s ]

[ 2017-04-14T13:56:32+08:00 ] ::1 /tp3.2.3/index.php/Admin/Test/filelist
ERR: 非法操作:filelist

[ 2017-04-14T13:58:09+08:00 ] ::1 /tp3.2.3/index.php/Admin/Test/status
INFO: [ app_begin ] --START--
INFO: Run Behavior\ReadHtmlCacheBehavior [ RunTime:0.000000s ]
INFO: [ app_begin ] --END-- [ RunTime:0.001000s ]
SQL: SHOW COLUMNS FROM `question` [ RunTime:0.0010s ]
SQL: UPDATE `question` SET `status`='0' WHERE ( id='2' ) [ RunTime:0.0000s ]

[ 2017-04-14T13:58:11+08:00 ] ::1 /tp3.2.3/index.php/Admin/Test/status
INFO: [ app_begin ] --START--
INFO: Run Behavior\ReadHtmlCacheBehavior [ RunTime:0.000000s ]
INFO: [ app_begin ] --END-- [ RunTime:0.000000s ]
SQL: SHOW COLUMNS FROM `question` [ RunTime:0.0010s ]
SQL: UPDATE `question` SET `status`='1' WHERE ( id='2' ) [ RunTime:0.0000s ]

