[ 2017-10-13T09:02:18+08:00 ] 58.59.25.134 /index.php/Admin/Person/selectfile?name=proknowledge&test=0
ERR: 1064:You have an error in your SQL syntax; check the manual that corresponds to your MySQL server version for the right syntax to use near ') ORDER BY createtime desc' at line 1
 [ SQL语句 ] : SELECT `id`,`title` FROM `file` WHERE ( filetype = 2 and `group` =  ) ORDER BY createtime desc 

[ 2017-10-13T09:02:22+08:00 ] 58.59.25.134 /index.php/Admin/Person/selectfile?name=proknowledge&test=0
ERR: 1064:You have an error in your SQL syntax; check the manual that corresponds to your MySQL server version for the right syntax to use near ') ORDER BY createtime desc' at line 1
 [ SQL语句 ] : SELECT `id`,`title` FROM `file` WHERE ( filetype = 2 and `group` =  ) ORDER BY createtime desc 

[ 2017-10-13T09:03:02+08:00 ] 58.59.25.134 /index.php/Admin/Person/selectfile?name=proknowledge&test=1
ERR: 1064:You have an error in your SQL syntax; check the manual that corresponds to your MySQL server version for the right syntax to use near ') ORDER BY createtime desc' at line 1
 [ SQL语句 ] : SELECT `id`,`title` FROM `file` WHERE ( filetype = 2 and `group` =  ) ORDER BY createtime desc 

[ 2017-10-13T09:03:04+08:00 ] 58.59.25.134 /index.php/Admin/Person/selectfile?name=proknowledge&test=1
ERR: 1064:You have an error in your SQL syntax; check the manual that corresponds to your MySQL server version for the right syntax to use near ') ORDER BY createtime desc' at line 1
 [ SQL语句 ] : SELECT `id`,`title` FROM `file` WHERE ( filetype = 2 and `group` =  ) ORDER BY createtime desc 

[ 2017-10-13T09:04:40+08:00 ] 58.59.25.134 /index.php/Admin/Person/addtest
INFO: [ app_begin ] --START--
INFO: Run Behavior\ReadHtmlCacheBehavior [ RunTime:0.000324s ]
INFO: [ app_begin ] --END-- [ RunTime:0.000589s ]
SQL: SHOW COLUMNS FROM `user` [ RunTime:0.0006s ]
SQL: UPDATE `user` SET `proknowledge`='8' WHERE ( uid='50' ) [ RunTime:0.0117s ]

[ 2017-10-13T09:05:11+08:00 ] 58.59.25.134 /index.php/Admin/Person/addtest
INFO: [ app_begin ] --START--
INFO: Run Behavior\ReadHtmlCacheBehavior [ RunTime:0.000327s ]
INFO: [ app_begin ] --END-- [ RunTime:0.000601s ]
SQL: SHOW COLUMNS FROM `user` [ RunTime:0.0006s ]
SQL: UPDATE `user` SET `proknowledge`='8,7' WHERE ( uid='48' ) [ RunTime:0.0065s ]

[ 2017-10-13T09:18:59+08:00 ] 58.59.25.134 /index.php/Admin/Person/addtest
INFO: [ app_begin ] --START--
INFO: Run Behavior\ReadHtmlCacheBehavior [ RunTime:0.000359s ]
INFO: [ app_begin ] --END-- [ RunTime:0.000676s ]
SQL: SHOW COLUMNS FROM `user` [ RunTime:0.0005s ]
SQL: UPDATE `user` SET `proknowledge`='8,7' WHERE ( uid='42' ) [ RunTime:0.0081s ]

[ 2017-10-13T09:19:11+08:00 ] 58.59.25.134 /index.php/Admin/Person/addtest
INFO: [ app_begin ] --START--
INFO: Run Behavior\ReadHtmlCacheBehavior [ RunTime:0.000388s ]
INFO: [ app_begin ] --END-- [ RunTime:0.000634s ]
SQL: SHOW COLUMNS FROM `user` [ RunTime:0.0006s ]
SQL: UPDATE `user` SET `proknowledge`='8,7' WHERE ( uid='42' ) [ RunTime:0.0057s ]

[ 2017-10-13T09:21:25+08:00 ] 58.59.25.134 /index.php/Admin/Person/addtest
INFO: [ app_begin ] --START--
INFO: Run Behavior\ReadHtmlCacheBehavior [ RunTime:0.000367s ]
INFO: [ app_begin ] --END-- [ RunTime:0.000611s ]
SQL: SHOW COLUMNS FROM `user` [ RunTime:0.0006s ]
SQL: UPDATE `user` SET `proknowledge`='8,7' WHERE ( uid='48' ) [ RunTime:0.0068s ]

[ 2017-10-13T10:14:43+08:00 ] 58.59.25.134 /index.php/Admin/Person/status
INFO: [ app_begin ] --START--
INFO: Run Behavior\ReadHtmlCacheBehavior [ RunTime:0.000317s ]
INFO: [ app_begin ] --END-- [ RunTime:0.000560s ]
SQL: SHOW COLUMNS FROM `user` [ RunTime:0.0006s ]
SQL: UPDATE `user` SET `status`='0' WHERE ( uid='44' ) [ RunTime:0.0053s ]

[ 2017-10-13T11:35:16+08:00 ] 58.56.25.158 /index.php/Admin/Person/addtest
INFO: [ app_begin ] --START--
INFO: Run Behavior\ReadHtmlCacheBehavior [ RunTime:0.000310s ]
INFO: [ app_begin ] --END-- [ RunTime:0.000547s ]
SQL: SHOW COLUMNS FROM `user` [ RunTime:0.0005s ]
SQL: UPDATE `user` SET `proknowledge`='0' WHERE ( uid='42' ) [ RunTime:0.0056s ]

[ 2017-10-13T16:12:07+08:00 ] 58.59.25.134 /index.php/Admin/Person/addtest
INFO: [ app_begin ] --START--
INFO: Run Behavior\ReadHtmlCacheBehavior [ RunTime:0.000451s ]
INFO: [ app_begin ] --END-- [ RunTime:0.000711s ]
SQL: SHOW COLUMNS FROM `user` [ RunTime:0.0007s ]
SQL: UPDATE `user` SET `proknowledge`='8,7' WHERE ( uid='41' ) [ RunTime:0.0058s ]

[ 2017-10-13T16:14:15+08:00 ] 58.59.25.134 /index.php/Admin/Person/addtest
INFO: [ app_begin ] --START--
INFO: Run Behavior\ReadHtmlCacheBehavior [ RunTime:0.000452s ]
INFO: [ app_begin ] --END-- [ RunTime:0.000783s ]
SQL: SHOW COLUMNS FROM `user` [ RunTime:0.0008s ]
SQL: UPDATE `user` SET `speechcase`='9' WHERE ( uid='50' ) [ RunTime:0.0060s ]

[ 2017-10-13T16:14:29+08:00 ] 58.59.25.134 /index.php/Admin/Person/addtest
INFO: [ app_begin ] --START--
INFO: Run Behavior\ReadHtmlCacheBehavior [ RunTime:0.000403s ]
INFO: [ app_begin ] --END-- [ RunTime:0.000639s ]
SQL: SHOW COLUMNS FROM `user` [ RunTime:0.0006s ]
SQL: UPDATE `user` SET `speechcase`='9' WHERE ( uid='48' ) [ RunTime:0.0061s ]

[ 2017-10-13T16:14:35+08:00 ] 58.59.25.134 /index.php/Admin/Person/addtest
INFO: [ app_begin ] --START--
INFO: Run Behavior\ReadHtmlCacheBehavior [ RunTime:0.000351s ]
INFO: [ app_begin ] --END-- [ RunTime:0.000649s ]
SQL: SHOW COLUMNS FROM `user` [ RunTime:0.0006s ]
SQL: UPDATE `user` SET `proknowledge`='8' WHERE ( uid='48' ) [ RunTime:0.0057s ]

[ 2017-10-13T16:14:47+08:00 ] 58.59.25.134 /index.php/Admin/Person/addtest
INFO: [ app_begin ] --START--
INFO: Run Behavior\ReadHtmlCacheBehavior [ RunTime:0.000368s ]
INFO: [ app_begin ] --END-- [ RunTime:0.000646s ]
SQL: SHOW COLUMNS FROM `user` [ RunTime:0.0006s ]
SQL: UPDATE `user` SET `speechcase`='10,9' WHERE ( uid='42' ) [ RunTime:0.0057s ]

[ 2017-10-13T16:14:53+08:00 ] 58.59.25.134 /index.php/Admin/Person/addtest
INFO: [ app_begin ] --START--
INFO: Run Behavior\ReadHtmlCacheBehavior [ RunTime:0.000356s ]
INFO: [ app_begin ] --END-- [ RunTime:0.000656s ]
SQL: SHOW COLUMNS FROM `user` [ RunTime:0.0006s ]
SQL: UPDATE `user` SET `speechcase`='10,9' WHERE ( uid='41' ) [ RunTime:0.0067s ]

[ 2017-10-13T16:44:17+08:00 ] 58.59.25.134 /index.php/Admin/Person/addtest
INFO: [ app_begin ] --START--
INFO: Run Behavior\ReadHtmlCacheBehavior [ RunTime:0.000383s ]
INFO: [ app_begin ] --END-- [ RunTime:0.000627s ]
SQL: SHOW COLUMNS FROM `user` [ RunTime:0.0006s ]
SQL: UPDATE `user` SET `proknowledge`='8,7' WHERE ( uid='42' ) [ RunTime:0.0061s ]

[ 2017-10-13T16:44:21+08:00 ] 58.59.25.134 /index.php/Admin/Person/addtest
INFO: [ app_begin ] --START--
INFO: Run Behavior\ReadHtmlCacheBehavior [ RunTime:0.000321s ]
INFO: [ app_begin ] --END-- [ RunTime:0.000555s ]
SQL: SHOW COLUMNS FROM `user` [ RunTime:0.0006s ]
SQL: UPDATE `user` SET `proknowledge`='8,7' WHERE ( uid='42' ) [ RunTime:0.0061s ]

[ 2017-10-13T16:44:24+08:00 ] 58.59.25.134 /index.php/Admin/Person/addtest
INFO: [ app_begin ] --START--
INFO: Run Behavior\ReadHtmlCacheBehavior [ RunTime:0.000317s ]
INFO: [ app_begin ] --END-- [ RunTime:0.000552s ]
SQL: SHOW COLUMNS FROM `user` [ RunTime:0.0006s ]
SQL: UPDATE `user` SET `proknowledge`='8,7' WHERE ( uid='41' ) [ RunTime:0.0114s ]

[ 2017-10-13T16:44:30+08:00 ] 58.59.25.134 /index.php/Admin/Person/addtest
INFO: [ app_begin ] --START--
INFO: Run Behavior\ReadHtmlCacheBehavior [ RunTime:0.000334s ]
INFO: [ app_begin ] --END-- [ RunTime:0.000617s ]
SQL: SHOW COLUMNS FROM `user` [ RunTime:0.0006s ]
SQL: UPDATE `user` SET `speechcase`='10,9' WHERE ( uid='42' ) [ RunTime:0.0055s ]

[ 2017-10-13T16:44:33+08:00 ] 58.59.25.134 /index.php/Admin/Person/addtest
INFO: [ app_begin ] --START--
INFO: Run Behavior\ReadHtmlCacheBehavior [ RunTime:0.000352s ]
INFO: [ app_begin ] --END-- [ RunTime:0.000640s ]
SQL: SHOW COLUMNS FROM `user` [ RunTime:0.0007s ]
SQL: UPDATE `user` SET `speechcase`='10,9' WHERE ( uid='41' ) [ RunTime:0.0067s ]

