[ 2017-10-12T11:03:52+08:00 ] 58.56.25.158 /index.php/Admin/Person/chang
INFO: [ app_begin ] --START--
INFO: Run Behavior\ReadHtmlCacheBehavior [ RunTime:0.000367s ]
INFO: [ app_begin ] --END-- [ RunTime:0.000669s ]
SQL: SHOW COLUMNS FROM `user` [ RunTime:0.0006s ]
SQL: UPDATE `user` SET `proknowledge`='0' WHERE ( uid='5' ) [ RunTime:0.0061s ]

[ 2017-10-12T11:03:54+08:00 ] 58.56.25.158 /index.php/Admin/Person/chang
INFO: [ app_begin ] --START--
INFO: Run Behavior\ReadHtmlCacheBehavior [ RunTime:0.000365s ]
INFO: [ app_begin ] --END-- [ RunTime:0.000612s ]
SQL: SHOW COLUMNS FROM `user` [ RunTime:0.0006s ]
SQL: UPDATE `user` SET `proknowledge`='1' WHERE ( uid='5' ) [ RunTime:0.0065s ]

[ 2017-10-12T11:03:54+08:00 ] 58.56.25.158 /index.php/Admin/Person/chang
INFO: [ app_begin ] --START--
INFO: Run Behavior\ReadHtmlCacheBehavior [ RunTime:0.000350s ]
INFO: [ app_begin ] --END-- [ RunTime:0.000643s ]
SQL: SHOW COLUMNS FROM `user` [ RunTime:0.0006s ]
SQL: UPDATE `user` SET `proknowledge`='0' WHERE ( uid='5' ) [ RunTime:0.0056s ]

[ 2017-10-12T11:07:10+08:00 ] 58.56.25.158 /index.php/Admin/Person/practice
INFO: [ app_begin ] --START--
INFO: Run Behavior\ReadHtmlCacheBehavior [ RunTime:0.000320s ]
INFO: [ app_begin ] --END-- [ RunTime:0.000560s ]
SQL: SHOW COLUMNS FROM `user` [ RunTime:0.0006s ]
SQL: UPDATE `user` SET `practice`='1' WHERE ( uid='48' ) [ RunTime:0.0063s ]

[ 2017-10-12T11:07:13+08:00 ] 58.56.25.158 /index.php/Admin/Person/practice
INFO: [ app_begin ] --START--
INFO: Run Behavior\ReadHtmlCacheBehavior [ RunTime:0.000465s ]
INFO: [ app_begin ] --END-- [ RunTime:0.000815s ]
SQL: SHOW COLUMNS FROM `user` [ RunTime:0.0006s ]
SQL: UPDATE `user` SET `practice`='0' WHERE ( uid='48' ) [ RunTime:0.0060s ]

[ 2017-10-12T11:07:15+08:00 ] 58.56.25.158 /index.php/Admin/Person/chang
INFO: [ app_begin ] --START--
INFO: Run Behavior\ReadHtmlCacheBehavior [ RunTime:0.000373s ]
INFO: [ app_begin ] --END-- [ RunTime:0.000618s ]
SQL: SHOW COLUMNS FROM `user` [ RunTime:0.0006s ]
SQL: UPDATE `user` SET `friend`='1' WHERE ( uid='48' ) [ RunTime:0.0057s ]

[ 2017-10-12T11:07:16+08:00 ] 58.56.25.158 /index.php/Admin/Person/chang
INFO: [ app_begin ] --START--
INFO: Run Behavior\ReadHtmlCacheBehavior [ RunTime:0.000299s ]
INFO: [ app_begin ] --END-- [ RunTime:0.000548s ]
SQL: SHOW COLUMNS FROM `user` [ RunTime:0.0005s ]
SQL: UPDATE `user` SET `friend`='0' WHERE ( uid='48' ) [ RunTime:0.0109s ]

[ 2017-10-12T13:01:45+08:00 ] 58.59.25.134 /index.php/Admin/Person/select?name=test2&test=0
ERR: 1064:You have an error in your SQL syntax; check the manual that corresponds to your MySQL server version for the right syntax to use near 'and status = 1 ) ORDER BY crtime desc' at line 1
 [ SQL语句 ] : SELECT `pid`,`pname` FROM `paper` WHERE ( filetype = 2 and `group` =  and status = 1 ) ORDER BY crtime desc 

[ 2017-10-12T13:01:52+08:00 ] 58.59.25.134 /index.php/Admin/Person/select?name=test2&test=0
ERR: 1064:You have an error in your SQL syntax; check the manual that corresponds to your MySQL server version for the right syntax to use near 'and status = 1 ) ORDER BY crtime desc' at line 1
 [ SQL语句 ] : SELECT `pid`,`pname` FROM `paper` WHERE ( filetype = 2 and `group` =  and status = 1 ) ORDER BY crtime desc 

[ 2017-10-12T13:02:41+08:00 ] 58.59.25.134 /index.php/Admin/Person/select?name=test2&test=0
ERR: 1064:You have an error in your SQL syntax; check the manual that corresponds to your MySQL server version for the right syntax to use near 'and status = 1 ) ORDER BY crtime desc' at line 1
 [ SQL语句 ] : SELECT `pid`,`pname` FROM `paper` WHERE ( filetype = 2 and `group` =  and status = 1 ) ORDER BY crtime desc 

[ 2017-10-12T13:02:50+08:00 ] 58.59.25.134 /index.php/Admin/Person/select?name=test2&test=0
ERR: 1064:You have an error in your SQL syntax; check the manual that corresponds to your MySQL server version for the right syntax to use near 'and status = 1 ) ORDER BY crtime desc' at line 1
 [ SQL语句 ] : SELECT `pid`,`pname` FROM `paper` WHERE ( filetype = 2 and `group` =  and status = 1 ) ORDER BY crtime desc 

[ 2017-10-12T13:04:02+08:00 ] 58.59.25.134 /index.php/Admin/Person/select?name=test2&test=0
ERR: 1064:You have an error in your SQL syntax; check the manual that corresponds to your MySQL server version for the right syntax to use near 'and status = 1 ) ORDER BY crtime desc' at line 1
 [ SQL语句 ] : SELECT `pid`,`pname` FROM `paper` WHERE ( filetype = 2 and `group` =  and status = 1 ) ORDER BY crtime desc 

[ 2017-10-12T13:04:04+08:00 ] 58.56.25.158 /index.php/Admin/Person/chang
INFO: [ app_begin ] --START--
INFO: Run Behavior\ReadHtmlCacheBehavior [ RunTime:0.000341s ]
INFO: [ app_begin ] --END-- [ RunTime:0.000577s ]
SQL: SHOW COLUMNS FROM `user` [ RunTime:0.0006s ]
SQL: UPDATE `user` SET `proknowledge`='1' WHERE ( uid='46' ) [ RunTime:0.0060s ]

[ 2017-10-12T13:04:05+08:00 ] 58.56.25.158 /index.php/Admin/Person/chang
INFO: [ app_begin ] --START--
INFO: Run Behavior\ReadHtmlCacheBehavior [ RunTime:0.000304s ]
INFO: [ app_begin ] --END-- [ RunTime:0.000554s ]
SQL: SHOW COLUMNS FROM `user` [ RunTime:0.0006s ]
SQL: UPDATE `user` SET `proknowledge`='0' WHERE ( uid='46' ) [ RunTime:0.0056s ]

[ 2017-10-12T13:04:20+08:00 ] 58.59.25.134 /index.php/Admin/Person/select?name=test2&test=0
ERR: 1064:You have an error in your SQL syntax; check the manual that corresponds to your MySQL server version for the right syntax to use near 'and status = 1 ) ORDER BY crtime desc' at line 1
 [ SQL语句 ] : SELECT `pid`,`pname` FROM `paper` WHERE ( filetype = 2 and `group` =  and status = 1 ) ORDER BY crtime desc 

[ 2017-10-12T13:05:17+08:00 ] 58.59.25.134 /index.php/Admin/Person/addtest
INFO: [ app_begin ] --START--
INFO: Run Behavior\ReadHtmlCacheBehavior [ RunTime:0.000302s ]
INFO: [ app_begin ] --END-- [ RunTime:0.000551s ]
SQL: SHOW COLUMNS FROM `user` [ RunTime:0.0006s ]
SQL: UPDATE `user` SET `test2`='18,17' WHERE ( uid='44' ) [ RunTime:0.0054s ]

[ 2017-10-12T14:01:39+08:00 ] 58.56.25.158 /index.php/Admin/Person/chang
INFO: [ app_begin ] --START--
INFO: Run Behavior\ReadHtmlCacheBehavior [ RunTime:0.000329s ]
INFO: [ app_begin ] --END-- [ RunTime:0.000598s ]
SQL: SHOW COLUMNS FROM `user` [ RunTime:0.0006s ]
SQL: UPDATE `user` SET `sellskills`='1' WHERE ( uid='50' ) [ RunTime:0.0063s ]

[ 2017-10-12T14:01:40+08:00 ] 58.56.25.158 /index.php/Admin/Person/chang
INFO: [ app_begin ] --START--
INFO: Run Behavior\ReadHtmlCacheBehavior [ RunTime:0.000387s ]
INFO: [ app_begin ] --END-- [ RunTime:0.000657s ]
SQL: SHOW COLUMNS FROM `user` [ RunTime:0.0006s ]
SQL: UPDATE `user` SET `sellskills`='0' WHERE ( uid='50' ) [ RunTime:0.0138s ]

[ 2017-10-12T14:17:55+08:00 ] 58.56.25.158 /index.php/Admin/Person/practice
INFO: [ app_begin ] --START--
INFO: Run Behavior\ReadHtmlCacheBehavior [ RunTime:0.000320s ]
INFO: [ app_begin ] --END-- [ RunTime:0.000609s ]
SQL: SHOW COLUMNS FROM `user` [ RunTime:0.0006s ]
SQL: UPDATE `user` SET `practice`='1' WHERE ( uid='50' ) [ RunTime:0.0058s ]

[ 2017-10-12T14:17:57+08:00 ] 58.56.25.158 /index.php/Admin/Person/practice
INFO: [ app_begin ] --START--
INFO: Run Behavior\ReadHtmlCacheBehavior [ RunTime:0.000384s ]
INFO: [ app_begin ] --END-- [ RunTime:0.000661s ]
SQL: SHOW COLUMNS FROM `user` [ RunTime:0.0007s ]
SQL: UPDATE `user` SET `practice`='0' WHERE ( uid='50' ) [ RunTime:0.0113s ]

[ 2017-10-12T14:18:02+08:00 ] 58.56.25.158 /index.php/Admin/Person/chang
INFO: [ app_begin ] --START--
INFO: Run Behavior\ReadHtmlCacheBehavior [ RunTime:0.000370s ]
INFO: [ app_begin ] --END-- [ RunTime:0.000662s ]
SQL: SHOW COLUMNS FROM `user` [ RunTime:0.0006s ]
SQL: UPDATE `user` SET `friend`='1' WHERE ( uid='50' ) [ RunTime:0.0058s ]

[ 2017-10-12T14:18:03+08:00 ] 58.56.25.158 /index.php/Admin/Person/chang
INFO: [ app_begin ] --START--
INFO: Run Behavior\ReadHtmlCacheBehavior [ RunTime:0.000337s ]
INFO: [ app_begin ] --END-- [ RunTime:0.000602s ]
SQL: SHOW COLUMNS FROM `user` [ RunTime:0.0006s ]
SQL: UPDATE `user` SET `friend`='0' WHERE ( uid='50' ) [ RunTime:0.0054s ]

[ 2017-10-12T14:18:08+08:00 ] 58.56.25.158 /index.php/Admin/Person/chang
INFO: [ app_begin ] --START--
INFO: Run Behavior\ReadHtmlCacheBehavior [ RunTime:0.000385s ]
INFO: [ app_begin ] --END-- [ RunTime:0.000634s ]
SQL: SHOW COLUMNS FROM `user` [ RunTime:0.0006s ]
SQL: UPDATE `user` SET `speechcase`='1' WHERE ( uid='50' ) [ RunTime:0.0076s ]

[ 2017-10-12T14:18:08+08:00 ] 58.56.25.158 /index.php/Admin/Person/chang
INFO: [ app_begin ] --START--
INFO: Run Behavior\ReadHtmlCacheBehavior [ RunTime:0.000649s ]
INFO: [ app_begin ] --END-- [ RunTime:0.000994s ]
SQL: SHOW COLUMNS FROM `user` [ RunTime:0.0006s ]
SQL: UPDATE `user` SET `speechcase`='0' WHERE ( uid='50' ) [ RunTime:0.0460s ]

[ 2017-10-12T14:40:13+08:00 ] 58.56.25.158 /index.php/Admin/Person/selectfile?name=proknowledge&test=0
ERR: 模板不存在:./Application/Admin/View/Person/selectfile.html

[ 2017-10-12T14:40:33+08:00 ] 58.56.25.158 /index.php/Admin/Person/selectfile?name=proknowledge&test=1
ERR: 模板不存在:./Application/Admin/View/Person/selectfile.html

[ 2017-10-12T14:53:09+08:00 ] 58.56.25.158 /index.php/Admin/Person/addtest
INFO: [ app_begin ] --START--
INFO: Run Behavior\ReadHtmlCacheBehavior [ RunTime:0.000436s ]
INFO: [ app_begin ] --END-- [ RunTime:0.000683s ]
SQL: SHOW COLUMNS FROM `user` [ RunTime:0.0006s ]
SQL: UPDATE `user` SET `proknowledge`='8' WHERE ( uid='48' ) [ RunTime:0.0056s ]

[ 2017-10-12T14:53:45+08:00 ] 58.56.25.158 /index.php/Admin/Person/addtest
INFO: [ app_begin ] --START--
INFO: Run Behavior\ReadHtmlCacheBehavior [ RunTime:0.000308s ]
INFO: [ app_begin ] --END-- [ RunTime:0.000562s ]
SQL: SHOW COLUMNS FROM `user` [ RunTime:0.0006s ]
SQL: UPDATE `user` SET `proknowledge`='8' WHERE ( uid='48' ) [ RunTime:0.0059s ]

[ 2017-10-12T15:00:49+08:00 ] 58.56.25.158 /index.php/Admin/Person/addtest
INFO: [ app_begin ] --START--
INFO: Run Behavior\ReadHtmlCacheBehavior [ RunTime:0.000336s ]
INFO: [ app_begin ] --END-- [ RunTime:0.000621s ]
SQL: SHOW COLUMNS FROM `user` [ RunTime:0.0005s ]
SQL: UPDATE `user` SET `test1`='19,15' WHERE ( uid='42' ) [ RunTime:0.0059s ]

[ 2017-10-12T15:28:00+08:00 ] 58.56.25.158 /index.php/Admin/Person/addtest
INFO: [ app_begin ] --START--
INFO: Run Behavior\ReadHtmlCacheBehavior [ RunTime:0.000349s ]
INFO: [ app_begin ] --END-- [ RunTime:0.000618s ]
SQL: SHOW COLUMNS FROM `user` [ RunTime:0.0006s ]
SQL: UPDATE `user` SET `test1`='19,15' WHERE ( uid='42' ) [ RunTime:0.0056s ]

[ 2017-10-12T15:28:56+08:00 ] 58.56.25.158 /index.php/Admin/Person/addtest
INFO: [ app_begin ] --START--
INFO: Run Behavior\ReadHtmlCacheBehavior [ RunTime:0.000304s ]
INFO: [ app_begin ] --END-- [ RunTime:0.000540s ]
SQL: SHOW COLUMNS FROM `user` [ RunTime:0.0006s ]
SQL: UPDATE `user` SET `test1`='19' WHERE ( uid='42' ) [ RunTime:0.0061s ]

[ 2017-10-12T15:31:42+08:00 ] 58.56.25.158 /index.php/Admin/Person/addtest
INFO: [ app_begin ] --START--
INFO: Run Behavior\ReadHtmlCacheBehavior [ RunTime:0.000306s ]
INFO: [ app_begin ] --END-- [ RunTime:0.000577s ]
SQL: SHOW COLUMNS FROM `user` [ RunTime:0.0006s ]
SQL: UPDATE `user` SET `test1`='15' WHERE ( uid='42' ) [ RunTime:0.0062s ]

[ 2017-10-12T15:31:47+08:00 ] 58.56.25.158 /index.php/Admin/Person/addtest
INFO: [ app_begin ] --START--
INFO: Run Behavior\ReadHtmlCacheBehavior [ RunTime:0.000310s ]
INFO: [ app_begin ] --END-- [ RunTime:0.000610s ]
SQL: SHOW COLUMNS FROM `user` [ RunTime:0.0006s ]
SQL: UPDATE `user` SET `test1`='19' WHERE ( uid='42' ) [ RunTime:0.0063s ]

[ 2017-10-12T15:31:54+08:00 ] 58.56.25.158 /index.php/Admin/Person/addtest
INFO: [ app_begin ] --START--
INFO: Run Behavior\ReadHtmlCacheBehavior [ RunTime:0.000343s ]
INFO: [ app_begin ] --END-- [ RunTime:0.000627s ]
SQL: SHOW COLUMNS FROM `user` [ RunTime:0.0006s ]
SQL: UPDATE `user` SET `test1`='19,15' WHERE ( uid='42' ) [ RunTime:0.0055s ]

[ 2017-10-12T15:32:00+08:00 ] 58.56.25.158 /index.php/Admin/Person/addtest
INFO: [ app_begin ] --START--
INFO: Run Behavior\ReadHtmlCacheBehavior [ RunTime:0.000328s ]
INFO: [ app_begin ] --END-- [ RunTime:0.000561s ]
SQL: SHOW COLUMNS FROM `user` [ RunTime:0.0006s ]
SQL: UPDATE `user` SET `test1`='19,15' WHERE ( uid='42' ) [ RunTime:0.0060s ]

[ 2017-10-12T15:50:13+08:00 ] 58.56.25.158 /index.php/Admin/Person/addtest
INFO: [ app_begin ] --START--
INFO: Run Behavior\ReadHtmlCacheBehavior [ RunTime:0.000373s ]
INFO: [ app_begin ] --END-- [ RunTime:0.000611s ]
SQL: SHOW COLUMNS FROM `user` [ RunTime:0.0007s ]
SQL: UPDATE `user` SET `proknowledge`='8' WHERE ( uid='42' ) [ RunTime:0.0061s ]

[ 2017-10-12T15:50:59+08:00 ] 58.56.25.158 /index.php/Admin/Person/addtest
INFO: [ app_begin ] --START--
INFO: Run Behavior\ReadHtmlCacheBehavior [ RunTime:0.000337s ]
INFO: [ app_begin ] --END-- [ RunTime:0.000600s ]
SQL: SHOW COLUMNS FROM `user` [ RunTime:0.0006s ]
SQL: UPDATE `user` SET `proknowledge`='8' WHERE ( uid='42' ) [ RunTime:0.0103s ]

[ 2017-10-12T15:51:35+08:00 ] 58.56.25.158 /index.php/Admin/Person/addtest
INFO: [ app_begin ] --START--
INFO: Run Behavior\ReadHtmlCacheBehavior [ RunTime:0.000328s ]
INFO: [ app_begin ] --END-- [ RunTime:0.000572s ]
SQL: SHOW COLUMNS FROM `user` [ RunTime:0.0006s ]
SQL: UPDATE `user` SET `proknowledge`='7' WHERE ( uid='42' ) [ RunTime:0.0053s ]

[ 2017-10-12T15:52:03+08:00 ] 58.56.25.158 /index.php/Admin/Person/addtest
INFO: [ app_begin ] --START--
INFO: Run Behavior\ReadHtmlCacheBehavior [ RunTime:0.000352s ]
INFO: [ app_begin ] --END-- [ RunTime:0.000766s ]
SQL: SHOW COLUMNS FROM `user` [ RunTime:0.0008s ]
SQL: UPDATE `user` SET `proknowledge`='8' WHERE ( uid='42' ) [ RunTime:0.0057s ]

[ 2017-10-12T16:00:25+08:00 ] 58.56.25.158 /index.php/Admin/Person/addtest
INFO: [ app_begin ] --START--
INFO: Run Behavior\ReadHtmlCacheBehavior [ RunTime:0.000324s ]
INFO: [ app_begin ] --END-- [ RunTime:0.000586s ]
SQL: SHOW COLUMNS FROM `user` [ RunTime:0.0006s ]
SQL: UPDATE `user` SET `proknowledge`='8' WHERE ( uid='42' ) [ RunTime:0.0065s ]

[ 2017-10-12T16:00:40+08:00 ] 58.56.25.158 /index.php/Admin/Person/addtest
INFO: [ app_begin ] --START--
INFO: Run Behavior\ReadHtmlCacheBehavior [ RunTime:0.000305s ]
INFO: [ app_begin ] --END-- [ RunTime:0.000535s ]
SQL: SHOW COLUMNS FROM `user` [ RunTime:0.0006s ]
SQL: UPDATE `user` SET `proknowledge`='8' WHERE ( uid='42' ) [ RunTime:0.0055s ]

[ 2017-10-12T16:04:50+08:00 ] 58.56.25.158 /index.php/Admin/Person/addtest
INFO: [ app_begin ] --START--
INFO: Run Behavior\ReadHtmlCacheBehavior [ RunTime:0.000317s ]
INFO: [ app_begin ] --END-- [ RunTime:0.000585s ]
SQL: SHOW COLUMNS FROM `user` [ RunTime:0.0007s ]
SQL: UPDATE `user` SET `proknowledge`='8' WHERE ( uid='42' ) [ RunTime:0.0075s ]

[ 2017-10-12T16:04:57+08:00 ] 58.56.25.158 /index.php/Admin/Person/addtest
INFO: [ app_begin ] --START--
INFO: Run Behavior\ReadHtmlCacheBehavior [ RunTime:0.000327s ]
INFO: [ app_begin ] --END-- [ RunTime:0.000560s ]
SQL: SHOW COLUMNS FROM `user` [ RunTime:0.0006s ]
SQL: UPDATE `user` SET `proknowledge`='8' WHERE ( uid='42' ) [ RunTime:0.0069s ]

[ 2017-10-12T16:05:03+08:00 ] 58.56.25.158 /index.php/Admin/Person/addtest
INFO: [ app_begin ] --START--
INFO: Run Behavior\ReadHtmlCacheBehavior [ RunTime:0.000353s ]
INFO: [ app_begin ] --END-- [ RunTime:0.000607s ]
SQL: SHOW COLUMNS FROM `user` [ RunTime:0.0006s ]
SQL: UPDATE `user` SET `proknowledge`='7' WHERE ( uid='42' ) [ RunTime:0.0061s ]

[ 2017-10-12T16:05:34+08:00 ] 58.56.25.158 /index.php/Admin/Person/addtest
INFO: [ app_begin ] --START--
INFO: Run Behavior\ReadHtmlCacheBehavior [ RunTime:0.000429s ]
INFO: [ app_begin ] --END-- [ RunTime:0.000778s ]
SQL: SHOW COLUMNS FROM `user` [ RunTime:0.0008s ]
SQL: UPDATE `user` SET `proknowledge`='8' WHERE ( uid='42' ) [ RunTime:0.0062s ]

[ 2017-10-12T16:05:46+08:00 ] 58.56.25.158 /index.php/Admin/Person/addtest
INFO: [ app_begin ] --START--
INFO: Run Behavior\ReadHtmlCacheBehavior [ RunTime:0.000337s ]
INFO: [ app_begin ] --END-- [ RunTime:0.000613s ]
SQL: SHOW COLUMNS FROM `user` [ RunTime:0.0006s ]
SQL: UPDATE `user` SET `proknowledge`='8' WHERE ( uid='42' ) [ RunTime:0.0194s ]

[ 2017-10-12T16:10:42+08:00 ] 58.56.25.158 /index.php/Admin/Person/addtest
INFO: [ app_begin ] --START--
INFO: Run Behavior\ReadHtmlCacheBehavior [ RunTime:0.000310s ]
INFO: [ app_begin ] --END-- [ RunTime:0.000576s ]
SQL: SHOW COLUMNS FROM `user` [ RunTime:0.0005s ]
SQL: UPDATE `user` SET `proknowledge`='8,7' WHERE ( uid='42' ) [ RunTime:0.0122s ]

[ 2017-10-12T16:11:06+08:00 ] 58.56.25.158 /index.php/Admin/Person/addtest
INFO: [ app_begin ] --START--
INFO: Run Behavior\ReadHtmlCacheBehavior [ RunTime:0.000369s ]
INFO: [ app_begin ] --END-- [ RunTime:0.000672s ]
SQL: SHOW COLUMNS FROM `user` [ RunTime:0.0006s ]
SQL: UPDATE `user` SET `proknowledge`='7' WHERE ( uid='42' ) [ RunTime:0.0063s ]

[ 2017-10-12T16:29:45+08:00 ] 58.56.25.158 /index.php/Admin/Person/addtest
INFO: [ app_begin ] --START--
INFO: Run Behavior\ReadHtmlCacheBehavior [ RunTime:0.000371s ]
INFO: [ app_begin ] --END-- [ RunTime:0.000652s ]
SQL: SHOW COLUMNS FROM `user` [ RunTime:0.0007s ]
SQL: UPDATE `user` SET `proknowledge`='8,7' WHERE ( uid='42' ) [ RunTime:0.0059s ]

[ 2017-10-12T16:30:17+08:00 ] 58.56.25.158 /index.php/Admin/Person/addtest
INFO: [ app_begin ] --START--
INFO: Run Behavior\ReadHtmlCacheBehavior [ RunTime:0.000352s ]
INFO: [ app_begin ] --END-- [ RunTime:0.000620s ]
SQL: SHOW COLUMNS FROM `user` [ RunTime:0.0006s ]
SQL: UPDATE `user` SET `proknowledge`='8,7' WHERE ( uid='42' ) [ RunTime:0.0061s ]

[ 2017-10-12T16:30:27+08:00 ] 58.56.25.158 /index.php/Admin/Person/addtest
INFO: [ app_begin ] --START--
INFO: Run Behavior\ReadHtmlCacheBehavior [ RunTime:0.000333s ]
INFO: [ app_begin ] --END-- [ RunTime:0.000602s ]
SQL: SHOW COLUMNS FROM `user` [ RunTime:0.0007s ]
SQL: UPDATE `user` SET `proknowledge`='7' WHERE ( uid='42' ) [ RunTime:0.0199s ]

[ 2017-10-12T16:30:39+08:00 ] 58.56.25.158 /index.php/Admin/Person/addtest
INFO: [ app_begin ] --START--
INFO: Run Behavior\ReadHtmlCacheBehavior [ RunTime:0.000433s ]
INFO: [ app_begin ] --END-- [ RunTime:0.000698s ]
SQL: SHOW COLUMNS FROM `user` [ RunTime:0.0006s ]
SQL: UPDATE `user` SET `proknowledge`='8,7' WHERE ( uid='42' ) [ RunTime:0.0132s ]

[ 2017-10-12T16:31:24+08:00 ] 58.56.25.158 /index.php/Admin/Person/addtest
INFO: [ app_begin ] --START--
INFO: Run Behavior\ReadHtmlCacheBehavior [ RunTime:0.000304s ]
INFO: [ app_begin ] --END-- [ RunTime:0.000560s ]
SQL: SHOW COLUMNS FROM `user` [ RunTime:0.0006s ]
SQL: UPDATE `user` SET `speechcase`='10,9' WHERE ( uid='42' ) [ RunTime:0.0076s ]

[ 2017-10-12T16:31:36+08:00 ] 58.56.25.158 /index.php/Admin/Person/addtest
INFO: [ app_begin ] --START--
INFO: Run Behavior\ReadHtmlCacheBehavior [ RunTime:0.000463s ]
INFO: [ app_begin ] --END-- [ RunTime:0.000697s ]
SQL: SHOW COLUMNS FROM `user` [ RunTime:0.0007s ]
SQL: UPDATE `user` SET `speechcase`='9' WHERE ( uid='42' ) [ RunTime:0.0072s ]

[ 2017-10-12T17:03:49+08:00 ] 58.56.25.158 /index.php/Admin/Person/addtest
INFO: [ app_begin ] --START--
INFO: Run Behavior\ReadHtmlCacheBehavior [ RunTime:0.000438s ]
INFO: [ app_begin ] --END-- [ RunTime:0.000693s ]
SQL: SHOW COLUMNS FROM `user` [ RunTime:0.0006s ]
SQL: UPDATE `user` SET `proknowledge`='0' WHERE ( uid='42' ) [ RunTime:0.0058s ]

[ 2017-10-12T17:04:05+08:00 ] 58.56.25.158 /index.php/Admin/Person/addtest
INFO: [ app_begin ] --START--
INFO: Run Behavior\ReadHtmlCacheBehavior [ RunTime:0.000308s ]
INFO: [ app_begin ] --END-- [ RunTime:0.000587s ]
SQL: SHOW COLUMNS FROM `user` [ RunTime:0.0007s ]
SQL: UPDATE `user` SET `proknowledge`='0' WHERE ( uid='42' ) [ RunTime:0.0068s ]

[ 2017-10-12T17:05:48+08:00 ] 58.56.25.158 /index.php/Admin/Person/addtest
INFO: [ app_begin ] --START--
INFO: Run Behavior\ReadHtmlCacheBehavior [ RunTime:0.000360s ]
INFO: [ app_begin ] --END-- [ RunTime:0.000609s ]
SQL: SHOW COLUMNS FROM `user` [ RunTime:0.0008s ]
SQL: UPDATE `user` SET `proknowledge`='8,7' WHERE ( uid='42' ) [ RunTime:0.0067s ]

[ 2017-10-12T17:06:06+08:00 ] 58.56.25.158 /index.php/Admin/Person/addtest
INFO: [ app_begin ] --START--
INFO: Run Behavior\ReadHtmlCacheBehavior [ RunTime:0.000327s ]
INFO: [ app_begin ] --END-- [ RunTime:0.000596s ]
SQL: SHOW COLUMNS FROM `user` [ RunTime:0.0006s ]
SQL: UPDATE `user` SET `proknowledge`='0' WHERE ( uid='42' ) [ RunTime:0.0065s ]

[ 2017-10-12T17:07:50+08:00 ] 58.56.25.158 /index.php/Admin/Person/addtest
INFO: [ app_begin ] --START--
INFO: Run Behavior\ReadHtmlCacheBehavior [ RunTime:0.000326s ]
INFO: [ app_begin ] --END-- [ RunTime:0.000560s ]
SQL: SHOW COLUMNS FROM `user` [ RunTime:0.0006s ]
SQL: UPDATE `user` SET `proknowledge`='8,7' WHERE ( uid='42' ) [ RunTime:0.0060s ]

[ 2017-10-12T17:07:59+08:00 ] 58.56.25.158 /index.php/Admin/Person/addtest
INFO: [ app_begin ] --START--
INFO: Run Behavior\ReadHtmlCacheBehavior [ RunTime:0.000400s ]
INFO: [ app_begin ] --END-- [ RunTime:0.000639s ]
SQL: SHOW COLUMNS FROM `user` [ RunTime:0.0006s ]
SQL: UPDATE `user` SET `proknowledge`='0' WHERE ( uid='42' ) [ RunTime:0.0052s ]

[ 2017-10-12T17:12:22+08:00 ] 58.56.25.158 /index.php/Admin/Person/addtest
INFO: [ app_begin ] --START--
INFO: Run Behavior\ReadHtmlCacheBehavior [ RunTime:0.000400s ]
INFO: [ app_begin ] --END-- [ RunTime:0.000652s ]
SQL: SHOW COLUMNS FROM `user` [ RunTime:0.0006s ]
SQL: UPDATE `user` SET `test1`='0' WHERE ( uid='42' ) [ RunTime:0.0060s ]

[ 2017-10-12T17:22:09+08:00 ] 58.56.25.158 /index.php/Admin/Person/addtest
INFO: [ app_begin ] --START--
INFO: Run Behavior\ReadHtmlCacheBehavior [ RunTime:0.000324s ]
INFO: [ app_begin ] --END-- [ RunTime:0.000579s ]
SQL: SHOW COLUMNS FROM `user` [ RunTime:0.0006s ]
SQL: UPDATE `user` SET `proknowledge`='8,7' WHERE ( uid='42' ) [ RunTime:0.0055s ]

[ 2017-10-12T17:23:46+08:00 ] 58.56.25.158 /index.php/Admin/Person/addtest
INFO: [ app_begin ] --START--
INFO: Run Behavior\ReadHtmlCacheBehavior [ RunTime:0.000327s ]
INFO: [ app_begin ] --END-- [ RunTime:0.000570s ]
SQL: SHOW COLUMNS FROM `user` [ RunTime:0.0006s ]
SQL: UPDATE `user` SET `proknowledge`='8' WHERE ( uid='42' ) [ RunTime:0.0069s ]

[ 2017-10-12T17:25:36+08:00 ] 58.56.25.158 /index.php/Admin/Person/addtest
INFO: [ app_begin ] --START--
INFO: Run Behavior\ReadHtmlCacheBehavior [ RunTime:0.000307s ]
INFO: [ app_begin ] --END-- [ RunTime:0.000586s ]
SQL: SHOW COLUMNS FROM `user` [ RunTime:0.0005s ]
SQL: UPDATE `user` SET `test2`='0' WHERE ( uid='44' ) [ RunTime:0.0060s ]

[ 2017-10-12T17:28:27+08:00 ] 58.56.25.158 /index.php/Admin/Person/addtest
INFO: [ app_begin ] --START--
INFO: Run Behavior\ReadHtmlCacheBehavior [ RunTime:0.000358s ]
INFO: [ app_begin ] --END-- [ RunTime:0.000648s ]
SQL: SHOW COLUMNS FROM `user` [ RunTime:0.0006s ]
SQL: UPDATE `user` SET `test1`='0' WHERE ( uid='44' ) [ RunTime:0.0060s ]

[ 2017-10-12T17:28:52+08:00 ] 58.56.25.158 /index.php/Admin/Person/addtest
INFO: [ app_begin ] --START--
INFO: Run Behavior\ReadHtmlCacheBehavior [ RunTime:0.000311s ]
INFO: [ app_begin ] --END-- [ RunTime:0.000549s ]
SQL: SHOW COLUMNS FROM `user` [ RunTime:0.0006s ]
SQL: UPDATE `user` SET `proknowledge`='0' WHERE ( uid='44' ) [ RunTime:0.0059s ]

[ 2017-10-12T17:29:15+08:00 ] 58.56.25.158 /index.php/Admin/Person/addtest
INFO: [ app_begin ] --START--
INFO: Run Behavior\ReadHtmlCacheBehavior [ RunTime:0.000472s ]
INFO: [ app_begin ] --END-- [ RunTime:0.000823s ]
SQL: SHOW COLUMNS FROM `user` [ RunTime:0.0008s ]
SQL: UPDATE `user` SET `speechcase`='0' WHERE ( uid='44' ) [ RunTime:0.0133s ]

[ 2017-10-12T17:34:04+08:00 ] 58.56.25.158 /index.php/Admin/Person/practice
INFO: [ app_begin ] --START--
INFO: Run Behavior\ReadHtmlCacheBehavior [ RunTime:0.000377s ]
INFO: [ app_begin ] --END-- [ RunTime:0.000682s ]
SQL: SHOW COLUMNS FROM `user` [ RunTime:0.0007s ]
SQL: UPDATE `user` SET `practice`='1' WHERE ( uid='44' ) [ RunTime:0.0078s ]

[ 2017-10-12T17:34:07+08:00 ] 58.56.25.158 /index.php/Admin/Person/practice
INFO: [ app_begin ] --START--
INFO: Run Behavior\ReadHtmlCacheBehavior [ RunTime:0.000370s ]
INFO: [ app_begin ] --END-- [ RunTime:0.000613s ]
SQL: SHOW COLUMNS FROM `user` [ RunTime:0.0006s ]
SQL: UPDATE `user` SET `practice`='0' WHERE ( uid='44' ) [ RunTime:0.0061s ]

[ 2017-10-12T17:34:17+08:00 ] 58.56.25.158 /index.php/Admin/Person/addtest
INFO: [ app_begin ] --START--
INFO: Run Behavior\ReadHtmlCacheBehavior [ RunTime:0.000363s ]
INFO: [ app_begin ] --END-- [ RunTime:0.000620s ]
SQL: SHOW COLUMNS FROM `user` [ RunTime:0.0006s ]
SQL: UPDATE `user` SET `test1`='0' WHERE ( uid='44' ) [ RunTime:0.0060s ]

[ 2017-10-12T17:37:20+08:00 ] 58.56.25.158 /index.php/Admin/Person/practice
INFO: [ app_begin ] --START--
INFO: Run Behavior\ReadHtmlCacheBehavior [ RunTime:0.000354s ]
INFO: [ app_begin ] --END-- [ RunTime:0.000588s ]
SQL: SHOW COLUMNS FROM `user` [ RunTime:0.0006s ]
SQL: UPDATE `user` SET `practice`='1' WHERE ( uid='33' ) [ RunTime:0.0056s ]

[ 2017-10-12T17:37:23+08:00 ] 58.56.25.158 /index.php/Admin/Person/practice
INFO: [ app_begin ] --START--
INFO: Run Behavior\ReadHtmlCacheBehavior [ RunTime:0.000308s ]
INFO: [ app_begin ] --END-- [ RunTime:0.000562s ]
SQL: SHOW COLUMNS FROM `user` [ RunTime:0.0006s ]
SQL: UPDATE `user` SET `practice`='0' WHERE ( uid='33' ) [ RunTime:0.0061s ]

[ 2017-10-12T17:37:24+08:00 ] 58.56.25.158 /index.php/Admin/Person/practice
INFO: [ app_begin ] --START--
INFO: Run Behavior\ReadHtmlCacheBehavior [ RunTime:0.000404s ]
INFO: [ app_begin ] --END-- [ RunTime:0.000665s ]
SQL: SHOW COLUMNS FROM `user` [ RunTime:0.0006s ]
SQL: UPDATE `user` SET `practice`='1' WHERE ( uid='33' ) [ RunTime:0.0057s ]

[ 2017-10-12T17:37:27+08:00 ] 58.56.25.158 /index.php/Admin/Person/practice
INFO: [ app_begin ] --START--
INFO: Run Behavior\ReadHtmlCacheBehavior [ RunTime:0.000317s ]
INFO: [ app_begin ] --END-- [ RunTime:0.000544s ]
SQL: SHOW COLUMNS FROM `user` [ RunTime:0.0005s ]
SQL: UPDATE `user` SET `practice`='0' WHERE ( uid='33' ) [ RunTime:0.0059s ]

[ 2017-10-12T17:38:01+08:00 ] 58.56.25.158 /index.php/Admin/Person/addtest
INFO: [ app_begin ] --START--
INFO: Run Behavior\ReadHtmlCacheBehavior [ RunTime:0.000353s ]
INFO: [ app_begin ] --END-- [ RunTime:0.000644s ]
SQL: SHOW COLUMNS FROM `user` [ RunTime:0.0006s ]
SQL: UPDATE `user` SET `sellskills`='0' WHERE ( uid='5' ) [ RunTime:0.0069s ]

[ 2017-10-12T17:38:36+08:00 ] 58.56.25.158 /index.php/Admin/Person/addtest
INFO: [ app_begin ] --START--
INFO: Run Behavior\ReadHtmlCacheBehavior [ RunTime:0.000326s ]
INFO: [ app_begin ] --END-- [ RunTime:0.000561s ]
SQL: SHOW COLUMNS FROM `user` [ RunTime:0.0006s ]
SQL: UPDATE `user` SET `speechcase`='10,9' WHERE ( uid='5' ) [ RunTime:0.0057s ]

[ 2017-10-12T17:38:45+08:00 ] 58.56.25.158 /index.php/Admin/Person/addtest
INFO: [ app_begin ] --START--
INFO: Run Behavior\ReadHtmlCacheBehavior [ RunTime:0.000363s ]
INFO: [ app_begin ] --END-- [ RunTime:0.000615s ]
SQL: SHOW COLUMNS FROM `user` [ RunTime:0.0006s ]
SQL: UPDATE `user` SET `friend`='0' WHERE ( uid='5' ) [ RunTime:0.0068s ]

[ 2017-10-12T17:38:47+08:00 ] 58.56.25.158 /index.php/Admin/Person/practice
INFO: [ app_begin ] --START--
INFO: Run Behavior\ReadHtmlCacheBehavior [ RunTime:0.000363s ]
INFO: [ app_begin ] --END-- [ RunTime:0.000656s ]
SQL: SHOW COLUMNS FROM `user` [ RunTime:0.0007s ]
SQL: UPDATE `user` SET `practice`='0' WHERE ( uid='5' ) [ RunTime:0.0061s ]

[ 2017-10-12T17:38:49+08:00 ] 58.56.25.158 /index.php/Admin/Person/practice
INFO: [ app_begin ] --START--
INFO: Run Behavior\ReadHtmlCacheBehavior [ RunTime:0.000348s ]
INFO: [ app_begin ] --END-- [ RunTime:0.000609s ]
SQL: SHOW COLUMNS FROM `user` [ RunTime:0.0006s ]
SQL: UPDATE `user` SET `practice`='1' WHERE ( uid='5' ) [ RunTime:0.0060s ]

[ 2017-10-12T17:45:22+08:00 ] 58.56.25.158 /index.php/Admin/Person/addtest
INFO: [ app_begin ] --START--
INFO: Run Behavior\ReadHtmlCacheBehavior [ RunTime:0.000397s ]
INFO: [ app_begin ] --END-- [ RunTime:0.000676s ]
SQL: SHOW COLUMNS FROM `user` [ RunTime:0.0006s ]
SQL: UPDATE `user` SET `test1`='15' WHERE ( uid='22' ) [ RunTime:0.0078s ]

[ 2017-10-12T17:45:29+08:00 ] 58.56.25.158 /index.php/Admin/Person/addtest
INFO: [ app_begin ] --START--
INFO: Run Behavior\ReadHtmlCacheBehavior [ RunTime:0.000433s ]
INFO: [ app_begin ] --END-- [ RunTime:0.000720s ]
SQL: SHOW COLUMNS FROM `user` [ RunTime:0.0006s ]
SQL: UPDATE `user` SET `test1`='0' WHERE ( uid='22' ) [ RunTime:0.0061s ]

[ 2017-10-12T17:48:26+08:00 ] 58.56.25.158 /index.php/Admin/Person/addtest
INFO: [ app_begin ] --START--
INFO: Run Behavior\ReadHtmlCacheBehavior [ RunTime:0.000343s ]
INFO: [ app_begin ] --END-- [ RunTime:0.000648s ]
SQL: SHOW COLUMNS FROM `user` [ RunTime:0.0006s ]
SQL: UPDATE `user` SET `test1`='19' WHERE ( uid='44' ) [ RunTime:0.0071s ]

[ 2017-10-12T17:48:32+08:00 ] 58.56.25.158 /index.php/Admin/Person/addtest
INFO: [ app_begin ] --START--
INFO: Run Behavior\ReadHtmlCacheBehavior [ RunTime:0.000364s ]
INFO: [ app_begin ] --END-- [ RunTime:0.000635s ]
SQL: SHOW COLUMNS FROM `user` [ RunTime:0.0005s ]
SQL: UPDATE `user` SET `test1`='0' WHERE ( uid='44' ) [ RunTime:0.0062s ]

[ 2017-10-12T17:50:14+08:00 ] 58.56.25.158 /index.php/Admin/Person/addtest
INFO: [ app_begin ] --START--
INFO: Run Behavior\ReadHtmlCacheBehavior [ RunTime:0.000332s ]
INFO: [ app_begin ] --END-- [ RunTime:0.000620s ]
SQL: SHOW COLUMNS FROM `user` [ RunTime:0.0006s ]
SQL: UPDATE `user` SET `test1`='15' WHERE ( uid='22' ) [ RunTime:0.0061s ]

[ 2017-10-12T17:50:22+08:00 ] 58.56.25.158 /index.php/Admin/Person/addtest
INFO: [ app_begin ] --START--
INFO: Run Behavior\ReadHtmlCacheBehavior [ RunTime:0.000316s ]
INFO: [ app_begin ] --END-- [ RunTime:0.000589s ]
SQL: SHOW COLUMNS FROM `user` [ RunTime:0.0006s ]
SQL: UPDATE `user` SET `test1`='0' WHERE ( uid='22' ) [ RunTime:0.0064s ]

[ 2017-10-12T17:50:28+08:00 ] 58.56.25.158 /index.php/Admin/Person/addtest
INFO: [ app_begin ] --START--
INFO: Run Behavior\ReadHtmlCacheBehavior [ RunTime:0.000332s ]
INFO: [ app_begin ] --END-- [ RunTime:0.000602s ]
SQL: SHOW COLUMNS FROM `user` [ RunTime:0.0007s ]
SQL: UPDATE `user` SET `test1`='19' WHERE ( uid='22' ) [ RunTime:0.0059s ]

[ 2017-10-12T17:50:46+08:00 ] 58.56.25.158 /index.php/Admin/Person/addtest
INFO: [ app_begin ] --START--
INFO: Run Behavior\ReadHtmlCacheBehavior [ RunTime:0.000410s ]
INFO: [ app_begin ] --END-- [ RunTime:0.000734s ]
SQL: SHOW COLUMNS FROM `user` [ RunTime:0.0006s ]
SQL: UPDATE `user` SET `test1`='19' WHERE ( uid='44' ) [ RunTime:0.0056s ]

[ 2017-10-12T17:50:52+08:00 ] 58.56.25.158 /index.php/Admin/Person/addtest
INFO: [ app_begin ] --START--
INFO: Run Behavior\ReadHtmlCacheBehavior [ RunTime:0.000361s ]
INFO: [ app_begin ] --END-- [ RunTime:0.000632s ]
SQL: SHOW COLUMNS FROM `user` [ RunTime:0.0006s ]
SQL: UPDATE `user` SET `test1`='0' WHERE ( uid='44' ) [ RunTime:0.0061s ]

[ 2017-10-12T17:51:02+08:00 ] 58.56.25.158 /index.php/Admin/Person/addtest
INFO: [ app_begin ] --START--
INFO: Run Behavior\ReadHtmlCacheBehavior [ RunTime:0.000367s ]
INFO: [ app_begin ] --END-- [ RunTime:0.000627s ]
SQL: SHOW COLUMNS FROM `user` [ RunTime:0.0007s ]
SQL: UPDATE `user` SET `test1`='19' WHERE ( uid='44' ) [ RunTime:0.0058s ]

[ 2017-10-12T18:28:33+08:00 ] 58.59.25.134 /index.php/Admin/Person/addtest
INFO: [ app_begin ] --START--
INFO: Run Behavior\ReadHtmlCacheBehavior [ RunTime:0.000419s ]
INFO: [ app_begin ] --END-- [ RunTime:0.000702s ]
SQL: SHOW COLUMNS FROM `user` [ RunTime:0.0006s ]
SQL: UPDATE `user` SET `proknowledge`='8,7' WHERE ( uid='44' ) [ RunTime:0.0062s ]

[ 2017-10-12T18:29:41+08:00 ] 58.59.25.134 /index.php/Admin/Person/addtest
INFO: [ app_begin ] --START--
INFO: Run Behavior\ReadHtmlCacheBehavior [ RunTime:0.000412s ]
INFO: [ app_begin ] --END-- [ RunTime:0.000658s ]
SQL: SHOW COLUMNS FROM `user` [ RunTime:0.0007s ]
SQL: UPDATE `user` SET `proknowledge`='8,7' WHERE ( uid='48' ) [ RunTime:0.0057s ]

[ 2017-10-12T18:30:23+08:00 ] 58.59.25.134 /index.php/Admin/Person/addtest
INFO: [ app_begin ] --START--
INFO: Run Behavior\ReadHtmlCacheBehavior [ RunTime:0.000314s ]
INFO: [ app_begin ] --END-- [ RunTime:0.000566s ]
SQL: SHOW COLUMNS FROM `user` [ RunTime:0.0005s ]
SQL: UPDATE `user` SET `proknowledge`='8,7' WHERE ( uid='44' ) [ RunTime:0.0059s ]

[ 2017-10-12T18:30:38+08:00 ] 58.59.25.134 /index.php/Admin/Person/addtest
INFO: [ app_begin ] --START--
INFO: Run Behavior\ReadHtmlCacheBehavior [ RunTime:0.000336s ]
INFO: [ app_begin ] --END-- [ RunTime:0.000586s ]
SQL: SHOW COLUMNS FROM `user` [ RunTime:0.0005s ]
SQL: UPDATE `user` SET `proknowledge`='8,7' WHERE ( uid='44' ) [ RunTime:0.0072s ]

[ 2017-10-12T18:31:03+08:00 ] 58.59.25.134 /index.php/Admin/Person/addtest
INFO: [ app_begin ] --START--
INFO: Run Behavior\ReadHtmlCacheBehavior [ RunTime:0.000315s ]
INFO: [ app_begin ] --END-- [ RunTime:0.000606s ]
SQL: SHOW COLUMNS FROM `user` [ RunTime:0.0007s ]
SQL: UPDATE `user` SET `proknowledge`='8,7' WHERE ( uid='42' ) [ RunTime:0.0072s ]

