[ 2017-10-30T09:53:25+08:00 ] 58.59.0.246 /index.php/Admin/Person/addtest
INFO: [ app_begin ] --START--
INFO: Run Behavior\ReadHtmlCacheBehavior [ RunTime:0.000297s ]
INFO: [ app_begin ] --END-- [ RunTime:0.000531s ]
SQL: SHOW COLUMNS FROM `user` [ RunTime:0.0006s ]
SQL: UPDATE `user` SET `speechcase`='22' WHERE ( uid='62' ) [ RunTime:0.0066s ]

[ 2017-10-30T13:39:05+08:00 ] 58.59.0.246 /index.php/Admin/Person/status
INFO: [ app_begin ] --START--
INFO: Run Behavior\ReadHtmlCacheBehavior [ RunTime:0.000302s ]
INFO: [ app_begin ] --END-- [ RunTime:0.000549s ]
SQL: SHOW COLUMNS FROM `user` [ RunTime:0.0005s ]
SQL: UPDATE `user` SET `status`='0' WHERE ( uid='60' ) [ RunTime:0.0059s ]

[ 2017-10-30T13:39:06+08:00 ] 58.59.0.246 /index.php/Admin/Person/status
INFO: [ app_begin ] --START--
INFO: Run Behavior\ReadHtmlCacheBehavior [ RunTime:0.000350s ]
INFO: [ app_begin ] --END-- [ RunTime:0.012625s ]
SQL: SHOW COLUMNS FROM `user` [ RunTime:0.0005s ]
SQL: UPDATE `user` SET `status`='1' WHERE ( uid='60' ) [ RunTime:0.0109s ]

[ 2017-10-30T14:37:34+08:00 ] 58.59.0.246 /index.php/Admin/Person/status
INFO: [ app_begin ] --START--
INFO: Run Behavior\ReadHtmlCacheBehavior [ RunTime:0.000436s ]
INFO: [ app_begin ] --END-- [ RunTime:0.000782s ]
SQL: SHOW COLUMNS FROM `user` [ RunTime:0.0006s ]
SQL: UPDATE `user` SET `status`='0' WHERE ( uid='52' ) [ RunTime:0.0088s ]

[ 2017-10-30T14:37:47+08:00 ] 58.59.0.246 /index.php/Admin/Person/status
INFO: [ app_begin ] --START--
INFO: Run Behavior\ReadHtmlCacheBehavior [ RunTime:0.000329s ]
INFO: [ app_begin ] --END-- [ RunTime:0.000564s ]
SQL: SHOW COLUMNS FROM `user` [ RunTime:0.0006s ]
SQL: UPDATE `user` SET `status`='1' WHERE ( uid='52' ) [ RunTime:0.0065s ]

[ 2017-10-30T14:49:54+08:00 ] 58.59.0.246 /index.php/Admin/Person/status
INFO: [ app_begin ] --START--
INFO: Run Behavior\ReadHtmlCacheBehavior [ RunTime:0.000397s ]
INFO: [ app_begin ] --END-- [ RunTime:0.000644s ]
SQL: SHOW COLUMNS FROM `user` [ RunTime:0.0006s ]
SQL: UPDATE `user` SET `status`='0' WHERE ( uid='52' ) [ RunTime:0.0054s ]

[ 2017-10-30T14:50:58+08:00 ] 58.59.0.246 /index.php/Admin/Person/status
INFO: [ app_begin ] --START--
INFO: Run Behavior\ReadHtmlCacheBehavior [ RunTime:0.000316s ]
INFO: [ app_begin ] --END-- [ RunTime:0.000562s ]
SQL: SHOW COLUMNS FROM `user` [ RunTime:0.0006s ]
SQL: UPDATE `user` SET `status`='0' WHERE ( uid='38' ) [ RunTime:0.0061s ]

[ 2017-10-30T14:51:07+08:00 ] 58.59.0.246 /index.php/Admin/Person/status
INFO: [ app_begin ] --START--
INFO: Run Behavior\ReadHtmlCacheBehavior [ RunTime:0.000320s ]
INFO: [ app_begin ] --END-- [ RunTime:0.000550s ]
SQL: SHOW COLUMNS FROM `user` [ RunTime:0.0006s ]
SQL: UPDATE `user` SET `status`='0' WHERE ( uid='26' ) [ RunTime:0.0058s ]

[ 2017-10-30T14:51:18+08:00 ] 58.59.0.246 /index.php/Admin/Person/status
INFO: [ app_begin ] --START--
INFO: Run Behavior\ReadHtmlCacheBehavior [ RunTime:0.000370s ]
INFO: [ app_begin ] --END-- [ RunTime:0.000628s ]
SQL: SHOW COLUMNS FROM `user` [ RunTime:0.0006s ]
SQL: UPDATE `user` SET `status`='0' WHERE ( uid='20' ) [ RunTime:0.0071s ]

[ 2017-10-30T14:55:38+08:00 ] 58.59.0.246 /index.php/Admin/Person/status
INFO: [ app_begin ] --START--
INFO: Run Behavior\ReadHtmlCacheBehavior [ RunTime:0.000365s ]
INFO: [ app_begin ] --END-- [ RunTime:0.000595s ]
SQL: SHOW COLUMNS FROM `user` [ RunTime:0.0006s ]
SQL: UPDATE `user` SET `status`='0' WHERE ( uid='23' ) [ RunTime:0.0058s ]

[ 2017-10-30T14:56:14+08:00 ] 58.59.0.246 /index.php/Admin/Person/status
INFO: [ app_begin ] --START--
INFO: Run Behavior\ReadHtmlCacheBehavior [ RunTime:0.000365s ]
INFO: [ app_begin ] --END-- [ RunTime:0.000661s ]
SQL: SHOW COLUMNS FROM `user` [ RunTime:0.0006s ]
SQL: UPDATE `user` SET `status`='0' WHERE ( uid='54' ) [ RunTime:0.0057s ]

[ 2017-10-30T14:56:32+08:00 ] 58.59.0.246 /index.php/Admin/Person/status
INFO: [ app_begin ] --START--
INFO: Run Behavior\ReadHtmlCacheBehavior [ RunTime:0.000361s ]
INFO: [ app_begin ] --END-- [ RunTime:0.000608s ]
SQL: SHOW COLUMNS FROM `user` [ RunTime:0.0006s ]
SQL: UPDATE `user` SET `status`='0' WHERE ( uid='60' ) [ RunTime:0.0060s ]

