[ 2017-12-28T14:40:43+08:00 ] 58.56.25.158 /index.php/Admin/Admin/isexam
INFO: [ app_begin ] --START--
INFO: Run Behavior\ReadHtmlCacheBehavior [ RunTime:0.000377s ]
INFO: [ app_begin ] --END-- [ RunTime:0.000636s ]
NOTIC: [8] Use of undefined constant POST - assumed 'POST' /home/wwwroot/tp3.2.3/Application/Admin/Controller/AdminController.class.php 第 32 行.
SQL: SHOW COLUMNS FROM `user` [ RunTime:0.0006s ]
SQL: UPDATE `user` SET `isexam`='0' WHERE ( uid = 88 ) [ RunTime:0.0072s ]

[ 2017-12-28T14:42:43+08:00 ] 58.56.25.158 /index.php/Admin/Admin/isexam
INFO: [ app_begin ] --START--
INFO: Run Behavior\ReadHtmlCacheBehavior [ RunTime:0.000306s ]
INFO: [ app_begin ] --END-- [ RunTime:0.000559s ]
NOTIC: [8] Use of undefined constant POST - assumed 'POST' /home/wwwroot/tp3.2.3/Application/Admin/Controller/AdminController.class.php 第 32 行.
SQL: SHOW COLUMNS FROM `user` [ RunTime:0.0005s ]
SQL: UPDATE `user` SET `isexam`='0' WHERE ( uid = 87 ) [ RunTime:0.0058s ]

[ 2017-12-28T14:43:18+08:00 ] 58.56.25.158 /index.php/Admin/Person/addtest
INFO: [ app_begin ] --START--
INFO: Run Behavior\ReadHtmlCacheBehavior [ RunTime:0.000299s ]
INFO: [ app_begin ] --END-- [ RunTime:0.000531s ]
SQL: SHOW COLUMNS FROM `user` [ RunTime:0.0006s ]
SQL: UPDATE `user` SET `test1`='27' WHERE ( uid='88' ) [ RunTime:0.0169s ]

[ 2017-12-28T14:44:42+08:00 ] 58.56.25.158 /index.php/Admin/Admin/isexam
INFO: [ app_begin ] --START--
INFO: Run Behavior\ReadHtmlCacheBehavior [ RunTime:0.000345s ]
INFO: [ app_begin ] --END-- [ RunTime:0.000583s ]
NOTIC: [8] Use of undefined constant POST - assumed 'POST' /home/wwwroot/tp3.2.3/Application/Admin/Controller/AdminController.class.php 第 32 行.
SQL: SHOW COLUMNS FROM `user` [ RunTime:0.0006s ]
SQL: UPDATE `user` SET `isexam`='0' WHERE ( uid = 88 ) [ RunTime:0.0055s ]

[ 2017-12-28T15:01:37+08:00 ] 58.59.0.246 /index.php/Admin/Person/addtest
INFO: [ app_begin ] --START--
INFO: Run Behavior\ReadHtmlCacheBehavior [ RunTime:0.000305s ]
INFO: [ app_begin ] --END-- [ RunTime:0.000562s ]
SQL: SHOW COLUMNS FROM `user` [ RunTime:0.0006s ]
SQL: UPDATE `user` SET `proknowledge`='19,0' WHERE ( uid='89' ) [ RunTime:0.0099s ]

[ 2017-12-28T17:30:18+08:00 ] 58.56.25.158 /index.php/Admin/Admin/isexam
INFO: [ app_begin ] --START--
INFO: Run Behavior\ReadHtmlCacheBehavior [ RunTime:0.000308s ]
INFO: [ app_begin ] --END-- [ RunTime:0.000604s ]
NOTIC: [8] Use of undefined constant POST - assumed 'POST' /home/wwwroot/tp3.2.3/Application/Admin/Controller/AdminController.class.php 第 32 行.
SQL: SHOW COLUMNS FROM `user` [ RunTime:0.0006s ]
SQL: UPDATE `user` SET `isexam`='0' WHERE ( uid = 88 ) [ RunTime:0.0066s ]

