[ 2018-04-16T10:48:51+08:00 ] 58.59.0.246 /index.php/Admin/Person/status
INFO: [ app_begin ] --START--
INFO: Run Behavior\ReadHtmlCacheBehavior [ RunTime:0.000344s ]
INFO: [ app_begin ] --END-- [ RunTime:0.000690s ]
SQL: SHOW COLUMNS FROM `user` [ RunTime:0.0007s ]
SQL: UPDATE `user` SET `status`='0' WHERE ( uid='125' ) [ RunTime:0.0289s ]

[ 2018-04-16T10:49:26+08:00 ] 58.56.25.158 /index.php/Admin/Test/upload
ERR: 1048:Column 'answer' cannot be null
 [ SQL语句 ] : INSERT INTO `question` (`filetype`,`type`,`group`,`question`,`selectnumber`,`select`,`answer`) VALUES ('2','1','13','1.激素脸的形成与使用以下哪种产品有关？','4','抗生素产品|胰岛素产品|盐皮质激素产品|糖皮质激素产品',NULL)

[ 2018-04-16T10:55:09+08:00 ] 58.56.25.158 /index.php/Admin/Test/upload
ERR: 1048:Column 'answer' cannot be null
 [ SQL语句 ] : INSERT INTO `question` (`filetype`,`type`,`group`,`question`,`selectnumber`,`select`,`answer`) VALUES ('1','1','13','美国DH第一批产品于     年在美国上市，于2015年底引入国内。','4','1982|1980|1990|1990',NULL)

[ 2018-04-16T13:33:38+08:00 ] 58.59.0.246 /index.php/Admin/Person/addtest
INFO: [ app_begin ] --START--
INFO: Run Behavior\ReadHtmlCacheBehavior [ RunTime:0.000400s ]
INFO: [ app_begin ] --END-- [ RunTime:0.000679s ]
SQL: SHOW COLUMNS FROM `user` [ RunTime:0.0006s ]
SQL: UPDATE `user` SET `test2`='38' WHERE ( uid='132' ) [ RunTime:0.0095s ]

[ 2018-04-16T13:34:28+08:00 ] 58.59.0.246 /index.php/Admin/Person/addtest
INFO: [ app_begin ] --START--
INFO: Run Behavior\ReadHtmlCacheBehavior [ RunTime:0.000385s ]
INFO: [ app_begin ] --END-- [ RunTime:0.000659s ]
SQL: SHOW COLUMNS FROM `user` [ RunTime:0.0006s ]
SQL: UPDATE `user` SET `test2`='38' WHERE ( uid='133' ) [ RunTime:0.0068s ]

[ 2018-04-16T13:35:03+08:00 ] 58.59.0.246 /index.php/Admin/Person/addtest
INFO: [ app_begin ] --START--
INFO: Run Behavior\ReadHtmlCacheBehavior [ RunTime:0.000409s ]
INFO: [ app_begin ] --END-- [ RunTime:0.000664s ]
SQL: SHOW COLUMNS FROM `user` [ RunTime:0.0006s ]
SQL: UPDATE `user` SET `test2`='38' WHERE ( uid='134' ) [ RunTime:0.0061s ]

[ 2018-04-16T13:35:36+08:00 ] 58.59.0.246 /index.php/Admin/Person/addtest
INFO: [ app_begin ] --START--
INFO: Run Behavior\ReadHtmlCacheBehavior [ RunTime:0.000381s ]
INFO: [ app_begin ] --END-- [ RunTime:0.000745s ]
SQL: SHOW COLUMNS FROM `user` [ RunTime:0.0007s ]
SQL: UPDATE `user` SET `test2`='38' WHERE ( uid='135' ) [ RunTime:0.0076s ]

[ 2018-04-16T13:36:02+08:00 ] 58.59.0.246 /index.php/Admin/Person/addtest
INFO: [ app_begin ] --START--
INFO: Run Behavior\ReadHtmlCacheBehavior [ RunTime:0.000538s ]
INFO: [ app_begin ] --END-- [ RunTime:0.000902s ]
SQL: SHOW COLUMNS FROM `user` [ RunTime:0.0007s ]
SQL: UPDATE `user` SET `test2`='38' WHERE ( uid='136' ) [ RunTime:0.0066s ]

[ 2018-04-16T13:36:34+08:00 ] 58.59.0.246 /index.php/Admin/Person/addtest
INFO: [ app_begin ] --START--
INFO: Run Behavior\ReadHtmlCacheBehavior [ RunTime:0.000344s ]
INFO: [ app_begin ] --END-- [ RunTime:0.000687s ]
SQL: SHOW COLUMNS FROM `user` [ RunTime:0.0007s ]
SQL: UPDATE `user` SET `test2`='38' WHERE ( uid='137' ) [ RunTime:0.0077s ]

[ 2018-04-16T13:53:10+08:00 ] 58.56.25.158 /index.php/Admin/Person/addtest
INFO: [ app_begin ] --START--
INFO: Run Behavior\ReadHtmlCacheBehavior [ RunTime:0.000375s ]
INFO: [ app_begin ] --END-- [ RunTime:0.000670s ]
SQL: SHOW COLUMNS FROM `user` [ RunTime:0.0006s ]
SQL: UPDATE `user` SET `test2`='39,0' WHERE ( uid='127' ) [ RunTime:0.0073s ]

[ 2018-04-16T14:47:22+08:00 ] 58.56.25.158 /index.php/Admin/Person/updategrade2
INFO: [ app_begin ] --START--
INFO: Run Behavior\ReadHtmlCacheBehavior [ RunTime:0.000431s ]
INFO: [ app_begin ] --END-- [ RunTime:0.000765s ]
SQL: SHOW COLUMNS FROM `grade` [ RunTime:0.0005s ]
SQL: SELECT `grade1` FROM `grade` WHERE ( gid = 161 ) LIMIT 1   [ RunTime:0.0002s ]
SQL: UPDATE `grade` SET `grade1`='10',`grade2`='80',`isgrade2`='1',`grade`='90' WHERE ( gid = 161 ) [ RunTime:0.0002s ]

[ 2018-04-16T15:45:55+08:00 ] 58.59.0.246 /index.php/Admin/Person/updategrade2
INFO: [ app_begin ] --START--
INFO: Run Behavior\ReadHtmlCacheBehavior [ RunTime:0.000346s ]
INFO: [ app_begin ] --END-- [ RunTime:0.000655s ]
SQL: SHOW COLUMNS FROM `grade` [ RunTime:0.0005s ]
SQL: SELECT `grade1` FROM `grade` WHERE ( gid = 167 ) LIMIT 1   [ RunTime:0.0002s ]
SQL: UPDATE `grade` SET `grade1`='0',`grade2`='82',`isgrade2`='1',`grade`='82' WHERE ( gid = 167 ) [ RunTime:0.0002s ]

[ 2018-04-16T15:55:28+08:00 ] 58.59.0.246 /index.php/Admin/Admin/isexam
INFO: [ app_begin ] --START--
INFO: Run Behavior\ReadHtmlCacheBehavior [ RunTime:0.000454s ]
INFO: [ app_begin ] --END-- [ RunTime:0.000743s ]
NOTIC: [8] Use of undefined constant POST - assumed 'POST' /home/wwwroot/tp3.2.3/Application/Admin/Controller/AdminController.class.php 第 32 行.
SQL: SHOW COLUMNS FROM `user` [ RunTime:0.0006s ]
SQL: UPDATE `user` SET `isexam`='0' WHERE ( uid = 130 ) [ RunTime:0.0065s ]

[ 2018-04-16T15:56:48+08:00 ] 58.59.0.246 /index.php/Admin/Person/updategrade2
INFO: [ app_begin ] --START--
INFO: Run Behavior\ReadHtmlCacheBehavior [ RunTime:0.000373s ]
INFO: [ app_begin ] --END-- [ RunTime:0.000716s ]
SQL: SHOW COLUMNS FROM `grade` [ RunTime:0.0005s ]
SQL: SELECT `grade1` FROM `grade` WHERE ( gid = 166 ) LIMIT 1   [ RunTime:0.0002s ]
SQL: UPDATE `grade` SET `grade1`='0',`grade2`='75',`isgrade2`='1',`grade`='75' WHERE ( gid = 166 ) [ RunTime:0.0003s ]

[ 2018-04-16T15:58:08+08:00 ] 58.59.0.246 /index.php/Admin/Person/updategrade2
INFO: [ app_begin ] --START--
INFO: Run Behavior\ReadHtmlCacheBehavior [ RunTime:0.000448s ]
INFO: [ app_begin ] --END-- [ RunTime:0.000706s ]
SQL: SHOW COLUMNS FROM `grade` [ RunTime:0.0006s ]
SQL: SELECT `grade1` FROM `grade` WHERE ( gid = 163 ) LIMIT 1   [ RunTime:0.0002s ]
SQL: UPDATE `grade` SET `grade1`='0',`grade2`='82',`isgrade2`='1',`grade`='82' WHERE ( gid = 163 ) [ RunTime:0.0002s ]

[ 2018-04-16T16:19:46+08:00 ] 58.56.25.158 /index.php/Admin/Admin/isexam
INFO: [ app_begin ] --START--
INFO: Run Behavior\ReadHtmlCacheBehavior [ RunTime:0.000381s ]
INFO: [ app_begin ] --END-- [ RunTime:0.000632s ]
NOTIC: [8] Use of undefined constant POST - assumed 'POST' /home/wwwroot/tp3.2.3/Application/Admin/Controller/AdminController.class.php 第 32 行.
SQL: SHOW COLUMNS FROM `user` [ RunTime:0.0006s ]
SQL: UPDATE `user` SET `isexam`='0' WHERE ( uid = 118 ) [ RunTime:0.0235s ]

[ 2018-04-16T16:21:33+08:00 ] 58.59.0.246 /index.php/Admin/Person/updategrade2
INFO: [ app_begin ] --START--
INFO: Run Behavior\ReadHtmlCacheBehavior [ RunTime:0.000339s ]
INFO: [ app_begin ] --END-- [ RunTime:0.000589s ]
SQL: SHOW COLUMNS FROM `grade` [ RunTime:0.0006s ]
SQL: SELECT `grade1` FROM `grade` WHERE ( gid = 165 ) LIMIT 1   [ RunTime:0.0002s ]
SQL: UPDATE `grade` SET `grade1`='0',`grade2`='73',`isgrade2`='1',`grade`='73' WHERE ( gid = 165 ) [ RunTime:0.0003s ]

[ 2018-04-16T16:25:35+08:00 ] 58.59.0.246 /index.php/Admin/Person/updategrade2
INFO: [ app_begin ] --START--
INFO: Run Behavior\ReadHtmlCacheBehavior [ RunTime:0.000390s ]
INFO: [ app_begin ] --END-- [ RunTime:0.000740s ]
SQL: SHOW COLUMNS FROM `grade` [ RunTime:0.0005s ]
SQL: SELECT `grade1` FROM `grade` WHERE ( gid = 164 ) LIMIT 1   [ RunTime:0.0002s ]
SQL: UPDATE `grade` SET `grade1`='0',`grade2`='75',`isgrade2`='1',`grade`='75' WHERE ( gid = 164 ) [ RunTime:0.0002s ]

[ 2018-04-16T16:26:55+08:00 ] 58.59.0.246 /index.php/Admin/Person/updategrade2
INFO: [ app_begin ] --START--
INFO: Run Behavior\ReadHtmlCacheBehavior [ RunTime:0.000396s ]
INFO: [ app_begin ] --END-- [ RunTime:0.000698s ]
SQL: SHOW COLUMNS FROM `grade` [ RunTime:0.0007s ]
SQL: SELECT `grade1` FROM `grade` WHERE ( gid = 162 ) LIMIT 1   [ RunTime:0.0002s ]
SQL: UPDATE `grade` SET `grade1`='0',`grade2`='76',`isgrade2`='1',`grade`='76' WHERE ( gid = 162 ) [ RunTime:0.0002s ]

[ 2018-04-16T16:57:33+08:00 ] 58.59.0.246 /index.php/Admin/Person/updategrade2
INFO: [ app_begin ] --START--
INFO: Run Behavior\ReadHtmlCacheBehavior [ RunTime:0.000392s ]
INFO: [ app_begin ] --END-- [ RunTime:0.000645s ]
SQL: SHOW COLUMNS FROM `grade` [ RunTime:0.0005s ]
SQL: SELECT `grade1` FROM `grade` WHERE ( gid = 168 ) LIMIT 1   [ RunTime:0.0002s ]
SQL: UPDATE `grade` SET `grade1`='0',`grade2`='84',`isgrade2`='1',`grade`='84' WHERE ( gid = 168 ) [ RunTime:0.0003s ]

[ 2018-04-16T17:00:43+08:00 ] 58.59.0.246 /index.php/Admin/Person/updategrade2
INFO: [ app_begin ] --START--
INFO: Run Behavior\ReadHtmlCacheBehavior [ RunTime:0.000337s ]
INFO: [ app_begin ] --END-- [ RunTime:0.000588s ]
SQL: SHOW COLUMNS FROM `grade` [ RunTime:0.0005s ]
SQL: SELECT `grade1` FROM `grade` WHERE ( gid = 169 ) LIMIT 1   [ RunTime:0.0002s ]
SQL: UPDATE `grade` SET `grade1`='0',`grade2`='92',`isgrade2`='1',`grade`='92' WHERE ( gid = 169 ) [ RunTime:0.0002s ]

