[ 2018-03-10T11:19:37+08:00 ] 58.59.0.246 /index.php/Admin/Person/addtest
INFO: [ app_begin ] --START--
INFO: Run Behavior\ReadHtmlCacheBehavior [ RunTime:0.000479s ]
INFO: [ app_begin ] --END-- [ RunTime:0.000868s ]
SQL: SHOW COLUMNS FROM `user` [ RunTime:0.0007s ]
SQL: UPDATE `user` SET `speechcase`='20,0' WHERE ( uid='108' ) [ RunTime:0.0128s ]

[ 2018-03-10T13:47:47+08:00 ] 58.59.0.246 /index.php/Admin/Person/addtest
INFO: [ app_begin ] --START--
INFO: Run Behavior\ReadHtmlCacheBehavior [ RunTime:0.000576s ]
INFO: [ app_begin ] --END-- [ RunTime:0.000964s ]
SQL: SHOW COLUMNS FROM `user` [ RunTime:0.0009s ]
SQL: UPDATE `user` SET `proknowledge`='19,6,0' WHERE ( uid='101' ) [ RunTime:0.0077s ]

[ 2018-03-10T16:41:24+08:00 ] 58.59.0.246 /index.php/Admin/Person/addtest
INFO: [ app_begin ] --START--
INFO: Run Behavior\ReadHtmlCacheBehavior [ RunTime:0.000459s ]
INFO: [ app_begin ] --END-- [ RunTime:0.000830s ]
SQL: SHOW COLUMNS FROM `user` [ RunTime:0.0007s ]
SQL: UPDATE `user` SET `speechcase`='22,0' WHERE ( uid='110' ) [ RunTime:0.0076s ]

[ 2018-03-10T17:14:22+08:00 ] 58.59.0.246 /index.php/Admin/Person/addtest
INFO: [ app_begin ] --START--
INFO: Run Behavior\ReadHtmlCacheBehavior [ RunTime:0.000389s ]
INFO: [ app_begin ] --END-- [ RunTime:0.000712s ]
SQL: SHOW COLUMNS FROM `user` [ RunTime:0.0007s ]
SQL: UPDATE `user` SET `proknowledge`='21,6,0' WHERE ( uid='110' ) [ RunTime:0.0066s ]

[ 2018-03-10T17:21:12+08:00 ] 58.59.0.246 /index.php/Admin/Person/addtest
INFO: [ app_begin ] --START--
INFO: Run Behavior\ReadHtmlCacheBehavior [ RunTime:0.000448s ]
INFO: [ app_begin ] --END-- [ RunTime:0.000721s ]
SQL: SHOW COLUMNS FROM `user` [ RunTime:0.0008s ]
SQL: UPDATE `user` SET `speechcase`='22,20,0' WHERE ( uid='110' ) [ RunTime:0.0074s ]

