[ 2018-04-20T09:50:13+08:00 ] 58.56.25.158 /index.php/Admin/Person/addtest
INFO: [ app_begin ] --START--
INFO: Run Behavior\ReadHtmlCacheBehavior [ RunTime:0.000429s ]
INFO: [ app_begin ] --END-- [ RunTime:0.000725s ]
SQL: SHOW COLUMNS FROM `user` [ RunTime:0.0007s ]
SQL: UPDATE `user` SET `proknowledge`='16,0' WHERE ( uid='138' ) [ RunTime:0.0083s ]

[ 2018-04-20T09:50:27+08:00 ] 58.56.25.158 /index.php/Admin/Person/addtest
INFO: [ app_begin ] --START--
INFO: Run Behavior\ReadHtmlCacheBehavior [ RunTime:0.000371s ]
INFO: [ app_begin ] --END-- [ RunTime:0.000671s ]
SQL: SHOW COLUMNS FROM `user` [ RunTime:0.0007s ]
SQL: UPDATE `user` SET `test2`='30,0' WHERE ( uid='138' ) [ RunTime:0.0061s ]

[ 2018-04-20T11:01:21+08:00 ] 58.56.25.158 /index.php/Admin/Person/updategrade2
INFO: [ app_begin ] --START--
INFO: Run Behavior\ReadHtmlCacheBehavior [ RunTime:0.000355s ]
INFO: [ app_begin ] --END-- [ RunTime:0.000609s ]
SQL: SHOW COLUMNS FROM `grade` [ RunTime:0.0006s ]
SQL: SELECT `grade1` FROM `grade` WHERE ( gid = 170 ) LIMIT 1   [ RunTime:0.0002s ]
SQL: UPDATE `grade` SET `grade1`='0',`grade2`='79',`isgrade2`='1',`grade`='79' WHERE ( gid = 170 ) [ RunTime:0.0003s ]

[ 2018-04-20T16:22:00+08:00 ] 58.59.0.246 /index.php/Admin/Person/addtest
INFO: [ app_begin ] --START--
INFO: Run Behavior\ReadHtmlCacheBehavior [ RunTime:0.000340s ]
INFO: [ app_begin ] --END-- [ RunTime:0.000595s ]
SQL: SHOW COLUMNS FROM `user` [ RunTime:0.0006s ]
SQL: UPDATE `user` SET `proknowledge`='19,0' WHERE ( uid='142' ) [ RunTime:0.0069s ]

