[ 2018-06-18T13:25:15+08:00 ] 58.56.25.158 /index.php/Admin/Person/updategrade2
INFO: [ app_begin ] --START--
INFO: Run Behavior\ReadHtmlCacheBehavior [ RunTime:0.000457s ]
INFO: [ app_begin ] --END-- [ RunTime:0.000742s ]
SQL: SHOW COLUMNS FROM `grade` [ RunTime:0.0006s ]
SQL: SELECT `grade1` FROM `grade` WHERE ( gid = 184 ) LIMIT 1   [ RunTime:0.0002s ]
SQL: UPDATE `grade` SET `grade1`='38',`grade2`='54',`isgrade2`='1',`grade`='92' WHERE ( gid = 184 ) [ RunTime:0.0002s ]

[ 2018-06-18T13:26:14+08:00 ] 58.56.25.158 /index.php/Admin/Person/updategrade2
INFO: [ app_begin ] --START--
INFO: Run Behavior\ReadHtmlCacheBehavior [ RunTime:0.000415s ]
INFO: [ app_begin ] --END-- [ RunTime:0.000687s ]
SQL: SHOW COLUMNS FROM `grade` [ RunTime:0.0006s ]
SQL: SELECT `grade1` FROM `grade` WHERE ( gid = 185 ) LIMIT 1   [ RunTime:0.0003s ]
SQL: UPDATE `grade` SET `grade1`='38',`grade2`='50',`isgrade2`='1',`grade`='88' WHERE ( gid = 185 ) [ RunTime:0.0003s ]

[ 2018-06-18T13:27:40+08:00 ] 58.56.25.158 /index.php/Admin/Person/updategrade2
INFO: [ app_begin ] --START--
INFO: Run Behavior\ReadHtmlCacheBehavior [ RunTime:0.000389s ]
INFO: [ app_begin ] --END-- [ RunTime:0.000688s ]
SQL: SHOW COLUMNS FROM `grade` [ RunTime:0.0007s ]
SQL: SELECT `grade1` FROM `grade` WHERE ( gid = 180 ) LIMIT 1   [ RunTime:0.0002s ]
SQL: UPDATE `grade` SET `grade1`='42',`grade2`='52',`isgrade2`='1',`grade`='94' WHERE ( gid = 180 ) [ RunTime:0.0002s ]

